<?xml version="1.0" encoding="UTF-8"?>
<!-- Generated by org.testng.reporters.JUnitXMLReporter -->
<testsuite hostname="hms-update4" name="Test" tests="174" failures="13" timestamp="28 Aug 2017 06:30:48 GMT" time="5899.035" errors="0">
  <testcase name="@AfterMethod Close_Br" time="0.0" classname="com.hms.hotelogix.automationframework.tests.admin.RoomsManager.RoomTypes.RoomTypeTest">
    <failure type="org.openqa.selenium.remote.UnreachableBrowserException" message="Error communicating with the remote browser. It may have died.
Build info: version: &amp;apos;2.53.0&amp;apos;, revision: &amp;apos;35ae25b1534ae328c771e0856c93e187490ca824&amp;apos;, time: &amp;apos;2016-03-15 10:43:46&amp;apos;
System info: host: &amp;apos;hms-update4&amp;apos;, ip: &amp;apos;192.168.2.115&amp;apos;, os.name: &amp;apos;Windows 7&amp;apos;, os.arch: &amp;apos;x86&amp;apos;, os.version: &amp;apos;6.1&amp;apos;, java.version: &amp;apos;1.8.0_65&amp;apos;
Driver info: driver.version: RemoteWebDriver
Capabilities [{applicationCacheEnabled=true, rotatable=false, handlesAlerts=true, databaseEnabled=true, version=40.0.3, platform=WINDOWS, nativeEvents=false, acceptSslCerts=true, webStorageEnabled=true, locationContextEnabled=true, browserName=firefox, takesScreenshot=true, javascriptEnabled=true, cssSelectorsEnabled=true}]
Session ID: f2765bf8-f800-45df-ac50-b19527c57910">
      <![CDATA[org.openqa.selenium.remote.UnreachableBrowserException: Error communicating with the remote browser. It may have died.
Build info: version: '2.53.0', revision: '35ae25b1534ae328c771e0856c93e187490ca824', time: '2016-03-15 10:43:46'
System info: host: 'hms-update4', ip: '192.168.2.115', os.name: 'Windows 7', os.arch: 'x86', os.version: '6.1', java.version: '1.8.0_65'
Driver info: driver.version: RemoteWebDriver
Capabilities [{applicationCacheEnabled=true, rotatable=false, handlesAlerts=true, databaseEnabled=true, version=40.0.3, platform=WINDOWS, nativeEvents=false, acceptSslCerts=true, webStorageEnabled=true, locationContextEnabled=true, browserName=firefox, takesScreenshot=true, javascriptEnabled=true, cssSelectorsEnabled=true}]
Session ID: f2765bf8-f800-45df-ac50-b19527c57910
	at org.openqa.selenium.remote.RemoteWebDriver.execute(RemoteWebDriver.java:665)
	at org.openqa.selenium.remote.RemoteWebDriver.execute(RemoteWebDriver.java:701)
	at org.openqa.selenium.remote.RemoteWebDriver.close(RemoteWebDriver.java:521)
	at com.hms.hotelogix.automationframework.tests.admin.RoomsManager.RoomTypes.RoomTypeTest.Close_Br(RoomTypeTest.java:2609)
Caused by: org.apache.http.conn.HttpHostConnectException: Connect to 127.0.0.1:7055 [/127.0.0.1] failed: Connection refused: connect
	at org.apache.http.impl.conn.DefaultHttpClientConnectionOperator.connect(DefaultHttpClientConnectionOperator.java:151)
	at org.apache.http.impl.conn.PoolingHttpClientConnectionManager.connect(PoolingHttpClientConnectionManager.java:353)
	at org.apache.http.impl.execchain.MainClientExec.establishRoute(MainClientExec.java:380)
	at org.apache.http.impl.execchain.MainClientExec.execute(MainClientExec.java:236)
	at org.apache.http.impl.execchain.ProtocolExec.execute(ProtocolExec.java:184)
	at org.apache.http.impl.execchain.RetryExec.execute(RetryExec.java:88)
	at org.apache.http.impl.execchain.RedirectExec.execute(RedirectExec.java:110)
	at org.apache.http.impl.client.InternalHttpClient.doExecute(InternalHttpClient.java:184)
	at org.apache.http.impl.client.CloseableHttpClient.execute(CloseableHttpClient.java:71)
	at org.apache.http.impl.client.CloseableHttpClient.execute(CloseableHttpClient.java:55)
	at org.openqa.selenium.remote.internal.ApacheHttpClient.fallBackExecute(ApacheHttpClient.java:144)
	at org.openqa.selenium.remote.internal.ApacheHttpClient.execute(ApacheHttpClient.java:90)
	at org.openqa.selenium.remote.HttpCommandExecutor.execute(HttpCommandExecutor.java:142)
	at org.openqa.selenium.firefox.internal.NewProfileExtensionConnection.execute(NewProfileExtensionConnection.java:160)
	at org.openqa.selenium.firefox.FirefoxDriver$LazyCommandExecutor.execute(FirefoxDriver.java:380)
	at org.openqa.selenium.remote.RemoteWebDriver.execute(RemoteWebDriver.java:644)
	... 29 more
Caused by: java.net.ConnectException: Connection refused: connect
	at java.net.DualStackPlainSocketImpl.waitForConnect(Native Method)
	at java.net.DualStackPlainSocketImpl.socketConnect(Unknown Source)
	at java.net.AbstractPlainSocketImpl.doConnect(Unknown Source)
	at java.net.AbstractPlainSocketImpl.connectToAddress(Unknown Source)
	at java.net.AbstractPlainSocketImpl.connect(Unknown Source)
	at java.net.PlainSocketImpl.connect(Unknown Source)
	at java.net.SocksSocketImpl.connect(Unknown Source)
	at java.net.Socket.connect(Unknown Source)
	at org.apache.http.conn.socket.PlainConnectionSocketFactory.connectSocket(PlainConnectionSocketFactory.java:74)
	at org.apache.http.impl.conn.DefaultHttpClientConnectionOperator.connect(DefaultHttpClientConnectionOperator.java:134)
	... 44 more
... Removed 26 stack frames]]>
    </failure>
  </testcase> <!-- @AfterMethod Close_Br -->
  <testcase name="@BeforeMethod Login" time="0.0" classname="com.hms.hotelogix.automationframework.tests.admin.RoomsManager.RoomTypes.RoomTypeTest">
    <skipped/>
  </testcase> <!-- @BeforeMethod Login -->
  <testcase name="@AfterMethod Close_Br" time="0.0" classname="com.hms.hotelogix.automationframework.tests.admin.RoomsManager.RoomTypes.RoomTypeTest">
    <skipped/>
  </testcase> <!-- @AfterMethod Close_Br -->
  <testcase name="@BeforeMethod Login" time="0.0" classname="com.hms.hotelogix.automationframework.tests.admin.RoomsManager.RoomTypes.RoomTypeTest">
    <skipped/>
  </testcase> <!-- @BeforeMethod Login -->
  <testcase name="@AfterMethod Close_Br" time="0.0" classname="com.hms.hotelogix.automationframework.tests.admin.RoomsManager.RoomTypes.RoomTypeTest">
    <skipped/>
  </testcase> <!-- @AfterMethod Close_Br -->
  <testcase name="@BeforeMethod Login" time="0.0" classname="com.hms.hotelogix.automationframework.tests.admin.RoomsManager.RoomTypes.RoomTypeTest">
    <skipped/>
  </testcase> <!-- @BeforeMethod Login -->
  <testcase name="@AfterMethod Close_Br" time="0.0" classname="com.hms.hotelogix.automationframework.tests.admin.RoomsManager.RoomTypes.RoomTypeTest">
    <skipped/>
  </testcase> <!-- @AfterMethod Close_Br -->
  <testcase name="@BeforeMethod Login" time="0.0" classname="com.hms.hotelogix.automationframework.tests.admin.RoomsManager.RoomTypes.RoomTypeTest">
    <skipped/>
  </testcase> <!-- @BeforeMethod Login -->
  <testcase name="@AfterMethod Close_Br" time="0.0" classname="com.hms.hotelogix.automationframework.tests.admin.RoomsManager.RoomTypes.RoomTypeTest">
    <skipped/>
  </testcase> <!-- @AfterMethod Close_Br -->
  <testcase name="@BeforeMethod Login" time="0.0" classname="com.hms.hotelogix.automationframework.tests.admin.RoomsManager.RoomTypes.RoomTypeTest">
    <skipped/>
  </testcase> <!-- @BeforeMethod Login -->
  <testcase name="@AfterMethod Close_Br" time="0.0" classname="com.hms.hotelogix.automationframework.tests.admin.RoomsManager.RoomTypes.RoomTypeTest">
    <skipped/>
  </testcase> <!-- @AfterMethod Close_Br -->
  <testcase name="@BeforeMethod Login" time="0.0" classname="com.hms.hotelogix.automationframework.tests.admin.RoomsManager.RoomTypes.RoomTypeTest">
    <skipped/>
  </testcase> <!-- @BeforeMethod Login -->
  <testcase name="@AfterMethod Close_Br" time="0.0" classname="com.hms.hotelogix.automationframework.tests.admin.RoomsManager.RoomTypes.RoomTypeTest">
    <skipped/>
  </testcase> <!-- @AfterMethod Close_Br -->
  <testcase name="@BeforeMethod Login" time="0.0" classname="com.hms.hotelogix.automationframework.tests.admin.RoomsManager.RoomTypes.RoomTypeTest">
    <skipped/>
  </testcase> <!-- @BeforeMethod Login -->
  <testcase name="@AfterMethod Close_Br" time="0.0" classname="com.hms.hotelogix.automationframework.tests.admin.RoomsManager.RoomTypes.RoomTypeTest">
    <skipped/>
  </testcase> <!-- @AfterMethod Close_Br -->
  <testcase name="@BeforeMethod Login" time="0.0" classname="com.hms.hotelogix.automationframework.tests.admin.RoomsManager.RoomTypes.RoomTypeTest">
    <skipped/>
  </testcase> <!-- @BeforeMethod Login -->
  <testcase name="@AfterMethod Close_Br" time="0.0" classname="com.hms.hotelogix.automationframework.tests.admin.RoomsManager.RoomTypes.RoomTypeTest">
    <skipped/>
  </testcase> <!-- @AfterMethod Close_Br -->
  <testcase name="@BeforeMethod Login" time="0.0" classname="com.hms.hotelogix.automationframework.tests.admin.RoomsManager.RoomTypes.RoomTypeTest">
    <skipped/>
  </testcase> <!-- @BeforeMethod Login -->
  <testcase name="@AfterMethod Close_Br" time="0.0" classname="com.hms.hotelogix.automationframework.tests.admin.RoomsManager.RoomTypes.RoomTypeTest">
    <skipped/>
  </testcase> <!-- @AfterMethod Close_Br -->
  <testcase name="@BeforeMethod Login" time="0.0" classname="com.hms.hotelogix.automationframework.tests.admin.RoomsManager.RoomTypes.RoomTypeTest">
    <skipped/>
  </testcase> <!-- @BeforeMethod Login -->
  <testcase name="@AfterMethod Close_Br" time="0.0" classname="com.hms.hotelogix.automationframework.tests.admin.RoomsManager.RoomTypes.RoomTypeTest">
    <skipped/>
  </testcase> <!-- @AfterMethod Close_Br -->
  <testcase name="@BeforeMethod Login" time="0.0" classname="com.hms.hotelogix.automationframework.tests.admin.RoomsManager.RoomTypes.RoomTypeTest">
    <skipped/>
  </testcase> <!-- @BeforeMethod Login -->
  <testcase name="@AfterMethod Close_Br" time="0.0" classname="com.hms.hotelogix.automationframework.tests.admin.RoomsManager.RoomTypes.RoomTypeTest">
    <skipped/>
  </testcase> <!-- @AfterMethod Close_Br -->
  <testcase name="@BeforeMethod Login" time="0.0" classname="com.hms.hotelogix.automationframework.tests.admin.RoomsManager.RoomTypes.RoomTypeTest">
    <skipped/>
  </testcase> <!-- @BeforeMethod Login -->
  <testcase name="@AfterMethod Close_Br" time="0.0" classname="com.hms.hotelogix.automationframework.tests.admin.RoomsManager.RoomTypes.RoomTypeTest">
    <skipped/>
  </testcase> <!-- @AfterMethod Close_Br -->
  <testcase name="@BeforeMethod Login" time="0.0" classname="com.hms.hotelogix.automationframework.tests.admin.RoomsManager.RoomTypes.RoomTypeTest">
    <skipped/>
  </testcase> <!-- @BeforeMethod Login -->
  <testcase name="@AfterMethod Close_Br" time="0.0" classname="com.hms.hotelogix.automationframework.tests.admin.RoomsManager.RoomTypes.RoomTypeTest">
    <skipped/>
  </testcase> <!-- @AfterMethod Close_Br -->
  <testcase name="@BeforeMethod Login" time="0.0" classname="com.hms.hotelogix.automationframework.tests.admin.RoomsManager.RoomTypes.RoomTypeTest">
    <skipped/>
  </testcase> <!-- @BeforeMethod Login -->
  <testcase name="@AfterMethod Close_Br" time="0.0" classname="com.hms.hotelogix.automationframework.tests.admin.RoomsManager.RoomTypes.RoomTypeTest">
    <skipped/>
  </testcase> <!-- @AfterMethod Close_Br -->
  <testcase name="@BeforeMethod Login" time="0.0" classname="com.hms.hotelogix.automationframework.tests.admin.RoomsManager.RoomTypes.RoomTypeTest">
    <skipped/>
  </testcase> <!-- @BeforeMethod Login -->
  <testcase name="@AfterMethod Close_Br" time="0.0" classname="com.hms.hotelogix.automationframework.tests.admin.RoomsManager.RoomTypes.RoomTypeTest">
    <skipped/>
  </testcase> <!-- @AfterMethod Close_Br -->
  <testcase name="@BeforeMethod Login" time="0.0" classname="com.hms.hotelogix.automationframework.tests.admin.RoomsManager.RoomTypes.RoomTypeTest">
    <skipped/>
  </testcase> <!-- @BeforeMethod Login -->
  <testcase name="@AfterMethod Close_Br" time="0.0" classname="com.hms.hotelogix.automationframework.tests.admin.RoomsManager.RoomTypes.RoomTypeTest">
    <skipped/>
  </testcase> <!-- @AfterMethod Close_Br -->
  <testcase name="@BeforeMethod Login" time="0.0" classname="com.hms.hotelogix.automationframework.tests.admin.RoomsManager.RoomTypes.RoomTypeTest">
    <skipped/>
  </testcase> <!-- @BeforeMethod Login -->
  <testcase name="@AfterMethod Close_Br" time="0.0" classname="com.hms.hotelogix.automationframework.tests.admin.RoomsManager.RoomTypes.RoomTypeTest">
    <skipped/>
  </testcase> <!-- @AfterMethod Close_Br -->
  <testcase name="@BeforeMethod Login" time="0.0" classname="com.hms.hotelogix.automationframework.tests.admin.RoomsManager.RoomTypes.RoomTypeTest">
    <skipped/>
  </testcase> <!-- @BeforeMethod Login -->
  <testcase name="@AfterMethod Close_Br" time="0.0" classname="com.hms.hotelogix.automationframework.tests.admin.RoomsManager.RoomTypes.RoomTypeTest">
    <skipped/>
  </testcase> <!-- @AfterMethod Close_Br -->
  <testcase name="@BeforeMethod Login" time="0.0" classname="com.hms.hotelogix.automationframework.tests.admin.RoomsManager.RoomTypes.RoomTypeTest">
    <skipped/>
  </testcase> <!-- @BeforeMethod Login -->
  <testcase name="@AfterMethod Close_Br" time="0.0" classname="com.hms.hotelogix.automationframework.tests.admin.RoomsManager.RoomTypes.RoomTypeTest">
    <skipped/>
  </testcase> <!-- @AfterMethod Close_Br -->
  <testcase name="@BeforeMethod Login" time="0.0" classname="com.hms.hotelogix.automationframework.tests.admin.RoomsManager.RoomTypes.RoomTypeTest">
    <skipped/>
  </testcase> <!-- @BeforeMethod Login -->
  <testcase name="@AfterMethod Close_Br" time="0.0" classname="com.hms.hotelogix.automationframework.tests.admin.RoomsManager.RoomTypes.RoomTypeTest">
    <skipped/>
  </testcase> <!-- @AfterMethod Close_Br -->
  <testcase name="@BeforeMethod Login" time="0.0" classname="com.hms.hotelogix.automationframework.tests.admin.RoomsManager.RoomTypes.RoomTypeTest">
    <skipped/>
  </testcase> <!-- @BeforeMethod Login -->
  <testcase name="@AfterMethod Close_Br" time="0.0" classname="com.hms.hotelogix.automationframework.tests.admin.RoomsManager.RoomTypes.RoomTypeTest">
    <skipped/>
  </testcase> <!-- @AfterMethod Close_Br -->
  <testcase name="@BeforeMethod Login" time="0.0" classname="com.hms.hotelogix.automationframework.tests.admin.RoomsManager.RoomTypes.RoomTypeTest">
    <skipped/>
  </testcase> <!-- @BeforeMethod Login -->
  <testcase name="@AfterMethod Close_Br" time="0.0" classname="com.hms.hotelogix.automationframework.tests.admin.RoomsManager.RoomTypes.RoomTypeTest">
    <skipped/>
  </testcase> <!-- @AfterMethod Close_Br -->
  <testcase name="@BeforeMethod Login" time="0.0" classname="com.hms.hotelogix.automationframework.tests.admin.RoomsManager.RoomTypes.RoomTypeTest">
    <skipped/>
  </testcase> <!-- @BeforeMethod Login -->
  <testcase name="@AfterMethod Close_Br" time="0.0" classname="com.hms.hotelogix.automationframework.tests.admin.RoomsManager.RoomTypes.RoomTypeTest">
    <skipped/>
  </testcase> <!-- @AfterMethod Close_Br -->
  <testcase name="@BeforeMethod Login" time="0.0" classname="com.hms.hotelogix.automationframework.tests.admin.RoomsManager.RoomTypes.RoomTypeTest">
    <skipped/>
  </testcase> <!-- @BeforeMethod Login -->
  <testcase name="@AfterMethod Close_Br" time="0.0" classname="com.hms.hotelogix.automationframework.tests.admin.RoomsManager.RoomTypes.RoomTypeTest">
    <skipped/>
  </testcase> <!-- @AfterMethod Close_Br -->
  <testcase name="@BeforeMethod Login" time="0.0" classname="com.hms.hotelogix.automationframework.tests.admin.RoomsManager.RoomTypes.RoomTypeTest">
    <skipped/>
  </testcase> <!-- @BeforeMethod Login -->
  <testcase name="@AfterMethod Close_Br" time="0.0" classname="com.hms.hotelogix.automationframework.tests.admin.RoomsManager.RoomTypes.RoomTypeTest">
    <skipped/>
  </testcase> <!-- @AfterMethod Close_Br -->
  <testcase name="@BeforeMethod Login" time="0.0" classname="com.hms.hotelogix.automationframework.tests.admin.RoomsManager.RoomTypes.RoomTypeTest">
    <skipped/>
  </testcase> <!-- @BeforeMethod Login -->
  <testcase name="@AfterMethod Close_Br" time="0.0" classname="com.hms.hotelogix.automationframework.tests.admin.RoomsManager.RoomTypes.RoomTypeTest">
    <skipped/>
  </testcase> <!-- @AfterMethod Close_Br -->
  <testcase name="@BeforeMethod Login" time="0.0" classname="com.hms.hotelogix.automationframework.tests.admin.RoomsManager.RoomTypes.RoomTypeTest">
    <skipped/>
  </testcase> <!-- @BeforeMethod Login -->
  <testcase name="@AfterMethod Close_Br" time="0.0" classname="com.hms.hotelogix.automationframework.tests.admin.RoomsManager.RoomTypes.RoomTypeTest">
    <skipped/>
  </testcase> <!-- @AfterMethod Close_Br -->
  <testcase name="@BeforeMethod Login" time="0.0" classname="com.hms.hotelogix.automationframework.tests.admin.RoomsManager.RoomTypes.RoomTypeTest">
    <skipped/>
  </testcase> <!-- @BeforeMethod Login -->
  <testcase name="@AfterMethod Close_Br" time="0.0" classname="com.hms.hotelogix.automationframework.tests.admin.RoomsManager.RoomTypes.RoomTypeTest">
    <skipped/>
  </testcase> <!-- @AfterMethod Close_Br -->
  <testcase name="@BeforeMethod Login" time="0.0" classname="com.hms.hotelogix.automationframework.tests.admin.RoomsManager.RoomTypes.RoomTypeTest">
    <skipped/>
  </testcase> <!-- @BeforeMethod Login -->
  <testcase name="@AfterMethod Close_Br" time="0.0" classname="com.hms.hotelogix.automationframework.tests.admin.RoomsManager.RoomTypes.RoomTypeTest">
    <skipped/>
  </testcase> <!-- @AfterMethod Close_Br -->
  <testcase name="@BeforeMethod Login" time="0.0" classname="com.hms.hotelogix.automationframework.tests.admin.RoomsManager.RoomTypes.RoomTypeTest">
    <skipped/>
  </testcase> <!-- @BeforeMethod Login -->
  <testcase name="@AfterMethod Close_Br" time="0.0" classname="com.hms.hotelogix.automationframework.tests.admin.RoomsManager.RoomTypes.RoomTypeTest">
    <skipped/>
  </testcase> <!-- @AfterMethod Close_Br -->
  <testcase name="@BeforeMethod Login" time="0.0" classname="com.hms.hotelogix.automationframework.tests.admin.RoomsManager.RoomTypes.RoomTypeTest">
    <skipped/>
  </testcase> <!-- @BeforeMethod Login -->
  <testcase name="@AfterMethod Close_Br" time="0.0" classname="com.hms.hotelogix.automationframework.tests.admin.RoomsManager.RoomTypes.RoomTypeTest">
    <skipped/>
  </testcase> <!-- @AfterMethod Close_Br -->
  <testcase name="@BeforeMethod Login" time="0.0" classname="com.hms.hotelogix.automationframework.tests.admin.RoomsManager.RoomTypes.RoomTypeTest">
    <skipped/>
  </testcase> <!-- @BeforeMethod Login -->
  <testcase name="@AfterMethod Close_Br" time="0.0" classname="com.hms.hotelogix.automationframework.tests.admin.RoomsManager.RoomTypes.RoomTypeTest">
    <skipped/>
  </testcase> <!-- @AfterMethod Close_Br -->
  <testcase name="@BeforeMethod Login" time="0.0" classname="com.hms.hotelogix.automationframework.tests.admin.RoomsManager.RoomTypes.RoomTypeTest">
    <skipped/>
  </testcase> <!-- @BeforeMethod Login -->
  <testcase name="@AfterMethod Close_Br" time="0.0" classname="com.hms.hotelogix.automationframework.tests.admin.RoomsManager.RoomTypes.RoomTypeTest">
    <skipped/>
  </testcase> <!-- @AfterMethod Close_Br -->
  <testcase name="@BeforeMethod Login" time="0.0" classname="com.hms.hotelogix.automationframework.tests.admin.RoomsManager.RoomTypes.RoomTypeTest">
    <skipped/>
  </testcase> <!-- @BeforeMethod Login -->
  <testcase name="@AfterMethod Close_Br" time="0.0" classname="com.hms.hotelogix.automationframework.tests.admin.RoomsManager.RoomTypes.RoomTypeTest">
    <skipped/>
  </testcase> <!-- @AfterMethod Close_Br -->
  <testcase name="@BeforeMethod Login" time="0.0" classname="com.hms.hotelogix.automationframework.tests.admin.RoomsManager.RoomTypes.RoomTypeTest">
    <skipped/>
  </testcase> <!-- @BeforeMethod Login -->
  <testcase name="@AfterMethod Close_Br" time="0.0" classname="com.hms.hotelogix.automationframework.tests.admin.RoomsManager.RoomTypes.RoomTypeTest">
    <skipped/>
  </testcase> <!-- @AfterMethod Close_Br -->
  <testcase name="@BeforeMethod Login" time="0.0" classname="com.hms.hotelogix.automationframework.tests.admin.RoomsManager.RoomTypes.RoomTypeTest">
    <skipped/>
  </testcase> <!-- @BeforeMethod Login -->
  <testcase name="@AfterMethod Close_Br" time="0.0" classname="com.hms.hotelogix.automationframework.tests.admin.RoomsManager.RoomTypes.RoomTypeTest">
    <skipped/>
  </testcase> <!-- @AfterMethod Close_Br -->
  <testcase name="@BeforeMethod Login" time="0.0" classname="com.hms.hotelogix.automationframework.tests.admin.RoomsManager.RoomTypes.RoomTypeTest">
    <skipped/>
  </testcase> <!-- @BeforeMethod Login -->
  <testcase name="@AfterMethod Close_Br" time="0.0" classname="com.hms.hotelogix.automationframework.tests.admin.RoomsManager.RoomTypes.RoomTypeTest">
    <skipped/>
  </testcase> <!-- @AfterMethod Close_Br -->
  <testcase name="@BeforeMethod Login" time="0.0" classname="com.hms.hotelogix.automationframework.tests.admin.RoomsManager.RoomTypes.RoomTypeTest">
    <skipped/>
  </testcase> <!-- @BeforeMethod Login -->
  <testcase name="@AfterMethod Close_Br" time="0.0" classname="com.hms.hotelogix.automationframework.tests.admin.RoomsManager.RoomTypes.RoomTypeTest">
    <skipped/>
  </testcase> <!-- @AfterMethod Close_Br -->
  <testcase name="@BeforeMethod Login" time="0.0" classname="com.hms.hotelogix.automationframework.tests.admin.RoomsManager.RoomTypes.RoomTypeTest">
    <skipped/>
  </testcase> <!-- @BeforeMethod Login -->
  <testcase name="@AfterMethod Close_Br" time="0.0" classname="com.hms.hotelogix.automationframework.tests.admin.RoomsManager.RoomTypes.RoomTypeTest">
    <skipped/>
  </testcase> <!-- @AfterMethod Close_Br -->
  <testcase name="@BeforeMethod Login" time="0.0" classname="com.hms.hotelogix.automationframework.tests.admin.RoomsManager.RoomTypes.RoomTypeTest">
    <skipped/>
  </testcase> <!-- @BeforeMethod Login -->
  <testcase name="@AfterMethod Close_Br" time="0.0" classname="com.hms.hotelogix.automationframework.tests.admin.RoomsManager.RoomTypes.RoomTypeTest">
    <skipped/>
  </testcase> <!-- @AfterMethod Close_Br -->
  <testcase name="@BeforeMethod Login" time="0.0" classname="com.hms.hotelogix.automationframework.tests.admin.RoomsManager.RoomTypes.RoomTypeTest">
    <skipped/>
  </testcase> <!-- @BeforeMethod Login -->
  <testcase name="@AfterMethod Close_Br" time="0.0" classname="com.hms.hotelogix.automationframework.tests.admin.RoomsManager.RoomTypes.RoomTypeTest">
    <skipped/>
  </testcase> <!-- @AfterMethod Close_Br -->
  <testcase name="@BeforeMethod Login" time="0.0" classname="com.hms.hotelogix.automationframework.tests.admin.RoomsManager.RoomTypes.RoomTypeTest">
    <skipped/>
  </testcase> <!-- @BeforeMethod Login -->
  <testcase name="@AfterMethod Close_Br" time="0.0" classname="com.hms.hotelogix.automationframework.tests.admin.RoomsManager.RoomTypes.RoomTypeTest">
    <skipped/>
  </testcase> <!-- @AfterMethod Close_Br -->
  <testcase name="@BeforeMethod Login" time="0.0" classname="com.hms.hotelogix.automationframework.tests.admin.RoomsManager.RoomTypes.RoomTypeTest">
    <skipped/>
  </testcase> <!-- @BeforeMethod Login -->
  <testcase name="@AfterMethod Close_Br" time="0.0" classname="com.hms.hotelogix.automationframework.tests.admin.RoomsManager.RoomTypes.RoomTypeTest">
    <skipped/>
  </testcase> <!-- @AfterMethod Close_Br -->
  <testcase name="@BeforeMethod Login" time="0.0" classname="com.hms.hotelogix.automationframework.tests.admin.RoomsManager.RoomTypes.RoomTypeTest">
    <skipped/>
  </testcase> <!-- @BeforeMethod Login -->
  <testcase name="@AfterMethod Close_Br" time="0.0" classname="com.hms.hotelogix.automationframework.tests.admin.RoomsManager.RoomTypes.RoomTypeTest">
    <skipped/>
  </testcase> <!-- @AfterMethod Close_Br -->
  <testcase name="@AfterMethod Close_Br" time="0.0" classname="com.hms.hotelogix.automationframework.tests.admin.General.InvoiceNumberSettings.InvoiceNumberSettingsTest">
    <failure type="org.openqa.selenium.NoSuchWindowException" message="Window not found. The browser window may have been closed.
Command duration or timeout: 11 milliseconds
Build info: version: &amp;apos;2.53.0&amp;apos;, revision: &amp;apos;35ae25b1534ae328c771e0856c93e187490ca824&amp;apos;, time: &amp;apos;2016-03-15 10:43:46&amp;apos;
System info: host: &amp;apos;hms-update4&amp;apos;, ip: &amp;apos;192.168.2.115&amp;apos;, os.name: &amp;apos;Windows 7&amp;apos;, os.arch: &amp;apos;x86&amp;apos;, os.version: &amp;apos;6.1&amp;apos;, java.version: &amp;apos;1.8.0_65&amp;apos;
Driver info: org.openqa.selenium.firefox.FirefoxDriver
Capabilities [{applicationCacheEnabled=true, rotatable=false, handlesAlerts=true, databaseEnabled=true, version=40.0.3, platform=WINDOWS, nativeEvents=false, acceptSslCerts=true, webStorageEnabled=true, locationContextEnabled=true, browserName=firefox, takesScreenshot=true, javascriptEnabled=true, cssSelectorsEnabled=true}]
Session ID: 7b29b81d-0759-4a0b-b8a7-f90d052eab1b">
      <![CDATA[org.openqa.selenium.NoSuchWindowException: Window not found. The browser window may have been closed.
Command duration or timeout: 11 milliseconds
Build info: version: '2.53.0', revision: '35ae25b1534ae328c771e0856c93e187490ca824', time: '2016-03-15 10:43:46'
System info: host: 'hms-update4', ip: '192.168.2.115', os.name: 'Windows 7', os.arch: 'x86', os.version: '6.1', java.version: '1.8.0_65'
Driver info: org.openqa.selenium.firefox.FirefoxDriver
Capabilities [{applicationCacheEnabled=true, rotatable=false, handlesAlerts=true, databaseEnabled=true, version=40.0.3, platform=WINDOWS, nativeEvents=false, acceptSslCerts=true, webStorageEnabled=true, locationContextEnabled=true, browserName=firefox, takesScreenshot=true, javascriptEnabled=true, cssSelectorsEnabled=true}]
Session ID: 7b29b81d-0759-4a0b-b8a7-f90d052eab1b
	at org.openqa.selenium.remote.ErrorHandler.createThrowable(ErrorHandler.java:206)
	at org.openqa.selenium.remote.ErrorHandler.throwIfResponseFailed(ErrorHandler.java:158)
	at org.openqa.selenium.remote.RemoteWebDriver.execute(RemoteWebDriver.java:678)
	at org.openqa.selenium.remote.RemoteWebDriver.execute(RemoteWebDriver.java:701)
	at org.openqa.selenium.remote.RemoteWebDriver.close(RemoteWebDriver.java:521)
	at com.hms.hotelogix.automationframework.tests.admin.General.InvoiceNumberSettings.InvoiceNumberSettingsTest.Close_Br(InvoiceNumberSettingsTest.java:2753)
Caused by: org.openqa.selenium.NoSuchWindowException: Window not found. The browser window may have been closed.
Build info: version: '2.53.0', revision: '35ae25b1534ae328c771e0856c93e187490ca824', time: '2016-03-15 10:43:46'
System info: host: 'hms-update4', ip: '192.168.2.115', os.name: 'Windows 7', os.arch: 'x86', os.version: '6.1', java.version: '1.8.0_65'
Driver info: driver.version: unknown
	at <anonymous class>.nsCommandProcessor.prototype.execute(file:///C:/Users/qa/AppData/Local/Temp/anonymous1609145609023322002webdriver-profile/extensions/fxdriver@googlecode.com/components/command-processor.js:12715)
	at <anonymous class>.Dispatcher.executeAs/<(file:///C:/Users/qa/AppData/Local/Temp/anonymous1609145609023322002webdriver-profile/extensions/fxdriver@googlecode.com/components/driver-component.js:9558)
	at <anonymous class>.Resource.prototype.handle(file:///C:/Users/qa/AppData/Local/Temp/anonymous1609145609023322002webdriver-profile/extensions/fxdriver@googlecode.com/components/driver-component.js:9705)
	at <anonymous class>.Dispatcher.prototype.dispatch(file:///C:/Users/qa/AppData/Local/Temp/anonymous1609145609023322002webdriver-profile/extensions/fxdriver@googlecode.com/components/driver-component.js:9652)
	at <anonymous class>.WebDriverServer/<.handle(file:///C:/Users/qa/AppData/Local/Temp/anonymous1609145609023322002webdriver-profile/extensions/fxdriver@googlecode.com/components/driver-component.js:12517)
	at <anonymous class>.createHandlerFunc/<(file:///C:/Users/qa/AppData/Local/Temp/anonymous1609145609023322002webdriver-profile/extensions/fxdriver@googlecode.com/components/httpd.js:2054)
	at <anonymous class>.ServerHandler.prototype.handleResponse(file:///C:/Users/qa/AppData/Local/Temp/anonymous1609145609023322002webdriver-profile/extensions/fxdriver@googlecode.com/components/httpd.js:2387)
	at <anonymous class>.Connection.prototype.process(file:///C:/Users/qa/AppData/Local/Temp/anonymous1609145609023322002webdriver-profile/extensions/fxdriver@googlecode.com/components/httpd.js:1223)
	at <anonymous class>.RequestReader.prototype._handleResponse(file:///C:/Users/qa/AppData/Local/Temp/anonymous1609145609023322002webdriver-profile/extensions/fxdriver@googlecode.com/components/httpd.js:1677)
	at <anonymous class>.RequestReader.prototype._processBody(file:///C:/Users/qa/AppData/Local/Temp/anonymous1609145609023322002webdriver-profile/extensions/fxdriver@googlecode.com/components/httpd.js:1525)
	at <anonymous class>.RequestReader.prototype.onInputStreamReady(file:///C:/Users/qa/AppData/Local/Temp/anonymous1609145609023322002webdriver-profile/extensions/fxdriver@googlecode.com/components/httpd.js:1393)
... Removed 29 stack frames]]>
    </failure>
  </testcase> <!-- @AfterMethod Close_Br -->
  <testcase name="@BeforeMethod Login" time="0.0" classname="com.hms.hotelogix.automationframework.tests.admin.General.InvoiceNumberSettings.InvoiceNumberSettingsTest">
    <skipped/>
  </testcase> <!-- @BeforeMethod Login -->
  <testcase name="@AfterMethod Close_Br" time="0.0" classname="com.hms.hotelogix.automationframework.tests.admin.General.InvoiceNumberSettings.InvoiceNumberSettingsTest">
    <skipped/>
  </testcase> <!-- @AfterMethod Close_Br -->
  <testcase name="@BeforeMethod Login" time="0.0" classname="com.hms.hotelogix.automationframework.tests.admin.General.InvoiceNumberSettings.InvoiceNumberSettingsTest">
    <skipped/>
  </testcase> <!-- @BeforeMethod Login -->
  <testcase name="@AfterMethod Close_Br" time="0.0" classname="com.hms.hotelogix.automationframework.tests.admin.General.InvoiceNumberSettings.InvoiceNumberSettingsTest">
    <skipped/>
  </testcase> <!-- @AfterMethod Close_Br -->
  <testcase name="@BeforeMethod Login" time="0.0" classname="com.hms.hotelogix.automationframework.tests.admin.General.InvoiceNumberSettings.InvoiceNumberSettingsTest">
    <skipped/>
  </testcase> <!-- @BeforeMethod Login -->
  <testcase name="@AfterMethod Close_Br" time="0.0" classname="com.hms.hotelogix.automationframework.tests.admin.General.InvoiceNumberSettings.InvoiceNumberSettingsTest">
    <skipped/>
  </testcase> <!-- @AfterMethod Close_Br -->
  <testcase name="@BeforeMethod Login" time="0.0" classname="com.hms.hotelogix.automationframework.tests.admin.General.InvoiceNumberSettings.InvoiceNumberSettingsTest">
    <skipped/>
  </testcase> <!-- @BeforeMethod Login -->
  <testcase name="@AfterMethod Close_Br" time="0.0" classname="com.hms.hotelogix.automationframework.tests.admin.General.InvoiceNumberSettings.InvoiceNumberSettingsTest">
    <skipped/>
  </testcase> <!-- @AfterMethod Close_Br -->
  <testcase name="@BeforeMethod Login" time="0.0" classname="com.hms.hotelogix.automationframework.tests.admin.General.InvoiceNumberSettings.InvoiceNumberSettingsTest">
    <skipped/>
  </testcase> <!-- @BeforeMethod Login -->
  <testcase name="@AfterMethod Close_Br" time="0.0" classname="com.hms.hotelogix.automationframework.tests.admin.General.InvoiceNumberSettings.InvoiceNumberSettingsTest">
    <skipped/>
  </testcase> <!-- @AfterMethod Close_Br -->
  <testcase name="@BeforeMethod Login" time="0.0" classname="com.hms.hotelogix.automationframework.tests.admin.General.InvoiceNumberSettings.InvoiceNumberSettingsTest">
    <skipped/>
  </testcase> <!-- @BeforeMethod Login -->
  <testcase name="@AfterMethod Close_Br" time="0.0" classname="com.hms.hotelogix.automationframework.tests.admin.General.InvoiceNumberSettings.InvoiceNumberSettingsTest">
    <skipped/>
  </testcase> <!-- @AfterMethod Close_Br -->
  <testcase name="@BeforeMethod Login" time="0.0" classname="com.hms.hotelogix.automationframework.tests.admin.General.InvoiceNumberSettings.InvoiceNumberSettingsTest">
    <skipped/>
  </testcase> <!-- @BeforeMethod Login -->
  <testcase name="@AfterMethod Close_Br" time="0.0" classname="com.hms.hotelogix.automationframework.tests.admin.General.InvoiceNumberSettings.InvoiceNumberSettingsTest">
    <skipped/>
  </testcase> <!-- @AfterMethod Close_Br -->
  <testcase name="@BeforeMethod Login" time="0.0" classname="com.hms.hotelogix.automationframework.tests.admin.General.InvoiceNumberSettings.InvoiceNumberSettingsTest">
    <skipped/>
  </testcase> <!-- @BeforeMethod Login -->
  <testcase name="@AfterMethod Close_Br" time="0.0" classname="com.hms.hotelogix.automationframework.tests.admin.General.InvoiceNumberSettings.InvoiceNumberSettingsTest">
    <skipped/>
  </testcase> <!-- @AfterMethod Close_Br -->
  <testcase name="@BeforeMethod Login" time="0.0" classname="com.hms.hotelogix.automationframework.tests.admin.General.InvoiceNumberSettings.InvoiceNumberSettingsTest">
    <skipped/>
  </testcase> <!-- @BeforeMethod Login -->
  <testcase name="@AfterMethod Close_Br" time="0.0" classname="com.hms.hotelogix.automationframework.tests.admin.General.InvoiceNumberSettings.InvoiceNumberSettingsTest">
    <skipped/>
  </testcase> <!-- @AfterMethod Close_Br -->
  <testcase name="@BeforeMethod Login" time="0.0" classname="com.hms.hotelogix.automationframework.tests.admin.General.InvoiceNumberSettings.InvoiceNumberSettingsTest">
    <skipped/>
  </testcase> <!-- @BeforeMethod Login -->
  <testcase name="@AfterMethod Close_Br" time="0.0" classname="com.hms.hotelogix.automationframework.tests.admin.General.InvoiceNumberSettings.InvoiceNumberSettingsTest">
    <skipped/>
  </testcase> <!-- @AfterMethod Close_Br -->
  <testcase name="@BeforeMethod Login" time="0.0" classname="com.hms.hotelogix.automationframework.tests.admin.General.InvoiceNumberSettings.InvoiceNumberSettingsTest">
    <skipped/>
  </testcase> <!-- @BeforeMethod Login -->
  <testcase name="@AfterMethod Close_Br" time="0.0" classname="com.hms.hotelogix.automationframework.tests.admin.General.InvoiceNumberSettings.InvoiceNumberSettingsTest">
    <skipped/>
  </testcase> <!-- @AfterMethod Close_Br -->
  <testcase name="@BeforeMethod Login" time="0.0" classname="com.hms.hotelogix.automationframework.tests.admin.General.InvoiceNumberSettings.InvoiceNumberSettingsTest">
    <skipped/>
  </testcase> <!-- @BeforeMethod Login -->
  <testcase name="@AfterMethod Close_Br" time="0.0" classname="com.hms.hotelogix.automationframework.tests.admin.General.InvoiceNumberSettings.InvoiceNumberSettingsTest">
    <skipped/>
  </testcase> <!-- @AfterMethod Close_Br -->
  <testcase name="@BeforeMethod Login" time="0.0" classname="com.hms.hotelogix.automationframework.tests.admin.General.InvoiceNumberSettings.InvoiceNumberSettingsTest">
    <skipped/>
  </testcase> <!-- @BeforeMethod Login -->
  <testcase name="@AfterMethod Close_Br" time="0.0" classname="com.hms.hotelogix.automationframework.tests.admin.General.InvoiceNumberSettings.InvoiceNumberSettingsTest">
    <skipped/>
  </testcase> <!-- @AfterMethod Close_Br -->
  <testcase name="@BeforeMethod Login" time="0.0" classname="com.hms.hotelogix.automationframework.tests.admin.General.InvoiceNumberSettings.InvoiceNumberSettingsTest">
    <skipped/>
  </testcase> <!-- @BeforeMethod Login -->
  <testcase name="@AfterMethod Close_Br" time="0.0" classname="com.hms.hotelogix.automationframework.tests.admin.General.InvoiceNumberSettings.InvoiceNumberSettingsTest">
    <skipped/>
  </testcase> <!-- @AfterMethod Close_Br -->
  <testcase name="@BeforeMethod Login" time="0.0" classname="com.hms.hotelogix.automationframework.tests.admin.General.InvoiceNumberSettings.InvoiceNumberSettingsTest">
    <skipped/>
  </testcase> <!-- @BeforeMethod Login -->
  <testcase name="@AfterMethod Close_Br" time="0.0" classname="com.hms.hotelogix.automationframework.tests.admin.General.InvoiceNumberSettings.InvoiceNumberSettingsTest">
    <skipped/>
  </testcase> <!-- @AfterMethod Close_Br -->
  <testcase name="@BeforeMethod Login" time="0.0" classname="com.hms.hotelogix.automationframework.tests.admin.General.InvoiceNumberSettings.InvoiceNumberSettingsTest">
    <skipped/>
  </testcase> <!-- @BeforeMethod Login -->
  <testcase name="@AfterMethod Close_Br" time="0.0" classname="com.hms.hotelogix.automationframework.tests.admin.General.InvoiceNumberSettings.InvoiceNumberSettingsTest">
    <skipped/>
  </testcase> <!-- @AfterMethod Close_Br -->
  <testcase name="@BeforeMethod Login" time="0.0" classname="com.hms.hotelogix.automationframework.tests.admin.General.InvoiceNumberSettings.InvoiceNumberSettingsTest">
    <skipped/>
  </testcase> <!-- @BeforeMethod Login -->
  <testcase name="@AfterMethod Close_Br" time="0.0" classname="com.hms.hotelogix.automationframework.tests.admin.General.InvoiceNumberSettings.InvoiceNumberSettingsTest">
    <skipped/>
  </testcase> <!-- @AfterMethod Close_Br -->
  <testcase name="@BeforeMethod Login" time="0.0" classname="com.hms.hotelogix.automationframework.tests.admin.General.InvoiceNumberSettings.InvoiceNumberSettingsTest">
    <skipped/>
  </testcase> <!-- @BeforeMethod Login -->
  <testcase name="@AfterMethod Close_Br" time="0.0" classname="com.hms.hotelogix.automationframework.tests.admin.General.InvoiceNumberSettings.InvoiceNumberSettingsTest">
    <skipped/>
  </testcase> <!-- @AfterMethod Close_Br -->
  <testcase name="@BeforeMethod Login" time="0.0" classname="com.hms.hotelogix.automationframework.tests.admin.General.InvoiceNumberSettings.InvoiceNumberSettingsTest">
    <skipped/>
  </testcase> <!-- @BeforeMethod Login -->
  <testcase name="@AfterMethod Close_Br" time="0.0" classname="com.hms.hotelogix.automationframework.tests.admin.General.InvoiceNumberSettings.InvoiceNumberSettingsTest">
    <skipped/>
  </testcase> <!-- @AfterMethod Close_Br -->
  <testcase name="@BeforeMethod Login" time="0.0" classname="com.hms.hotelogix.automationframework.tests.admin.General.InvoiceNumberSettings.InvoiceNumberSettingsTest">
    <skipped/>
  </testcase> <!-- @BeforeMethod Login -->
  <testcase name="@AfterMethod Close_Br" time="0.0" classname="com.hms.hotelogix.automationframework.tests.admin.General.InvoiceNumberSettings.InvoiceNumberSettingsTest">
    <skipped/>
  </testcase> <!-- @AfterMethod Close_Br -->
  <testcase name="@BeforeMethod Login" time="0.0" classname="com.hms.hotelogix.automationframework.tests.admin.General.InvoiceNumberSettings.InvoiceNumberSettingsTest">
    <skipped/>
  </testcase> <!-- @BeforeMethod Login -->
  <testcase name="@AfterMethod Close_Br" time="0.0" classname="com.hms.hotelogix.automationframework.tests.admin.General.InvoiceNumberSettings.InvoiceNumberSettingsTest">
    <skipped/>
  </testcase> <!-- @AfterMethod Close_Br -->
  <testcase name="@BeforeMethod Login" time="0.0" classname="com.hms.hotelogix.automationframework.tests.admin.General.InvoiceNumberSettings.InvoiceNumberSettingsTest">
    <skipped/>
  </testcase> <!-- @BeforeMethod Login -->
  <testcase name="@AfterMethod Close_Br" time="0.0" classname="com.hms.hotelogix.automationframework.tests.admin.General.InvoiceNumberSettings.InvoiceNumberSettingsTest">
    <skipped/>
  </testcase> <!-- @AfterMethod Close_Br -->
  <testcase name="@BeforeMethod Login" time="0.0" classname="com.hms.hotelogix.automationframework.tests.admin.General.InvoiceNumberSettings.InvoiceNumberSettingsTest">
    <skipped/>
  </testcase> <!-- @BeforeMethod Login -->
  <testcase name="@AfterMethod Close_Br" time="0.0" classname="com.hms.hotelogix.automationframework.tests.admin.General.InvoiceNumberSettings.InvoiceNumberSettingsTest">
    <skipped/>
  </testcase> <!-- @AfterMethod Close_Br -->
  <testcase name="HMS5901" time="14.852" classname="com.hms.hotelogix.automationframework.tests.admin.RoomsManager.RoomTypes.RoomTypeTest"/>
  <testcase name="HMS1662" time="13.65" classname="com.hms.hotelogix.automationframework.tests.admin.RoomsManager.RoomTypes.RoomTypeTest"/>
  <testcase name="HMS8858" time="20.796" classname="com.hms.hotelogix.automationframework.tests.admin.RoomsManager.RoomTypes.RoomTypeTest"/>
  <testcase name="HMS5902" time="17.462" classname="com.hms.hotelogix.automationframework.tests.admin.RoomsManager.RoomTypes.RoomTypeTest"/>
  <testcase name="HMS8859" time="18.68" classname="com.hms.hotelogix.automationframework.tests.admin.RoomsManager.RoomTypes.RoomTypeTest"/>
  <testcase name="HMS5905" time="24.281" classname="com.hms.hotelogix.automationframework.tests.admin.RoomsManager.RoomTypes.RoomTypeTest"/>
  <testcase name="HMS1663" time="61.073" classname="com.hms.hotelogix.automationframework.tests.admin.RoomsManager.RoomTypes.RoomTypeTest">
    <failure type="java.lang.AssertionError" message="expected [- Room Type(s) &amp;quot;LGvBd&amp;quot; saved successfully] but found [- Room Type(s) &amp;quot;mKXnh&amp;quot; saved successfully]">
      <![CDATA[java.lang.AssertionError: expected [- Room Type(s) "LGvBd" saved successfully] but found [- Room Type(s) "mKXnh" saved successfully]
	at com.hms.hotelogix.automationframework.pages.admin.RoomsManager.RoomTypes.RoomTypesLandingPage.verify_saveMsg(RoomTypesLandingPage.java:229)
	at com.hms.hotelogix.automationframework.tests.admin.RoomsManager.RoomTypes.RoomTypeTest.HMS1663(RoomTypeTest.java:322)
... Removed 29 stack frames]]>
    </failure>
  </testcase> <!-- HMS1663 -->
  <testcase name="HMS1666" time="26.91" classname="com.hms.hotelogix.automationframework.tests.admin.RoomsManager.RoomTypes.RoomTypeTest"/>
  <testcase name="HMS5906" time="25.332" classname="com.hms.hotelogix.automationframework.tests.admin.RoomsManager.RoomTypes.RoomTypeTest"/>
  <testcase name="HMS5909" time="96.847" classname="com.hms.hotelogix.automationframework.tests.admin.RoomsManager.RoomTypes.RoomTypeTest">
    <failure type="org.openqa.selenium.NoSuchElementException" message="Unable to locate element: {&amp;quot;method&amp;quot;:&amp;quot;xpath&amp;quot;,&amp;quot;selector&amp;quot;:&amp;quot;//td/select[@name=&amp;apos;maxEntries&amp;apos;]&amp;quot;}
Command duration or timeout: 70.02 seconds
For documentation on this error, please visit: http://seleniumhq.org/exceptions/no_such_element.html
Build info: version: &amp;apos;2.53.0&amp;apos;, revision: &amp;apos;35ae25b1534ae328c771e0856c93e187490ca824&amp;apos;, time: &amp;apos;2016-03-15 10:43:46&amp;apos;
System info: host: &amp;apos;hms-update4&amp;apos;, ip: &amp;apos;192.168.2.115&amp;apos;, os.name: &amp;apos;Windows 7&amp;apos;, os.arch: &amp;apos;x86&amp;apos;, os.version: &amp;apos;6.1&amp;apos;, java.version: &amp;apos;1.8.0_65&amp;apos;
Driver info: org.openqa.selenium.firefox.FirefoxDriver
Capabilities [{applicationCacheEnabled=true, rotatable=false, handlesAlerts=true, databaseEnabled=true, version=40.0.3, platform=WINDOWS, nativeEvents=false, acceptSslCerts=true, webStorageEnabled=true, locationContextEnabled=true, browserName=firefox, takesScreenshot=true, javascriptEnabled=true, cssSelectorsEnabled=true}]
Session ID: 263826ba-bc8b-421b-9f36-ee46f17b717c
*** Element info: {Using=xpath, value=//td/select[@name=&amp;apos;maxEntries&amp;apos;]}">
      <![CDATA[org.openqa.selenium.NoSuchElementException: Unable to locate element: {"method":"xpath","selector":"//td/select[@name='maxEntries']"}
Command duration or timeout: 70.02 seconds
For documentation on this error, please visit: http://seleniumhq.org/exceptions/no_such_element.html
Build info: version: '2.53.0', revision: '35ae25b1534ae328c771e0856c93e187490ca824', time: '2016-03-15 10:43:46'
System info: host: 'hms-update4', ip: '192.168.2.115', os.name: 'Windows 7', os.arch: 'x86', os.version: '6.1', java.version: '1.8.0_65'
Driver info: org.openqa.selenium.firefox.FirefoxDriver
Capabilities [{applicationCacheEnabled=true, rotatable=false, handlesAlerts=true, databaseEnabled=true, version=40.0.3, platform=WINDOWS, nativeEvents=false, acceptSslCerts=true, webStorageEnabled=true, locationContextEnabled=true, browserName=firefox, takesScreenshot=true, javascriptEnabled=true, cssSelectorsEnabled=true}]
Session ID: 263826ba-bc8b-421b-9f36-ee46f17b717c
*** Element info: {Using=xpath, value=//td/select[@name='maxEntries']}
	at org.openqa.selenium.remote.ErrorHandler.createThrowable(ErrorHandler.java:206)
	at org.openqa.selenium.remote.ErrorHandler.throwIfResponseFailed(ErrorHandler.java:158)
	at org.openqa.selenium.remote.RemoteWebDriver.execute(RemoteWebDriver.java:678)
	at org.openqa.selenium.remote.RemoteWebDriver.findElement(RemoteWebDriver.java:363)
	at org.openqa.selenium.remote.RemoteWebDriver.findElementByXPath(RemoteWebDriver.java:500)
	at org.openqa.selenium.By$ByXPath.findElement(By.java:361)
	at org.openqa.selenium.remote.RemoteWebDriver.findElement(RemoteWebDriver.java:355)
	at org.openqa.selenium.support.pagefactory.DefaultElementLocator.findElement(DefaultElementLocator.java:69)
	at org.openqa.selenium.support.pagefactory.internal.LocatingElementHandler.invoke(LocatingElementHandler.java:38)
	at com.sun.proxy.$Proxy7.getTagName(Unknown Source)
	at org.openqa.selenium.support.ui.Select.<init>(Select.java:44)
	at com.hms.hotelogix.automationframework.pages.GenericMethod.GenericClass.selectElement(GenericClass.java:519)
	at com.hms.hotelogix.automationframework.pages.admin.RoomsManager.RoomTypes.RoomTypesLandingPage.fn_viewAll(RoomTypesLandingPage.java:546)
	at com.hms.hotelogix.automationframework.tests.admin.RoomsManager.RoomTypes.RoomTypeTest.HMS5909(RoomTypeTest.java:475)
Caused by: org.openqa.selenium.NoSuchElementException: Unable to locate element: {"method":"xpath","selector":"//td/select[@name='maxEntries']"}
For documentation on this error, please visit: http://seleniumhq.org/exceptions/no_such_element.html
Build info: version: '2.53.0', revision: '35ae25b1534ae328c771e0856c93e187490ca824', time: '2016-03-15 10:43:46'
System info: host: 'hms-update4', ip: '192.168.2.115', os.name: 'Windows 7', os.arch: 'x86', os.version: '6.1', java.version: '1.8.0_65'
Driver info: driver.version: unknown
	at <anonymous class>.FirefoxDriver.prototype.findElementInternal_(file:///C:/Users/qa/AppData/Local/Temp/anonymous1564563663263246204webdriver-profile/extensions/fxdriver@googlecode.com/components/driver-component.js:10770)
	at <anonymous class>.fxdriver.Timer.prototype.setTimeout/<.notify(file:///C:/Users/qa/AppData/Local/Temp/anonymous1564563663263246204webdriver-profile/extensions/fxdriver@googlecode.com/components/driver-component.js:625)
... Removed 28 stack frames]]>
    </failure>
  </testcase> <!-- HMS5909 -->
  <testcase name="HMS5928" time="99.822" classname="com.hms.hotelogix.automationframework.tests.admin.RoomsManager.RoomTypes.RoomTypeTest">
    <failure type="org.openqa.selenium.NoSuchElementException" message="Unable to locate element: {&amp;quot;method&amp;quot;:&amp;quot;xpath&amp;quot;,&amp;quot;selector&amp;quot;:&amp;quot;//td/select[@name=&amp;apos;maxEntries&amp;apos;]&amp;quot;}
Command duration or timeout: 70.02 seconds
For documentation on this error, please visit: http://seleniumhq.org/exceptions/no_such_element.html
Build info: version: &amp;apos;2.53.0&amp;apos;, revision: &amp;apos;35ae25b1534ae328c771e0856c93e187490ca824&amp;apos;, time: &amp;apos;2016-03-15 10:43:46&amp;apos;
System info: host: &amp;apos;hms-update4&amp;apos;, ip: &amp;apos;192.168.2.115&amp;apos;, os.name: &amp;apos;Windows 7&amp;apos;, os.arch: &amp;apos;x86&amp;apos;, os.version: &amp;apos;6.1&amp;apos;, java.version: &amp;apos;1.8.0_65&amp;apos;
Driver info: org.openqa.selenium.firefox.FirefoxDriver
Capabilities [{applicationCacheEnabled=true, rotatable=false, handlesAlerts=true, databaseEnabled=true, version=40.0.3, platform=WINDOWS, nativeEvents=false, acceptSslCerts=true, webStorageEnabled=true, locationContextEnabled=true, browserName=firefox, takesScreenshot=true, javascriptEnabled=true, cssSelectorsEnabled=true}]
Session ID: 9e0f726e-df58-4502-9859-021d5607f81a
*** Element info: {Using=xpath, value=//td/select[@name=&amp;apos;maxEntries&amp;apos;]}">
      <![CDATA[org.openqa.selenium.NoSuchElementException: Unable to locate element: {"method":"xpath","selector":"//td/select[@name='maxEntries']"}
Command duration or timeout: 70.02 seconds
For documentation on this error, please visit: http://seleniumhq.org/exceptions/no_such_element.html
Build info: version: '2.53.0', revision: '35ae25b1534ae328c771e0856c93e187490ca824', time: '2016-03-15 10:43:46'
System info: host: 'hms-update4', ip: '192.168.2.115', os.name: 'Windows 7', os.arch: 'x86', os.version: '6.1', java.version: '1.8.0_65'
Driver info: org.openqa.selenium.firefox.FirefoxDriver
Capabilities [{applicationCacheEnabled=true, rotatable=false, handlesAlerts=true, databaseEnabled=true, version=40.0.3, platform=WINDOWS, nativeEvents=false, acceptSslCerts=true, webStorageEnabled=true, locationContextEnabled=true, browserName=firefox, takesScreenshot=true, javascriptEnabled=true, cssSelectorsEnabled=true}]
Session ID: 9e0f726e-df58-4502-9859-021d5607f81a
*** Element info: {Using=xpath, value=//td/select[@name='maxEntries']}
	at org.openqa.selenium.remote.ErrorHandler.createThrowable(ErrorHandler.java:206)
	at org.openqa.selenium.remote.ErrorHandler.throwIfResponseFailed(ErrorHandler.java:158)
	at org.openqa.selenium.remote.RemoteWebDriver.execute(RemoteWebDriver.java:678)
	at org.openqa.selenium.remote.RemoteWebDriver.findElement(RemoteWebDriver.java:363)
	at org.openqa.selenium.remote.RemoteWebDriver.findElementByXPath(RemoteWebDriver.java:500)
	at org.openqa.selenium.By$ByXPath.findElement(By.java:361)
	at org.openqa.selenium.remote.RemoteWebDriver.findElement(RemoteWebDriver.java:355)
	at org.openqa.selenium.support.pagefactory.DefaultElementLocator.findElement(DefaultElementLocator.java:69)
	at org.openqa.selenium.support.pagefactory.internal.LocatingElementHandler.invoke(LocatingElementHandler.java:38)
	at com.sun.proxy.$Proxy7.getTagName(Unknown Source)
	at org.openqa.selenium.support.ui.Select.<init>(Select.java:44)
	at com.hms.hotelogix.automationframework.pages.GenericMethod.GenericClass.selectElement(GenericClass.java:519)
	at com.hms.hotelogix.automationframework.pages.admin.RoomsManager.RoomTypes.RoomTypesLandingPage.fn_viewAll(RoomTypesLandingPage.java:546)
	at com.hms.hotelogix.automationframework.tests.admin.RoomsManager.RoomTypes.RoomTypeTest.HMS5928(RoomTypeTest.java:522)
Caused by: org.openqa.selenium.NoSuchElementException: Unable to locate element: {"method":"xpath","selector":"//td/select[@name='maxEntries']"}
For documentation on this error, please visit: http://seleniumhq.org/exceptions/no_such_element.html
Build info: version: '2.53.0', revision: '35ae25b1534ae328c771e0856c93e187490ca824', time: '2016-03-15 10:43:46'
System info: host: 'hms-update4', ip: '192.168.2.115', os.name: 'Windows 7', os.arch: 'x86', os.version: '6.1', java.version: '1.8.0_65'
Driver info: driver.version: unknown
	at <anonymous class>.FirefoxDriver.prototype.findElementInternal_(file:///C:/Users/qa/AppData/Local/Temp/anonymous3759766098898263609webdriver-profile/extensions/fxdriver@googlecode.com/components/driver-component.js:10770)
	at <anonymous class>.fxdriver.Timer.prototype.setTimeout/<.notify(file:///C:/Users/qa/AppData/Local/Temp/anonymous3759766098898263609webdriver-profile/extensions/fxdriver@googlecode.com/components/driver-component.js:625)
... Removed 28 stack frames]]>
    </failure>
  </testcase> <!-- HMS5928 -->
  <testcase name="HMS5929" time="44.979" classname="com.hms.hotelogix.automationframework.tests.admin.RoomsManager.RoomTypes.RoomTypeTest"/>
  <testcase name="HMS5930" time="137.209" classname="com.hms.hotelogix.automationframework.tests.admin.RoomsManager.RoomTypes.RoomTypeTest">
    <failure type="org.openqa.selenium.NoSuchElementException" message="Unable to locate element: {&amp;quot;method&amp;quot;:&amp;quot;xpath&amp;quot;,&amp;quot;selector&amp;quot;:&amp;quot;//td/input[@name=&amp;apos;imageName&amp;apos;]&amp;quot;}
Command duration or timeout: 70.13 seconds
For documentation on this error, please visit: http://seleniumhq.org/exceptions/no_such_element.html
Build info: version: &amp;apos;2.53.0&amp;apos;, revision: &amp;apos;35ae25b1534ae328c771e0856c93e187490ca824&amp;apos;, time: &amp;apos;2016-03-15 10:43:46&amp;apos;
System info: host: &amp;apos;hms-update4&amp;apos;, ip: &amp;apos;192.168.2.115&amp;apos;, os.name: &amp;apos;Windows 7&amp;apos;, os.arch: &amp;apos;x86&amp;apos;, os.version: &amp;apos;6.1&amp;apos;, java.version: &amp;apos;1.8.0_65&amp;apos;
Driver info: org.openqa.selenium.firefox.FirefoxDriver
Capabilities [{applicationCacheEnabled=true, rotatable=false, handlesAlerts=true, databaseEnabled=true, version=40.0.3, platform=WINDOWS, nativeEvents=false, acceptSslCerts=true, webStorageEnabled=true, locationContextEnabled=true, browserName=firefox, takesScreenshot=true, javascriptEnabled=true, cssSelectorsEnabled=true}]
Session ID: dcd1659b-88f1-4a4b-9fa4-fe1cda950faf
*** Element info: {Using=xpath, value=//td/input[@name=&amp;apos;imageName&amp;apos;]}">
      <![CDATA[org.openqa.selenium.NoSuchElementException: Unable to locate element: {"method":"xpath","selector":"//td/input[@name='imageName']"}
Command duration or timeout: 70.13 seconds
For documentation on this error, please visit: http://seleniumhq.org/exceptions/no_such_element.html
Build info: version: '2.53.0', revision: '35ae25b1534ae328c771e0856c93e187490ca824', time: '2016-03-15 10:43:46'
System info: host: 'hms-update4', ip: '192.168.2.115', os.name: 'Windows 7', os.arch: 'x86', os.version: '6.1', java.version: '1.8.0_65'
Driver info: org.openqa.selenium.firefox.FirefoxDriver
Capabilities [{applicationCacheEnabled=true, rotatable=false, handlesAlerts=true, databaseEnabled=true, version=40.0.3, platform=WINDOWS, nativeEvents=false, acceptSslCerts=true, webStorageEnabled=true, locationContextEnabled=true, browserName=firefox, takesScreenshot=true, javascriptEnabled=true, cssSelectorsEnabled=true}]
Session ID: dcd1659b-88f1-4a4b-9fa4-fe1cda950faf
*** Element info: {Using=xpath, value=//td/input[@name='imageName']}
	at org.openqa.selenium.remote.ErrorHandler.createThrowable(ErrorHandler.java:206)
	at org.openqa.selenium.remote.ErrorHandler.throwIfResponseFailed(ErrorHandler.java:158)
	at org.openqa.selenium.remote.RemoteWebDriver.execute(RemoteWebDriver.java:678)
	at org.openqa.selenium.remote.RemoteWebDriver.findElement(RemoteWebDriver.java:363)
	at org.openqa.selenium.remote.RemoteWebDriver.findElementByXPath(RemoteWebDriver.java:500)
	at org.openqa.selenium.By$ByXPath.findElement(By.java:361)
	at org.openqa.selenium.remote.RemoteWebDriver.findElement(RemoteWebDriver.java:355)
	at org.openqa.selenium.support.pagefactory.DefaultElementLocator.findElement(DefaultElementLocator.java:69)
	at org.openqa.selenium.support.pagefactory.internal.LocatingElementHandler.invoke(LocatingElementHandler.java:38)
	at com.sun.proxy.$Proxy7.click(Unknown Source)
	at com.hms.hotelogix.automationframework.pages.GenericMethod.GenericClass.clickElement(GenericClass.java:458)
	at com.hms.hotelogix.automationframework.pages.admin.RoomsManager.RoomTypes.EditRoomType.fn_uploadimage(EditRoomType.java:475)
	at com.hms.hotelogix.automationframework.tests.admin.RoomsManager.RoomTypes.RoomTypeTest.HMS5930(RoomTypeTest.java:611)
Caused by: org.openqa.selenium.NoSuchElementException: Unable to locate element: {"method":"xpath","selector":"//td/input[@name='imageName']"}
For documentation on this error, please visit: http://seleniumhq.org/exceptions/no_such_element.html
Build info: version: '2.53.0', revision: '35ae25b1534ae328c771e0856c93e187490ca824', time: '2016-03-15 10:43:46'
System info: host: 'hms-update4', ip: '192.168.2.115', os.name: 'Windows 7', os.arch: 'x86', os.version: '6.1', java.version: '1.8.0_65'
Driver info: driver.version: unknown
	at <anonymous class>.FirefoxDriver.prototype.findElementInternal_(file:///C:/Users/qa/AppData/Local/Temp/anonymous1616637665541791745webdriver-profile/extensions/fxdriver@googlecode.com/components/driver-component.js:10770)
	at <anonymous class>.fxdriver.Timer.prototype.setTimeout/<.notify(file:///C:/Users/qa/AppData/Local/Temp/anonymous1616637665541791745webdriver-profile/extensions/fxdriver@googlecode.com/components/driver-component.js:625)
... Removed 28 stack frames]]>
    </failure>
  </testcase> <!-- HMS5930 -->
  <testcase name="HMS8860" time="93.808" classname="com.hms.hotelogix.automationframework.tests.admin.RoomsManager.RoomTypes.RoomTypeTest">
    <failure type="org.openqa.selenium.remote.UnreachableBrowserException" message="Error communicating with the remote browser. It may have died.
Build info: version: &amp;apos;2.53.0&amp;apos;, revision: &amp;apos;35ae25b1534ae328c771e0856c93e187490ca824&amp;apos;, time: &amp;apos;2016-03-15 10:43:46&amp;apos;
System info: host: &amp;apos;hms-update4&amp;apos;, ip: &amp;apos;192.168.2.115&amp;apos;, os.name: &amp;apos;Windows 7&amp;apos;, os.arch: &amp;apos;x86&amp;apos;, os.version: &amp;apos;6.1&amp;apos;, java.version: &amp;apos;1.8.0_65&amp;apos;
Driver info: driver.version: FirefoxDriver
Capabilities [{applicationCacheEnabled=true, rotatable=false, handlesAlerts=true, databaseEnabled=true, version=40.0.3, platform=WINDOWS, nativeEvents=false, acceptSslCerts=true, webStorageEnabled=true, locationContextEnabled=true, browserName=firefox, takesScreenshot=true, javascriptEnabled=true, cssSelectorsEnabled=true}]
Session ID: f2765bf8-f800-45df-ac50-b19527c57910">
      <![CDATA[org.openqa.selenium.remote.UnreachableBrowserException: Error communicating with the remote browser. It may have died.
Build info: version: '2.53.0', revision: '35ae25b1534ae328c771e0856c93e187490ca824', time: '2016-03-15 10:43:46'
System info: host: 'hms-update4', ip: '192.168.2.115', os.name: 'Windows 7', os.arch: 'x86', os.version: '6.1', java.version: '1.8.0_65'
Driver info: driver.version: FirefoxDriver
Capabilities [{applicationCacheEnabled=true, rotatable=false, handlesAlerts=true, databaseEnabled=true, version=40.0.3, platform=WINDOWS, nativeEvents=false, acceptSslCerts=true, webStorageEnabled=true, locationContextEnabled=true, browserName=firefox, takesScreenshot=true, javascriptEnabled=true, cssSelectorsEnabled=true}]
Session ID: f2765bf8-f800-45df-ac50-b19527c57910
	at org.openqa.selenium.remote.RemoteWebDriver.execute(RemoteWebDriver.java:665)
	at org.openqa.selenium.remote.RemoteWebDriver.execute(RemoteWebDriver.java:701)
	at org.openqa.selenium.firefox.FirefoxDriver.getScreenshotAs(FirefoxDriver.java:341)
	at com.hms.hotelogix.automationframework.pages.GenericMethod.GenericClass.getscreenshot(GenericClass.java:1022)
	at com.hms.hotelogix.automationframework.tests.admin.RoomsManager.RoomTypes.RoomTypeTest.HMS8860(RoomTypeTest.java:670)
Caused by: org.apache.http.conn.HttpHostConnectException: Connect to 127.0.0.1:7055 [/127.0.0.1] failed: Connection refused: connect
	at org.apache.http.impl.conn.DefaultHttpClientConnectionOperator.connect(DefaultHttpClientConnectionOperator.java:151)
	at org.apache.http.impl.conn.PoolingHttpClientConnectionManager.connect(PoolingHttpClientConnectionManager.java:353)
	at org.apache.http.impl.execchain.MainClientExec.establishRoute(MainClientExec.java:380)
	at org.apache.http.impl.execchain.MainClientExec.execute(MainClientExec.java:236)
	at org.apache.http.impl.execchain.ProtocolExec.execute(ProtocolExec.java:184)
	at org.apache.http.impl.execchain.RetryExec.execute(RetryExec.java:88)
	at org.apache.http.impl.execchain.RedirectExec.execute(RedirectExec.java:110)
	at org.apache.http.impl.client.InternalHttpClient.doExecute(InternalHttpClient.java:184)
	at org.apache.http.impl.client.CloseableHttpClient.execute(CloseableHttpClient.java:71)
	at org.apache.http.impl.client.CloseableHttpClient.execute(CloseableHttpClient.java:55)
	at org.openqa.selenium.remote.internal.ApacheHttpClient.fallBackExecute(ApacheHttpClient.java:144)
	at org.openqa.selenium.remote.internal.ApacheHttpClient.execute(ApacheHttpClient.java:90)
	at org.openqa.selenium.remote.HttpCommandExecutor.execute(HttpCommandExecutor.java:142)
	at org.openqa.selenium.firefox.internal.NewProfileExtensionConnection.execute(NewProfileExtensionConnection.java:160)
	at org.openqa.selenium.firefox.FirefoxDriver$LazyCommandExecutor.execute(FirefoxDriver.java:380)
	at org.openqa.selenium.remote.RemoteWebDriver.execute(RemoteWebDriver.java:644)
	... 28 more
Caused by: java.net.ConnectException: Connection refused: connect
	at java.net.DualStackPlainSocketImpl.waitForConnect(Native Method)
	at java.net.DualStackPlainSocketImpl.socketConnect(Unknown Source)
	at java.net.AbstractPlainSocketImpl.doConnect(Unknown Source)
	at java.net.AbstractPlainSocketImpl.connectToAddress(Unknown Source)
	at java.net.AbstractPlainSocketImpl.connect(Unknown Source)
	at java.net.PlainSocketImpl.connect(Unknown Source)
	at java.net.SocksSocketImpl.connect(Unknown Source)
	at java.net.Socket.connect(Unknown Source)
	at org.apache.http.conn.socket.PlainConnectionSocketFactory.connectSocket(PlainConnectionSocketFactory.java:74)
	at org.apache.http.impl.conn.DefaultHttpClientConnectionOperator.connect(DefaultHttpClientConnectionOperator.java:134)
	... 43 more
... Removed 24 stack frames]]>
    </failure>
  </testcase> <!-- HMS8860 -->
  <testcase name="HMS8861" time="0.002" classname="com.hms.hotelogix.automationframework.tests.admin.RoomsManager.RoomTypes.RoomTypeTest">
    <skipped/>
  </testcase> <!-- HMS8861 -->
  <testcase name="HMS8862" time="0.002" classname="com.hms.hotelogix.automationframework.tests.admin.RoomsManager.RoomTypes.RoomTypeTest">
    <skipped/>
  </testcase> <!-- HMS8862 -->
  <testcase name="HMS5910" time="0.002" classname="com.hms.hotelogix.automationframework.tests.admin.RoomsManager.RoomTypes.RoomTypeTest">
    <skipped/>
  </testcase> <!-- HMS5910 -->
  <testcase name="HMS8863" time="0.001" classname="com.hms.hotelogix.automationframework.tests.admin.RoomsManager.RoomTypes.RoomTypeTest">
    <skipped/>
  </testcase> <!-- HMS8863 -->
  <testcase name="HMS5912" time="0.001" classname="com.hms.hotelogix.automationframework.tests.admin.RoomsManager.RoomTypes.RoomTypeTest">
    <skipped/>
  </testcase> <!-- HMS5912 -->
  <testcase name="HMS5913" time="0.001" classname="com.hms.hotelogix.automationframework.tests.admin.RoomsManager.RoomTypes.RoomTypeTest">
    <skipped/>
  </testcase> <!-- HMS5913 -->
  <testcase name="HMS5914" time="0.0" classname="com.hms.hotelogix.automationframework.tests.admin.RoomsManager.RoomTypes.RoomTypeTest">
    <skipped/>
  </testcase> <!-- HMS5914 -->
  <testcase name="HMS1667" time="0.001" classname="com.hms.hotelogix.automationframework.tests.admin.RoomsManager.RoomTypes.RoomTypeTest">
    <skipped/>
  </testcase> <!-- HMS1667 -->
  <testcase name="HMS1670" time="0.0" classname="com.hms.hotelogix.automationframework.tests.admin.RoomsManager.RoomTypes.RoomTypeTest">
    <skipped/>
  </testcase> <!-- HMS1670 -->
  <testcase name="HMS5916" time="0.001" classname="com.hms.hotelogix.automationframework.tests.admin.RoomsManager.RoomTypes.RoomTypeTest">
    <skipped/>
  </testcase> <!-- HMS5916 -->
  <testcase name="HMS8864" time="0.001" classname="com.hms.hotelogix.automationframework.tests.admin.RoomsManager.RoomTypes.RoomTypeTest">
    <skipped/>
  </testcase> <!-- HMS8864 -->
  <testcase name="HMS1669" time="0.0" classname="com.hms.hotelogix.automationframework.tests.admin.RoomsManager.RoomTypes.RoomTypeTest">
    <skipped/>
  </testcase> <!-- HMS1669 -->
  <testcase name="HMS1668" time="0.0" classname="com.hms.hotelogix.automationframework.tests.admin.RoomsManager.RoomTypes.RoomTypeTest">
    <skipped/>
  </testcase> <!-- HMS1668 -->
  <testcase name="HMS5918" time="0.0" classname="com.hms.hotelogix.automationframework.tests.admin.RoomsManager.RoomTypes.RoomTypeTest">
    <skipped/>
  </testcase> <!-- HMS5918 -->
  <testcase name="HMS5915" time="0.0" classname="com.hms.hotelogix.automationframework.tests.admin.RoomsManager.RoomTypes.RoomTypeTest">
    <skipped/>
  </testcase> <!-- HMS5915 -->
  <testcase name="HMS1671" time="0.0" classname="com.hms.hotelogix.automationframework.tests.admin.RoomsManager.RoomTypes.RoomTypeTest">
    <skipped/>
  </testcase> <!-- HMS1671 -->
  <testcase name="HMS1675" time="0.0" classname="com.hms.hotelogix.automationframework.tests.admin.RoomsManager.RoomTypes.RoomTypeTest">
    <skipped/>
  </testcase> <!-- HMS1675 -->
  <testcase name="HMS8865" time="0.001" classname="com.hms.hotelogix.automationframework.tests.admin.RoomsManager.RoomTypes.RoomTypeTest">
    <skipped/>
  </testcase> <!-- HMS8865 -->
  <testcase name="HMS5917" time="0.0" classname="com.hms.hotelogix.automationframework.tests.admin.RoomsManager.RoomTypes.RoomTypeTest">
    <skipped/>
  </testcase> <!-- HMS5917 -->
  <testcase name="HMS8866" time="0.0" classname="com.hms.hotelogix.automationframework.tests.admin.RoomsManager.RoomTypes.RoomTypeTest">
    <skipped/>
  </testcase> <!-- HMS8866 -->
  <testcase name="HMS8867" time="0.001" classname="com.hms.hotelogix.automationframework.tests.admin.RoomsManager.RoomTypes.RoomTypeTest">
    <skipped/>
  </testcase> <!-- HMS8867 -->
  <testcase name="HMS8868" time="0.0" classname="com.hms.hotelogix.automationframework.tests.admin.RoomsManager.RoomTypes.RoomTypeTest">
    <skipped/>
  </testcase> <!-- HMS8868 -->
  <testcase name="HMS5920" time="0.0" classname="com.hms.hotelogix.automationframework.tests.admin.RoomsManager.RoomTypes.RoomTypeTest">
    <skipped/>
  </testcase> <!-- HMS5920 -->
  <testcase name="HMS5921" time="0.0" classname="com.hms.hotelogix.automationframework.tests.admin.RoomsManager.RoomTypes.RoomTypeTest">
    <skipped/>
  </testcase> <!-- HMS5921 -->
  <testcase name="HMS1672" time="0.001" classname="com.hms.hotelogix.automationframework.tests.admin.RoomsManager.RoomTypes.RoomTypeTest">
    <skipped/>
  </testcase> <!-- HMS1672 -->
  <testcase name="HMS1673" time="0.0" classname="com.hms.hotelogix.automationframework.tests.admin.RoomsManager.RoomTypes.RoomTypeTest">
    <skipped/>
  </testcase> <!-- HMS1673 -->
  <testcase name="HMS5923" time="0.0" classname="com.hms.hotelogix.automationframework.tests.admin.RoomsManager.RoomTypes.RoomTypeTest">
    <skipped/>
  </testcase> <!-- HMS5923 -->
  <testcase name="HMS1674" time="0.0" classname="com.hms.hotelogix.automationframework.tests.admin.RoomsManager.RoomTypes.RoomTypeTest">
    <skipped/>
  </testcase> <!-- HMS1674 -->
  <testcase name="HMS8873" time="0.0" classname="com.hms.hotelogix.automationframework.tests.admin.RoomsManager.RoomTypes.RoomTypeTest">
    <skipped/>
  </testcase> <!-- HMS8873 -->
  <testcase name="HMS5924" time="0.0" classname="com.hms.hotelogix.automationframework.tests.admin.RoomsManager.RoomTypes.RoomTypeTest">
    <skipped/>
  </testcase> <!-- HMS5924 -->
  <testcase name="HMS8869" time="0.0" classname="com.hms.hotelogix.automationframework.tests.admin.RoomsManager.RoomTypes.RoomTypeTest">
    <skipped/>
  </testcase> <!-- HMS8869 -->
  <testcase name="HMS1719" time="0.0" classname="com.hms.hotelogix.automationframework.tests.admin.RoomsManager.RoomTypes.RoomTypeTest">
    <skipped/>
  </testcase> <!-- HMS1719 -->
  <testcase name="HMS1718" time="0.0" classname="com.hms.hotelogix.automationframework.tests.admin.RoomsManager.RoomTypes.RoomTypeTest">
    <skipped/>
  </testcase> <!-- HMS1718 -->
  <testcase name="HMS1720" time="0.001" classname="com.hms.hotelogix.automationframework.tests.admin.RoomsManager.RoomTypes.RoomTypeTest">
    <skipped/>
  </testcase> <!-- HMS1720 -->
  <testcase name="HMS1716" time="0.0" classname="com.hms.hotelogix.automationframework.tests.admin.RoomsManager.RoomTypes.RoomTypeTest">
    <skipped/>
  </testcase> <!-- HMS1716 -->
  <testcase name="HMS8870" time="0.0" classname="com.hms.hotelogix.automationframework.tests.admin.RoomsManager.RoomTypes.RoomTypeTest">
    <skipped/>
  </testcase> <!-- HMS8870 -->
  <testcase name="HMS1717" time="0.0" classname="com.hms.hotelogix.automationframework.tests.admin.RoomsManager.RoomTypes.RoomTypeTest">
    <skipped/>
  </testcase> <!-- HMS1717 -->
  <testcase name="HMS8871" time="0.0" classname="com.hms.hotelogix.automationframework.tests.admin.RoomsManager.RoomTypes.RoomTypeTest">
    <skipped/>
  </testcase> <!-- HMS8871 -->
  <testcase name="HMS1705" time="0.0" classname="com.hms.hotelogix.automationframework.tests.admin.RoomsManager.RoomTypes.RoomTypeTest">
    <skipped/>
  </testcase> <!-- HMS1705 -->
  <testcase name="HMS1721" time="0.001" classname="com.hms.hotelogix.automationframework.tests.admin.RoomsManager.RoomTypes.RoomTypeTest">
    <skipped/>
  </testcase> <!-- HMS1721 -->
  <testcase name="HMS1722" time="0.001" classname="com.hms.hotelogix.automationframework.tests.admin.RoomsManager.RoomTypes.RoomTypeTest">
    <skipped/>
  </testcase> <!-- HMS1722 -->
  <testcase name="HMS1723" time="0.001" classname="com.hms.hotelogix.automationframework.tests.admin.RoomsManager.RoomTypes.RoomTypeTest">
    <skipped/>
  </testcase> <!-- HMS1723 -->
  <testcase name="HMS1724" time="0.0" classname="com.hms.hotelogix.automationframework.tests.admin.RoomsManager.RoomTypes.RoomTypeTest">
    <skipped/>
  </testcase> <!-- HMS1724 -->
  <testcase name="HMS1730" time="0.0" classname="com.hms.hotelogix.automationframework.tests.admin.RoomsManager.RoomTypes.RoomTypeTest">
    <skipped/>
  </testcase> <!-- HMS1730 -->
  <testcase name="HMS8908" time="12.747" classname="com.hms.hotelogix.automationframework.tests.admin.General.InvoiceNumberSettings.InvoiceNumberSettingsTest"/>
  <testcase name="HMS6350" time="14.087" classname="com.hms.hotelogix.automationframework.tests.admin.General.InvoiceNumberSettings.InvoiceNumberSettingsTest"/>
  <testcase name="HMS8909" time="11.972" classname="com.hms.hotelogix.automationframework.tests.admin.General.InvoiceNumberSettings.InvoiceNumberSettingsTest"/>
  <testcase name="HMS6351" time="17.792" classname="com.hms.hotelogix.automationframework.tests.admin.General.InvoiceNumberSettings.InvoiceNumberSettingsTest"/>
  <testcase name="HMS6352" time="18.006" classname="com.hms.hotelogix.automationframework.tests.admin.General.InvoiceNumberSettings.InvoiceNumberSettingsTest"/>
  <testcase name="HMS8910" time="16.019" classname="com.hms.hotelogix.automationframework.tests.admin.General.InvoiceNumberSettings.InvoiceNumberSettingsTest"/>
  <testcase name="HMS8911" time="14.202" classname="com.hms.hotelogix.automationframework.tests.admin.General.InvoiceNumberSettings.InvoiceNumberSettingsTest"/>
  <testcase name="HMS8916" time="14.575" classname="com.hms.hotelogix.automationframework.tests.admin.General.InvoiceNumberSettings.InvoiceNumberSettingsTest"/>
  <testcase name="HMS6353" time="164.972" classname="com.hms.hotelogix.automationframework.tests.admin.General.InvoiceNumberSettings.InvoiceNumberSettingsTest">
    <failure type="org.openqa.selenium.ElementNotVisibleException" message="Element is not currently visible and so may not be interacted with
Command duration or timeout: 70.07 seconds
Build info: version: &amp;apos;2.53.0&amp;apos;, revision: &amp;apos;35ae25b1534ae328c771e0856c93e187490ca824&amp;apos;, time: &amp;apos;2016-03-15 10:43:46&amp;apos;
System info: host: &amp;apos;hms-update4&amp;apos;, ip: &amp;apos;192.168.2.115&amp;apos;, os.name: &amp;apos;Windows 7&amp;apos;, os.arch: &amp;apos;x86&amp;apos;, os.version: &amp;apos;6.1&amp;apos;, java.version: &amp;apos;1.8.0_65&amp;apos;
Driver info: org.openqa.selenium.firefox.FirefoxDriver
Capabilities [{applicationCacheEnabled=true, rotatable=false, handlesAlerts=true, databaseEnabled=true, version=40.0.3, platform=WINDOWS, nativeEvents=false, acceptSslCerts=true, webStorageEnabled=true, locationContextEnabled=true, browserName=firefox, takesScreenshot=true, javascriptEnabled=true, cssSelectorsEnabled=true}]
Session ID: a57263c0-7b5d-4e04-bb7a-7e1093548fdf">
      <![CDATA[org.openqa.selenium.ElementNotVisibleException: Element is not currently visible and so may not be interacted with
Command duration or timeout: 70.07 seconds
Build info: version: '2.53.0', revision: '35ae25b1534ae328c771e0856c93e187490ca824', time: '2016-03-15 10:43:46'
System info: host: 'hms-update4', ip: '192.168.2.115', os.name: 'Windows 7', os.arch: 'x86', os.version: '6.1', java.version: '1.8.0_65'
Driver info: org.openqa.selenium.firefox.FirefoxDriver
Capabilities [{applicationCacheEnabled=true, rotatable=false, handlesAlerts=true, databaseEnabled=true, version=40.0.3, platform=WINDOWS, nativeEvents=false, acceptSslCerts=true, webStorageEnabled=true, locationContextEnabled=true, browserName=firefox, takesScreenshot=true, javascriptEnabled=true, cssSelectorsEnabled=true}]
Session ID: a57263c0-7b5d-4e04-bb7a-7e1093548fdf
	at org.openqa.selenium.remote.ErrorHandler.createThrowable(ErrorHandler.java:206)
	at org.openqa.selenium.remote.ErrorHandler.throwIfResponseFailed(ErrorHandler.java:158)
	at org.openqa.selenium.remote.RemoteWebDriver.execute(RemoteWebDriver.java:678)
	at org.openqa.selenium.remote.RemoteWebElement.execute(RemoteWebElement.java:327)
	at org.openqa.selenium.remote.RemoteWebElement.click(RemoteWebElement.java:85)
	at org.openqa.selenium.support.ui.Select.setSelected(Select.java:323)
	at org.openqa.selenium.support.ui.Select.selectByValue(Select.java:200)
	at com.hms.hotelogix.automationframework.pages.Frontdesk.FrontDeskHomePage.FrontdeskLandingPage.fn_fillAddQuickResrvDetails(FrontdeskLandingPage.java:1011)
	at com.hms.hotelogix.automationframework.tests.admin.General.InvoiceNumberSettings.InvoiceNumberSettingsTest.HMS6353(InvoiceNumberSettingsTest.java:380)
Caused by: org.openqa.selenium.ElementNotVisibleException: Element is not currently visible and so may not be interacted with
Build info: version: '2.53.0', revision: '35ae25b1534ae328c771e0856c93e187490ca824', time: '2016-03-15 10:43:46'
System info: host: 'hms-update4', ip: '192.168.2.115', os.name: 'Windows 7', os.arch: 'x86', os.version: '6.1', java.version: '1.8.0_65'
Driver info: driver.version: unknown
	at <anonymous class>.fxdriver.preconditions.visible(file:///C:/Users/qa/AppData/Local/Temp/anonymous1428496601246338985webdriver-profile/extensions/fxdriver@googlecode.com/components/command-processor.js:10092)
	at <anonymous class>.DelayedCommand.prototype.checkPreconditions_(file:///C:/Users/qa/AppData/Local/Temp/anonymous1428496601246338985webdriver-profile/extensions/fxdriver@googlecode.com/components/command-processor.js:12644)
	at <anonymous class>.DelayedCommand.prototype.executeInternal_/h(file:///C:/Users/qa/AppData/Local/Temp/anonymous1428496601246338985webdriver-profile/extensions/fxdriver@googlecode.com/components/command-processor.js:12661)
	at <anonymous class>.fxdriver.Timer.prototype.setTimeout/<.notify(file:///C:/Users/qa/AppData/Local/Temp/anonymous1428496601246338985webdriver-profile/extensions/fxdriver@googlecode.com/components/command-processor.js:625)
... Removed 28 stack frames]]>
    </failure>
  </testcase> <!-- HMS6353 -->
  <testcase name="HMS6354" time="164.859" classname="com.hms.hotelogix.automationframework.tests.admin.General.InvoiceNumberSettings.InvoiceNumberSettingsTest">
    <failure type="org.openqa.selenium.ElementNotVisibleException" message="Element is not currently visible and so may not be interacted with
Command duration or timeout: 70.08 seconds
Build info: version: &amp;apos;2.53.0&amp;apos;, revision: &amp;apos;35ae25b1534ae328c771e0856c93e187490ca824&amp;apos;, time: &amp;apos;2016-03-15 10:43:46&amp;apos;
System info: host: &amp;apos;hms-update4&amp;apos;, ip: &amp;apos;192.168.2.115&amp;apos;, os.name: &amp;apos;Windows 7&amp;apos;, os.arch: &amp;apos;x86&amp;apos;, os.version: &amp;apos;6.1&amp;apos;, java.version: &amp;apos;1.8.0_65&amp;apos;
Driver info: org.openqa.selenium.firefox.FirefoxDriver
Capabilities [{applicationCacheEnabled=true, rotatable=false, handlesAlerts=true, databaseEnabled=true, version=40.0.3, platform=WINDOWS, nativeEvents=false, acceptSslCerts=true, webStorageEnabled=true, locationContextEnabled=true, browserName=firefox, takesScreenshot=true, javascriptEnabled=true, cssSelectorsEnabled=true}]
Session ID: e25cd56f-4c12-4b82-bc42-1ea744aa455c">
      <![CDATA[org.openqa.selenium.ElementNotVisibleException: Element is not currently visible and so may not be interacted with
Command duration or timeout: 70.08 seconds
Build info: version: '2.53.0', revision: '35ae25b1534ae328c771e0856c93e187490ca824', time: '2016-03-15 10:43:46'
System info: host: 'hms-update4', ip: '192.168.2.115', os.name: 'Windows 7', os.arch: 'x86', os.version: '6.1', java.version: '1.8.0_65'
Driver info: org.openqa.selenium.firefox.FirefoxDriver
Capabilities [{applicationCacheEnabled=true, rotatable=false, handlesAlerts=true, databaseEnabled=true, version=40.0.3, platform=WINDOWS, nativeEvents=false, acceptSslCerts=true, webStorageEnabled=true, locationContextEnabled=true, browserName=firefox, takesScreenshot=true, javascriptEnabled=true, cssSelectorsEnabled=true}]
Session ID: e25cd56f-4c12-4b82-bc42-1ea744aa455c
	at org.openqa.selenium.remote.ErrorHandler.createThrowable(ErrorHandler.java:206)
	at org.openqa.selenium.remote.ErrorHandler.throwIfResponseFailed(ErrorHandler.java:158)
	at org.openqa.selenium.remote.RemoteWebDriver.execute(RemoteWebDriver.java:678)
	at org.openqa.selenium.remote.RemoteWebElement.execute(RemoteWebElement.java:327)
	at org.openqa.selenium.remote.RemoteWebElement.click(RemoteWebElement.java:85)
	at org.openqa.selenium.support.ui.Select.setSelected(Select.java:323)
	at org.openqa.selenium.support.ui.Select.selectByValue(Select.java:200)
	at com.hms.hotelogix.automationframework.pages.Frontdesk.FrontDeskHomePage.FrontdeskLandingPage.fn_fillAddQuickResrvDetails(FrontdeskLandingPage.java:1011)
	at com.hms.hotelogix.automationframework.tests.admin.General.InvoiceNumberSettings.InvoiceNumberSettingsTest.HMS6354(InvoiceNumberSettingsTest.java:444)
Caused by: org.openqa.selenium.ElementNotVisibleException: Element is not currently visible and so may not be interacted with
Build info: version: '2.53.0', revision: '35ae25b1534ae328c771e0856c93e187490ca824', time: '2016-03-15 10:43:46'
System info: host: 'hms-update4', ip: '192.168.2.115', os.name: 'Windows 7', os.arch: 'x86', os.version: '6.1', java.version: '1.8.0_65'
Driver info: driver.version: unknown
	at <anonymous class>.fxdriver.preconditions.visible(file:///C:/Users/qa/AppData/Local/Temp/anonymous6358237559891865234webdriver-profile/extensions/fxdriver@googlecode.com/components/command-processor.js:10092)
	at <anonymous class>.DelayedCommand.prototype.checkPreconditions_(file:///C:/Users/qa/AppData/Local/Temp/anonymous6358237559891865234webdriver-profile/extensions/fxdriver@googlecode.com/components/command-processor.js:12644)
	at <anonymous class>.DelayedCommand.prototype.executeInternal_/h(file:///C:/Users/qa/AppData/Local/Temp/anonymous6358237559891865234webdriver-profile/extensions/fxdriver@googlecode.com/components/command-processor.js:12661)
	at <anonymous class>.fxdriver.Timer.prototype.setTimeout/<.notify(file:///C:/Users/qa/AppData/Local/Temp/anonymous6358237559891865234webdriver-profile/extensions/fxdriver@googlecode.com/components/command-processor.js:625)
... Removed 28 stack frames]]>
    </failure>
  </testcase> <!-- HMS6354 -->
  <testcase name="HMS6355" time="15.581" classname="com.hms.hotelogix.automationframework.tests.admin.General.InvoiceNumberSettings.InvoiceNumberSettingsTest"/>
  <testcase name="HMS6356" time="14.726" classname="com.hms.hotelogix.automationframework.tests.admin.General.InvoiceNumberSettings.InvoiceNumberSettingsTest"/>
  <testcase name="HMS6357" time="169.155" classname="com.hms.hotelogix.automationframework.tests.admin.General.InvoiceNumberSettings.InvoiceNumberSettingsTest">
    <failure type="org.openqa.selenium.ElementNotVisibleException" message="Element is not currently visible and so may not be interacted with
Command duration or timeout: 70.04 seconds
Build info: version: &amp;apos;2.53.0&amp;apos;, revision: &amp;apos;35ae25b1534ae328c771e0856c93e187490ca824&amp;apos;, time: &amp;apos;2016-03-15 10:43:46&amp;apos;
System info: host: &amp;apos;hms-update4&amp;apos;, ip: &amp;apos;192.168.2.115&amp;apos;, os.name: &amp;apos;Windows 7&amp;apos;, os.arch: &amp;apos;x86&amp;apos;, os.version: &amp;apos;6.1&amp;apos;, java.version: &amp;apos;1.8.0_65&amp;apos;
Driver info: org.openqa.selenium.firefox.FirefoxDriver
Capabilities [{applicationCacheEnabled=true, rotatable=false, handlesAlerts=true, databaseEnabled=true, version=40.0.3, platform=WINDOWS, nativeEvents=false, acceptSslCerts=true, webStorageEnabled=true, locationContextEnabled=true, browserName=firefox, takesScreenshot=true, javascriptEnabled=true, cssSelectorsEnabled=true}]
Session ID: 8805c20e-1d10-491c-90ce-e4deb6af1cd4">
      <![CDATA[org.openqa.selenium.ElementNotVisibleException: Element is not currently visible and so may not be interacted with
Command duration or timeout: 70.04 seconds
Build info: version: '2.53.0', revision: '35ae25b1534ae328c771e0856c93e187490ca824', time: '2016-03-15 10:43:46'
System info: host: 'hms-update4', ip: '192.168.2.115', os.name: 'Windows 7', os.arch: 'x86', os.version: '6.1', java.version: '1.8.0_65'
Driver info: org.openqa.selenium.firefox.FirefoxDriver
Capabilities [{applicationCacheEnabled=true, rotatable=false, handlesAlerts=true, databaseEnabled=true, version=40.0.3, platform=WINDOWS, nativeEvents=false, acceptSslCerts=true, webStorageEnabled=true, locationContextEnabled=true, browserName=firefox, takesScreenshot=true, javascriptEnabled=true, cssSelectorsEnabled=true}]
Session ID: 8805c20e-1d10-491c-90ce-e4deb6af1cd4
	at org.openqa.selenium.remote.ErrorHandler.createThrowable(ErrorHandler.java:206)
	at org.openqa.selenium.remote.ErrorHandler.throwIfResponseFailed(ErrorHandler.java:158)
	at org.openqa.selenium.remote.RemoteWebDriver.execute(RemoteWebDriver.java:678)
	at org.openqa.selenium.remote.RemoteWebElement.execute(RemoteWebElement.java:327)
	at org.openqa.selenium.remote.RemoteWebElement.click(RemoteWebElement.java:85)
	at org.openqa.selenium.support.ui.Select.setSelected(Select.java:323)
	at org.openqa.selenium.support.ui.Select.selectByValue(Select.java:200)
	at com.hms.hotelogix.automationframework.pages.Frontdesk.FrontDeskHomePage.FrontdeskLandingPage.fn_fillAddQuickResrvDetails(FrontdeskLandingPage.java:1011)
	at com.hms.hotelogix.automationframework.tests.admin.General.InvoiceNumberSettings.InvoiceNumberSettingsTest.HMS6357(InvoiceNumberSettingsTest.java:591)
Caused by: org.openqa.selenium.ElementNotVisibleException: Element is not currently visible and so may not be interacted with
Build info: version: '2.53.0', revision: '35ae25b1534ae328c771e0856c93e187490ca824', time: '2016-03-15 10:43:46'
System info: host: 'hms-update4', ip: '192.168.2.115', os.name: 'Windows 7', os.arch: 'x86', os.version: '6.1', java.version: '1.8.0_65'
Driver info: driver.version: unknown
	at <anonymous class>.fxdriver.preconditions.visible(file:///C:/Users/qa/AppData/Local/Temp/anonymous7150368770047184330webdriver-profile/extensions/fxdriver@googlecode.com/components/command-processor.js:10092)
	at <anonymous class>.DelayedCommand.prototype.checkPreconditions_(file:///C:/Users/qa/AppData/Local/Temp/anonymous7150368770047184330webdriver-profile/extensions/fxdriver@googlecode.com/components/command-processor.js:12644)
	at <anonymous class>.DelayedCommand.prototype.executeInternal_/h(file:///C:/Users/qa/AppData/Local/Temp/anonymous7150368770047184330webdriver-profile/extensions/fxdriver@googlecode.com/components/command-processor.js:12661)
	at <anonymous class>.fxdriver.Timer.prototype.setTimeout/<.notify(file:///C:/Users/qa/AppData/Local/Temp/anonymous7150368770047184330webdriver-profile/extensions/fxdriver@googlecode.com/components/command-processor.js:625)
... Removed 28 stack frames]]>
    </failure>
  </testcase> <!-- HMS6357 -->
  <testcase name="HMS6358" time="169.926" classname="com.hms.hotelogix.automationframework.tests.admin.General.InvoiceNumberSettings.InvoiceNumberSettingsTest">
    <failure type="org.openqa.selenium.WebDriverException" message="Element is not clickable at point (843.5, 96.69999694824219). Other element would receive the click: &amp;lt;div style=&amp;quot;z-index: 10000; height: 1396px; width: 1263px; display: block;&amp;quot; id=&amp;quot;PanelAutoNA_mask&amp;quot; class=&amp;quot;mask&amp;quot;&amp;gt;&amp;lt;/div&amp;gt;
Command duration or timeout: 71 milliseconds
Build info: version: &amp;apos;2.53.0&amp;apos;, revision: &amp;apos;35ae25b1534ae328c771e0856c93e187490ca824&amp;apos;, time: &amp;apos;2016-03-15 10:43:46&amp;apos;
System info: host: &amp;apos;hms-update4&amp;apos;, ip: &amp;apos;192.168.2.115&amp;apos;, os.name: &amp;apos;Windows 7&amp;apos;, os.arch: &amp;apos;x86&amp;apos;, os.version: &amp;apos;6.1&amp;apos;, java.version: &amp;apos;1.8.0_65&amp;apos;
Driver info: org.openqa.selenium.firefox.FirefoxDriver
Capabilities [{applicationCacheEnabled=true, rotatable=false, handlesAlerts=true, databaseEnabled=true, version=40.0.3, platform=WINDOWS, nativeEvents=false, acceptSslCerts=true, webStorageEnabled=true, locationContextEnabled=true, browserName=firefox, takesScreenshot=true, javascriptEnabled=true, cssSelectorsEnabled=true}]
Session ID: 9da4602d-cfcf-4007-9df8-4e6b85da3dd3">
      <![CDATA[org.openqa.selenium.WebDriverException: Element is not clickable at point (843.5, 96.69999694824219). Other element would receive the click: <div style="z-index: 10000; height: 1396px; width: 1263px; display: block;" id="PanelAutoNA_mask" class="mask"></div>
Command duration or timeout: 71 milliseconds
Build info: version: '2.53.0', revision: '35ae25b1534ae328c771e0856c93e187490ca824', time: '2016-03-15 10:43:46'
System info: host: 'hms-update4', ip: '192.168.2.115', os.name: 'Windows 7', os.arch: 'x86', os.version: '6.1', java.version: '1.8.0_65'
Driver info: org.openqa.selenium.firefox.FirefoxDriver
Capabilities [{applicationCacheEnabled=true, rotatable=false, handlesAlerts=true, databaseEnabled=true, version=40.0.3, platform=WINDOWS, nativeEvents=false, acceptSslCerts=true, webStorageEnabled=true, locationContextEnabled=true, browserName=firefox, takesScreenshot=true, javascriptEnabled=true, cssSelectorsEnabled=true}]
Session ID: 9da4602d-cfcf-4007-9df8-4e6b85da3dd3
	at org.openqa.selenium.remote.ErrorHandler.createThrowable(ErrorHandler.java:206)
	at org.openqa.selenium.remote.ErrorHandler.throwIfResponseFailed(ErrorHandler.java:158)
	at org.openqa.selenium.remote.RemoteWebDriver.execute(RemoteWebDriver.java:678)
	at org.openqa.selenium.remote.RemoteWebElement.execute(RemoteWebElement.java:327)
	at org.openqa.selenium.remote.RemoteWebElement.click(RemoteWebElement.java:85)
	at org.openqa.selenium.support.pagefactory.internal.LocatingElementHandler.invoke(LocatingElementHandler.java:51)
	at com.sun.proxy.$Proxy7.click(Unknown Source)
	at com.hms.hotelogix.automationframework.pages.GenericMethod.GenericClass.clickElement(GenericClass.java:458)
	at com.hms.hotelogix.automationframework.pages.Frontdesk.FrontDeskHomePage.FrontdeskLandingPage.fn_SearchReservationID(FrontdeskLandingPage.java:221)
	at com.hms.hotelogix.automationframework.tests.admin.General.InvoiceNumberSettings.InvoiceNumberSettingsTest.HMS6358(InvoiceNumberSettingsTest.java:661)
... Removed 31 stack frames]]>
    </failure>
  </testcase> <!-- HMS6358 -->
  <testcase name="HMS6359" time="169.878" classname="com.hms.hotelogix.automationframework.tests.admin.General.InvoiceNumberSettings.InvoiceNumberSettingsTest">
    <failure type="org.openqa.selenium.ElementNotVisibleException" message="Element is not currently visible and so may not be interacted with
Command duration or timeout: 70.08 seconds
Build info: version: &amp;apos;2.53.0&amp;apos;, revision: &amp;apos;35ae25b1534ae328c771e0856c93e187490ca824&amp;apos;, time: &amp;apos;2016-03-15 10:43:46&amp;apos;
System info: host: &amp;apos;hms-update4&amp;apos;, ip: &amp;apos;192.168.2.115&amp;apos;, os.name: &amp;apos;Windows 7&amp;apos;, os.arch: &amp;apos;x86&amp;apos;, os.version: &amp;apos;6.1&amp;apos;, java.version: &amp;apos;1.8.0_65&amp;apos;
Driver info: org.openqa.selenium.firefox.FirefoxDriver
Capabilities [{applicationCacheEnabled=true, rotatable=false, handlesAlerts=true, databaseEnabled=true, version=40.0.3, platform=WINDOWS, nativeEvents=false, acceptSslCerts=true, webStorageEnabled=true, locationContextEnabled=true, browserName=firefox, takesScreenshot=true, javascriptEnabled=true, cssSelectorsEnabled=true}]
Session ID: 299b22d9-8b85-48e4-8ef2-92e41aa3cac3">
      <![CDATA[org.openqa.selenium.ElementNotVisibleException: Element is not currently visible and so may not be interacted with
Command duration or timeout: 70.08 seconds
Build info: version: '2.53.0', revision: '35ae25b1534ae328c771e0856c93e187490ca824', time: '2016-03-15 10:43:46'
System info: host: 'hms-update4', ip: '192.168.2.115', os.name: 'Windows 7', os.arch: 'x86', os.version: '6.1', java.version: '1.8.0_65'
Driver info: org.openqa.selenium.firefox.FirefoxDriver
Capabilities [{applicationCacheEnabled=true, rotatable=false, handlesAlerts=true, databaseEnabled=true, version=40.0.3, platform=WINDOWS, nativeEvents=false, acceptSslCerts=true, webStorageEnabled=true, locationContextEnabled=true, browserName=firefox, takesScreenshot=true, javascriptEnabled=true, cssSelectorsEnabled=true}]
Session ID: 299b22d9-8b85-48e4-8ef2-92e41aa3cac3
	at org.openqa.selenium.remote.ErrorHandler.createThrowable(ErrorHandler.java:206)
	at org.openqa.selenium.remote.ErrorHandler.throwIfResponseFailed(ErrorHandler.java:158)
	at org.openqa.selenium.remote.RemoteWebDriver.execute(RemoteWebDriver.java:678)
	at org.openqa.selenium.remote.RemoteWebElement.execute(RemoteWebElement.java:327)
	at org.openqa.selenium.remote.RemoteWebElement.click(RemoteWebElement.java:85)
	at org.openqa.selenium.support.ui.Select.setSelected(Select.java:323)
	at org.openqa.selenium.support.ui.Select.selectByValue(Select.java:200)
	at com.hms.hotelogix.automationframework.pages.Frontdesk.FrontDeskHomePage.FrontdeskLandingPage.fn_fillAddQuickResrvDetails(FrontdeskLandingPage.java:1011)
	at com.hms.hotelogix.automationframework.tests.admin.General.InvoiceNumberSettings.InvoiceNumberSettingsTest.HMS6359(InvoiceNumberSettingsTest.java:720)
Caused by: org.openqa.selenium.ElementNotVisibleException: Element is not currently visible and so may not be interacted with
Build info: version: '2.53.0', revision: '35ae25b1534ae328c771e0856c93e187490ca824', time: '2016-03-15 10:43:46'
System info: host: 'hms-update4', ip: '192.168.2.115', os.name: 'Windows 7', os.arch: 'x86', os.version: '6.1', java.version: '1.8.0_65'
Driver info: driver.version: unknown
	at <anonymous class>.fxdriver.preconditions.visible(file:///C:/Users/qa/AppData/Local/Temp/anonymous2705758560898372969webdriver-profile/extensions/fxdriver@googlecode.com/components/command-processor.js:10092)
	at <anonymous class>.DelayedCommand.prototype.checkPreconditions_(file:///C:/Users/qa/AppData/Local/Temp/anonymous2705758560898372969webdriver-profile/extensions/fxdriver@googlecode.com/components/command-processor.js:12644)
	at <anonymous class>.DelayedCommand.prototype.executeInternal_/h(file:///C:/Users/qa/AppData/Local/Temp/anonymous2705758560898372969webdriver-profile/extensions/fxdriver@googlecode.com/components/command-processor.js:12661)
	at <anonymous class>.fxdriver.Timer.prototype.setTimeout/<.notify(file:///C:/Users/qa/AppData/Local/Temp/anonymous2705758560898372969webdriver-profile/extensions/fxdriver@googlecode.com/components/command-processor.js:625)
... Removed 28 stack frames]]>
    </failure>
  </testcase> <!-- HMS6359 -->
  <testcase name="HMS6360" time="17.977" classname="com.hms.hotelogix.automationframework.tests.admin.General.InvoiceNumberSettings.InvoiceNumberSettingsTest"/>
  <testcase name="HMS6361" time="18.636" classname="com.hms.hotelogix.automationframework.tests.admin.General.InvoiceNumberSettings.InvoiceNumberSettingsTest"/>
  <testcase name="HMS6362" time="15.534" classname="com.hms.hotelogix.automationframework.tests.admin.General.InvoiceNumberSettings.InvoiceNumberSettingsTest"/>
  <testcase name="HMS6363" time="16.727" classname="com.hms.hotelogix.automationframework.tests.admin.General.InvoiceNumberSettings.InvoiceNumberSettingsTest"/>
  <testcase name="HMS6364" time="14.825" classname="com.hms.hotelogix.automationframework.tests.admin.General.InvoiceNumberSettings.InvoiceNumberSettingsTest"/>
  <testcase name="HMS9176" time="16.15" classname="com.hms.hotelogix.automationframework.tests.admin.General.InvoiceNumberSettings.InvoiceNumberSettingsTest"/>
  <testcase name="HMS9177" time="17.259" classname="com.hms.hotelogix.automationframework.tests.admin.General.InvoiceNumberSettings.InvoiceNumberSettingsTest"/>
  <testcase name="HMS9178" time="19.361" classname="com.hms.hotelogix.automationframework.tests.admin.General.InvoiceNumberSettings.InvoiceNumberSettingsTest"/>
  <testcase name="HMS9179" time="18.087" classname="com.hms.hotelogix.automationframework.tests.admin.General.InvoiceNumberSettings.InvoiceNumberSettingsTest"/>
  <testcase name="HMS9180" time="178.529" classname="com.hms.hotelogix.automationframework.tests.admin.General.InvoiceNumberSettings.InvoiceNumberSettingsTest">
    <failure type="org.openqa.selenium.ElementNotVisibleException" message="Element is not currently visible and so may not be interacted with
Command duration or timeout: 70.05 seconds
Build info: version: &amp;apos;2.53.0&amp;apos;, revision: &amp;apos;35ae25b1534ae328c771e0856c93e187490ca824&amp;apos;, time: &amp;apos;2016-03-15 10:43:46&amp;apos;
System info: host: &amp;apos;hms-update4&amp;apos;, ip: &amp;apos;192.168.2.115&amp;apos;, os.name: &amp;apos;Windows 7&amp;apos;, os.arch: &amp;apos;x86&amp;apos;, os.version: &amp;apos;6.1&amp;apos;, java.version: &amp;apos;1.8.0_65&amp;apos;
Driver info: org.openqa.selenium.firefox.FirefoxDriver
Capabilities [{applicationCacheEnabled=true, rotatable=false, handlesAlerts=true, databaseEnabled=true, version=40.0.3, platform=WINDOWS, nativeEvents=false, acceptSslCerts=true, webStorageEnabled=true, locationContextEnabled=true, browserName=firefox, takesScreenshot=true, javascriptEnabled=true, cssSelectorsEnabled=true}]
Session ID: c45d565a-b9df-4362-9ff2-74fe1bd7a851">
      <![CDATA[org.openqa.selenium.ElementNotVisibleException: Element is not currently visible and so may not be interacted with
Command duration or timeout: 70.05 seconds
Build info: version: '2.53.0', revision: '35ae25b1534ae328c771e0856c93e187490ca824', time: '2016-03-15 10:43:46'
System info: host: 'hms-update4', ip: '192.168.2.115', os.name: 'Windows 7', os.arch: 'x86', os.version: '6.1', java.version: '1.8.0_65'
Driver info: org.openqa.selenium.firefox.FirefoxDriver
Capabilities [{applicationCacheEnabled=true, rotatable=false, handlesAlerts=true, databaseEnabled=true, version=40.0.3, platform=WINDOWS, nativeEvents=false, acceptSslCerts=true, webStorageEnabled=true, locationContextEnabled=true, browserName=firefox, takesScreenshot=true, javascriptEnabled=true, cssSelectorsEnabled=true}]
Session ID: c45d565a-b9df-4362-9ff2-74fe1bd7a851
	at org.openqa.selenium.remote.ErrorHandler.createThrowable(ErrorHandler.java:206)
	at org.openqa.selenium.remote.ErrorHandler.throwIfResponseFailed(ErrorHandler.java:158)
	at org.openqa.selenium.remote.RemoteWebDriver.execute(RemoteWebDriver.java:678)
	at org.openqa.selenium.remote.RemoteWebElement.execute(RemoteWebElement.java:327)
	at org.openqa.selenium.remote.RemoteWebElement.click(RemoteWebElement.java:85)
	at org.openqa.selenium.support.ui.Select.setSelected(Select.java:323)
	at org.openqa.selenium.support.ui.Select.selectByValue(Select.java:200)
	at com.hms.hotelogix.automationframework.pages.Frontdesk.FrontDeskHomePage.FrontdeskLandingPage.fn_fillAddQuickResrvDetails(FrontdeskLandingPage.java:1011)
	at com.hms.hotelogix.automationframework.tests.admin.General.InvoiceNumberSettings.InvoiceNumberSettingsTest.HMS9180(InvoiceNumberSettingsTest.java:1155)
Caused by: org.openqa.selenium.ElementNotVisibleException: Element is not currently visible and so may not be interacted with
Build info: version: '2.53.0', revision: '35ae25b1534ae328c771e0856c93e187490ca824', time: '2016-03-15 10:43:46'
System info: host: 'hms-update4', ip: '192.168.2.115', os.name: 'Windows 7', os.arch: 'x86', os.version: '6.1', java.version: '1.8.0_65'
Driver info: driver.version: unknown
	at <anonymous class>.fxdriver.preconditions.visible(file:///C:/Users/qa/AppData/Local/Temp/anonymous6587775876880974083webdriver-profile/extensions/fxdriver@googlecode.com/components/command-processor.js:10092)
	at <anonymous class>.DelayedCommand.prototype.checkPreconditions_(file:///C:/Users/qa/AppData/Local/Temp/anonymous6587775876880974083webdriver-profile/extensions/fxdriver@googlecode.com/components/command-processor.js:12644)
	at <anonymous class>.DelayedCommand.prototype.executeInternal_/h(file:///C:/Users/qa/AppData/Local/Temp/anonymous6587775876880974083webdriver-profile/extensions/fxdriver@googlecode.com/components/command-processor.js:12661)
	at <anonymous class>.fxdriver.Timer.prototype.setTimeout/<.notify(file:///C:/Users/qa/AppData/Local/Temp/anonymous6587775876880974083webdriver-profile/extensions/fxdriver@googlecode.com/components/command-processor.js:625)
... Removed 28 stack frames]]>
    </failure>
  </testcase> <!-- HMS9180 -->
  <testcase name="HMS9181" time="153.003" classname="com.hms.hotelogix.automationframework.tests.admin.General.InvoiceNumberSettings.InvoiceNumberSettingsTest"/>
  <testcase name="HMS9182" time="16.928" classname="com.hms.hotelogix.automationframework.tests.admin.General.InvoiceNumberSettings.InvoiceNumberSettingsTest"/>
  <testcase name="HMS9186" time="15.199" classname="com.hms.hotelogix.automationframework.tests.admin.General.InvoiceNumberSettings.InvoiceNumberSettingsTest"/>
  <testcase name="HMS9187" time="153.328" classname="com.hms.hotelogix.automationframework.tests.admin.General.InvoiceNumberSettings.InvoiceNumberSettingsTest"/>
  <testcase name="HMS9188" time="171.723" classname="com.hms.hotelogix.automationframework.tests.admin.General.InvoiceNumberSettings.InvoiceNumberSettingsTest">
    <failure type="org.openqa.selenium.ElementNotVisibleException" message="Element is not currently visible and so may not be interacted with
Command duration or timeout: 70.06 seconds
Build info: version: &amp;apos;2.53.0&amp;apos;, revision: &amp;apos;35ae25b1534ae328c771e0856c93e187490ca824&amp;apos;, time: &amp;apos;2016-03-15 10:43:46&amp;apos;
System info: host: &amp;apos;hms-update4&amp;apos;, ip: &amp;apos;192.168.2.115&amp;apos;, os.name: &amp;apos;Windows 7&amp;apos;, os.arch: &amp;apos;x86&amp;apos;, os.version: &amp;apos;6.1&amp;apos;, java.version: &amp;apos;1.8.0_65&amp;apos;
Driver info: org.openqa.selenium.firefox.FirefoxDriver
Capabilities [{applicationCacheEnabled=true, rotatable=false, handlesAlerts=true, databaseEnabled=true, version=40.0.3, platform=WINDOWS, nativeEvents=false, acceptSslCerts=true, webStorageEnabled=true, locationContextEnabled=true, browserName=firefox, takesScreenshot=true, javascriptEnabled=true, cssSelectorsEnabled=true}]
Session ID: 98bc3e96-16c4-42cb-90db-defc329b4b5d">
      <![CDATA[org.openqa.selenium.ElementNotVisibleException: Element is not currently visible and so may not be interacted with
Command duration or timeout: 70.06 seconds
Build info: version: '2.53.0', revision: '35ae25b1534ae328c771e0856c93e187490ca824', time: '2016-03-15 10:43:46'
System info: host: 'hms-update4', ip: '192.168.2.115', os.name: 'Windows 7', os.arch: 'x86', os.version: '6.1', java.version: '1.8.0_65'
Driver info: org.openqa.selenium.firefox.FirefoxDriver
Capabilities [{applicationCacheEnabled=true, rotatable=false, handlesAlerts=true, databaseEnabled=true, version=40.0.3, platform=WINDOWS, nativeEvents=false, acceptSslCerts=true, webStorageEnabled=true, locationContextEnabled=true, browserName=firefox, takesScreenshot=true, javascriptEnabled=true, cssSelectorsEnabled=true}]
Session ID: 98bc3e96-16c4-42cb-90db-defc329b4b5d
	at org.openqa.selenium.remote.ErrorHandler.createThrowable(ErrorHandler.java:206)
	at org.openqa.selenium.remote.ErrorHandler.throwIfResponseFailed(ErrorHandler.java:158)
	at org.openqa.selenium.remote.RemoteWebDriver.execute(RemoteWebDriver.java:678)
	at org.openqa.selenium.remote.RemoteWebElement.execute(RemoteWebElement.java:327)
	at org.openqa.selenium.remote.RemoteWebElement.click(RemoteWebElement.java:85)
	at org.openqa.selenium.support.ui.Select.setSelected(Select.java:323)
	at org.openqa.selenium.support.ui.Select.selectByValue(Select.java:200)
	at com.hms.hotelogix.automationframework.pages.Frontdesk.FrontDeskHomePage.FrontdeskLandingPage.fn_fillAddQuickResrvDetails(FrontdeskLandingPage.java:1011)
	at com.hms.hotelogix.automationframework.tests.admin.General.InvoiceNumberSettings.InvoiceNumberSettingsTest.HMS9188(InvoiceNumberSettingsTest.java:1422)
Caused by: org.openqa.selenium.ElementNotVisibleException: Element is not currently visible and so may not be interacted with
Build info: version: '2.53.0', revision: '35ae25b1534ae328c771e0856c93e187490ca824', time: '2016-03-15 10:43:46'
System info: host: 'hms-update4', ip: '192.168.2.115', os.name: 'Windows 7', os.arch: 'x86', os.version: '6.1', java.version: '1.8.0_65'
Driver info: driver.version: unknown
	at <anonymous class>.fxdriver.preconditions.visible(file:///C:/Users/qa/AppData/Local/Temp/anonymous2097956858353953695webdriver-profile/extensions/fxdriver@googlecode.com/components/command-processor.js:10092)
	at <anonymous class>.DelayedCommand.prototype.checkPreconditions_(file:///C:/Users/qa/AppData/Local/Temp/anonymous2097956858353953695webdriver-profile/extensions/fxdriver@googlecode.com/components/command-processor.js:12644)
	at <anonymous class>.DelayedCommand.prototype.executeInternal_/h(file:///C:/Users/qa/AppData/Local/Temp/anonymous2097956858353953695webdriver-profile/extensions/fxdriver@googlecode.com/components/command-processor.js:12661)
	at <anonymous class>.fxdriver.Timer.prototype.setTimeout/<.notify(file:///C:/Users/qa/AppData/Local/Temp/anonymous2097956858353953695webdriver-profile/extensions/fxdriver@googlecode.com/components/command-processor.js:625)
... Removed 28 stack frames]]>
    </failure>
  </testcase> <!-- HMS9188 -->
  <testcase name="HMS9189" time="252.694" classname="com.hms.hotelogix.automationframework.tests.admin.General.InvoiceNumberSettings.InvoiceNumberSettingsTest"/>
  <testcase name="HMS9190" time="15.52" classname="com.hms.hotelogix.automationframework.tests.admin.General.InvoiceNumberSettings.InvoiceNumberSettingsTest"/>
  <testcase name="HMS9191" time="14.621" classname="com.hms.hotelogix.automationframework.tests.admin.General.InvoiceNumberSettings.InvoiceNumberSettingsTest"/>
  <testcase name="HMS9192" time="16.225" classname="com.hms.hotelogix.automationframework.tests.admin.General.InvoiceNumberSettings.InvoiceNumberSettingsTest"/>
  <testcase name="HMS9193" time="18.234" classname="com.hms.hotelogix.automationframework.tests.admin.General.InvoiceNumberSettings.InvoiceNumberSettingsTest"/>
  <testcase name="HMS9194" time="18.721" classname="com.hms.hotelogix.automationframework.tests.admin.General.InvoiceNumberSettings.InvoiceNumberSettingsTest"/>
  <testcase name="HMS6365" time="21.225" classname="com.hms.hotelogix.automationframework.tests.admin.General.InvoiceNumberSettings.InvoiceNumberSettingsTest"/>
  <testcase name="HMS8912" time="18.997" classname="com.hms.hotelogix.automationframework.tests.admin.General.InvoiceNumberSettings.InvoiceNumberSettingsTest"/>
  <testcase name="HMS6366" time="17.215" classname="com.hms.hotelogix.automationframework.tests.admin.General.InvoiceNumberSettings.InvoiceNumberSettingsTest"/>
  <testcase name="HMS8913" time="16.275" classname="com.hms.hotelogix.automationframework.tests.admin.General.InvoiceNumberSettings.InvoiceNumberSettingsTest"/>
  <testcase name="HMS8914" time="0.0" classname="com.hms.hotelogix.automationframework.tests.admin.General.InvoiceNumberSettings.InvoiceNumberSettingsTest">
    <skipped/>
  </testcase> <!-- HMS8914 -->
  <testcase name="HMS8915" time="0.001" classname="com.hms.hotelogix.automationframework.tests.admin.General.InvoiceNumberSettings.InvoiceNumberSettingsTest">
    <skipped/>
  </testcase> <!-- HMS8915 -->
  <testcase name="HMS6367" time="0.0" classname="com.hms.hotelogix.automationframework.tests.admin.General.InvoiceNumberSettings.InvoiceNumberSettingsTest">
    <skipped/>
  </testcase> <!-- HMS6367 -->
  <testcase name="HMS6368" time="0.001" classname="com.hms.hotelogix.automationframework.tests.admin.General.InvoiceNumberSettings.InvoiceNumberSettingsTest">
    <skipped/>
  </testcase> <!-- HMS6368 -->
  <testcase name="HMS6369" time="0.0" classname="com.hms.hotelogix.automationframework.tests.admin.General.InvoiceNumberSettings.InvoiceNumberSettingsTest">
    <skipped/>
  </testcase> <!-- HMS6369 -->
  <testcase name="HMS6370" time="0.001" classname="com.hms.hotelogix.automationframework.tests.admin.General.InvoiceNumberSettings.InvoiceNumberSettingsTest">
    <skipped/>
  </testcase> <!-- HMS6370 -->
  <testcase name="HMS6371" time="0.0" classname="com.hms.hotelogix.automationframework.tests.admin.General.InvoiceNumberSettings.InvoiceNumberSettingsTest">
    <skipped/>
  </testcase> <!-- HMS6371 -->
  <testcase name="HMS6372" time="0.0" classname="com.hms.hotelogix.automationframework.tests.admin.General.InvoiceNumberSettings.InvoiceNumberSettingsTest">
    <skipped/>
  </testcase> <!-- HMS6372 -->
  <testcase name="HMS6373" time="0.0" classname="com.hms.hotelogix.automationframework.tests.admin.General.InvoiceNumberSettings.InvoiceNumberSettingsTest">
    <skipped/>
  </testcase> <!-- HMS6373 -->
  <testcase name="HMS6374" time="0.0" classname="com.hms.hotelogix.automationframework.tests.admin.General.InvoiceNumberSettings.InvoiceNumberSettingsTest">
    <skipped/>
  </testcase> <!-- HMS6374 -->
  <testcase name="HMS6375" time="0.001" classname="com.hms.hotelogix.automationframework.tests.admin.General.InvoiceNumberSettings.InvoiceNumberSettingsTest">
    <skipped/>
  </testcase> <!-- HMS6375 -->
  <testcase name="HMS6376" time="0.0" classname="com.hms.hotelogix.automationframework.tests.admin.General.InvoiceNumberSettings.InvoiceNumberSettingsTest">
    <skipped/>
  </testcase> <!-- HMS6376 -->
  <testcase name="HMS6377" time="0.0" classname="com.hms.hotelogix.automationframework.tests.admin.General.InvoiceNumberSettings.InvoiceNumberSettingsTest">
    <skipped/>
  </testcase> <!-- HMS6377 -->
  <testcase name="HMS6378" time="0.0" classname="com.hms.hotelogix.automationframework.tests.admin.General.InvoiceNumberSettings.InvoiceNumberSettingsTest">
    <skipped/>
  </testcase> <!-- HMS6378 -->
  <testcase name="HMS6381" time="0.001" classname="com.hms.hotelogix.automationframework.tests.admin.General.InvoiceNumberSettings.InvoiceNumberSettingsTest">
    <skipped/>
  </testcase> <!-- HMS6381 -->
  <testcase name="HMS6382" time="0.0" classname="com.hms.hotelogix.automationframework.tests.admin.General.InvoiceNumberSettings.InvoiceNumberSettingsTest">
    <skipped/>
  </testcase> <!-- HMS6382 -->
  <testcase name="HMS6383" time="0.0" classname="com.hms.hotelogix.automationframework.tests.admin.General.InvoiceNumberSettings.InvoiceNumberSettingsTest">
    <skipped/>
  </testcase> <!-- HMS6383 -->
  <testcase name="HMS9171" time="0.0" classname="com.hms.hotelogix.automationframework.tests.admin.General.InvoiceNumberSettings.InvoiceNumberSettingsTest">
    <skipped/>
  </testcase> <!-- HMS9171 -->
  <testcase name="HMS6387" time="0.001" classname="com.hms.hotelogix.automationframework.tests.admin.General.InvoiceNumberSettings.InvoiceNumberSettingsTest">
    <skipped/>
  </testcase> <!-- HMS6387 -->
  <testcase name="HMS9172" time="0.0" classname="com.hms.hotelogix.automationframework.tests.admin.General.InvoiceNumberSettings.InvoiceNumberSettingsTest">
    <skipped/>
  </testcase> <!-- HMS9172 -->
  <testcase name="HMS9173" time="0.0" classname="com.hms.hotelogix.automationframework.tests.admin.General.InvoiceNumberSettings.InvoiceNumberSettingsTest">
    <skipped/>
  </testcase> <!-- HMS9173 -->
  <testcase name="HMS9174" time="0.0" classname="com.hms.hotelogix.automationframework.tests.admin.General.InvoiceNumberSettings.InvoiceNumberSettingsTest">
    <skipped/>
  </testcase> <!-- HMS9174 -->
  <testcase name="HMS6388" time="0.001" classname="com.hms.hotelogix.automationframework.tests.admin.General.InvoiceNumberSettings.InvoiceNumberSettingsTest">
    <skipped/>
  </testcase> <!-- HMS6388 -->
  <testcase name="HMS9260" time="13.408" classname="com.hms.hotelogix.automationframework.tests.admin.General.LoggedInUsers.LoggedInUsersTest"/>
  <testcase name="HMS2305" time="12.675" classname="com.hms.hotelogix.automationframework.tests.admin.General.LoggedInUsers.LoggedInUsersTest"/>
  <testcase name="HMS2307" time="16.586" classname="com.hms.hotelogix.automationframework.tests.admin.General.LoggedInUsers.LoggedInUsersTest"/>
  <testcase name="HMS2306" time="58.69" classname="com.hms.hotelogix.automationframework.tests.admin.General.LoggedInUsers.LoggedInUsersTest"/>
  <testcase name="HMS8198" time="65.596" classname="com.hms.hotelogix.automationframework.tests.admin.General.LoggedInUsers.LoggedInUsersTest"/>
  <testcase name="HMS8200" time="56.76" classname="com.hms.hotelogix.automationframework.tests.admin.General.LoggedInUsers.LoggedInUsersTest"/>
  <testcase name="HMS8199" time="12.788" classname="com.hms.hotelogix.automationframework.tests.admin.General.LoggedInUsers.LoggedInUsersTest"/>
  <testcase name="HMS2311" time="84.511" classname="com.hms.hotelogix.automationframework.tests.admin.General.LoggedInUsers.LoggedInUsersTest"/>
  <testcase name="HMS2312" time="86.844" classname="com.hms.hotelogix.automationframework.tests.admin.General.LoggedInUsers.LoggedInUsersTest"/>
  <testcase name="HMS2313" time="85.983" classname="com.hms.hotelogix.automationframework.tests.admin.General.LoggedInUsers.LoggedInUsersTest"/>
  <testcase name="HMS2314" time="75.792" classname="com.hms.hotelogix.automationframework.tests.admin.General.LoggedInUsers.LoggedInUsersTest"/>
  <testcase name="HMS9257" time="12.142" classname="com.hms.hotelogix.automationframework.tests.admin.General.LoggedInUsers.LoggedInUsersTest"/>
  <testcase name="HMS2315" time="16.154" classname="com.hms.hotelogix.automationframework.tests.admin.General.LoggedInUsers.LoggedInUsersTest"/>
  <testcase name="HMS9245" time="15.751" classname="com.hms.hotelogix.automationframework.tests.admin.General.LoggedInUsers.LoggedInUsersTest"/>
  <testcase name="HMS2316" time="16.045" classname="com.hms.hotelogix.automationframework.tests.admin.General.LoggedInUsers.LoggedInUsersTest"/>
  <testcase name="HMS2317" time="85.27" classname="com.hms.hotelogix.automationframework.tests.admin.General.LoggedInUsers.LoggedInUsersTest"/>
  <testcase name="HMS2308" time="29.114" classname="com.hms.hotelogix.automationframework.tests.admin.General.LoggedInUsers.LoggedInUsersTest"/>
  <testcase name="HMS2344" time="15.16" classname="com.hms.hotelogix.automationframework.tests.admin.PriceManager.Seasons.SeasonTest"/>
  <testcase name="HMS9261" time="11.737" classname="com.hms.hotelogix.automationframework.tests.admin.PriceManager.Seasons.SeasonTest"/>
  <testcase name="HMS7880" time="13.857" classname="com.hms.hotelogix.automationframework.tests.admin.PriceManager.Seasons.SeasonTest"/>
  <testcase name="HMS2345" time="18.61" classname="com.hms.hotelogix.automationframework.tests.admin.PriceManager.Seasons.SeasonTest"/>
  <testcase name="HMS7881" time="14.876" classname="com.hms.hotelogix.automationframework.tests.admin.PriceManager.Seasons.SeasonTest"/>
  <testcase name="HMS6592" time="49.899" classname="com.hms.hotelogix.automationframework.tests.admin.PriceManager.Seasons.SeasonTest"/>
  <testcase name="HMS2346" time="20.568" classname="com.hms.hotelogix.automationframework.tests.admin.PriceManager.Seasons.SeasonTest"/>
  <testcase name="HMS2347" time="22.358" classname="com.hms.hotelogix.automationframework.tests.admin.PriceManager.Seasons.SeasonTest"/>
  <testcase name="HMS2348" time="20.199" classname="com.hms.hotelogix.automationframework.tests.admin.PriceManager.Seasons.SeasonTest"/>
  <testcase name="HMS2349" time="29.475" classname="com.hms.hotelogix.automationframework.tests.admin.PriceManager.Seasons.SeasonTest"/>
  <testcase name="HMS2350" time="46.456" classname="com.hms.hotelogix.automationframework.tests.admin.PriceManager.Seasons.SeasonTest"/>
  <testcase name="HMS2351" time="19.419" classname="com.hms.hotelogix.automationframework.tests.admin.PriceManager.Seasons.SeasonTest"/>
  <testcase name="HMS2352" time="103.657" classname="com.hms.hotelogix.automationframework.tests.admin.PriceManager.Seasons.SeasonTest">
    <failure type="org.openqa.selenium.NoSuchElementException" message="Unable to locate element: {&amp;quot;method&amp;quot;:&amp;quot;xpath&amp;quot;,&amp;quot;selector&amp;quot;:&amp;quot;//table[@id=&amp;apos;mainSeasonTable&amp;apos;]//tr[6]//td[3]&amp;quot;}
Command duration or timeout: 70.10 seconds
For documentation on this error, please visit: http://seleniumhq.org/exceptions/no_such_element.html
Build info: version: &amp;apos;2.53.0&amp;apos;, revision: &amp;apos;35ae25b1534ae328c771e0856c93e187490ca824&amp;apos;, time: &amp;apos;2016-03-15 10:43:46&amp;apos;
System info: host: &amp;apos;hms-update4&amp;apos;, ip: &amp;apos;192.168.2.115&amp;apos;, os.name: &amp;apos;Windows 7&amp;apos;, os.arch: &amp;apos;x86&amp;apos;, os.version: &amp;apos;6.1&amp;apos;, java.version: &amp;apos;1.8.0_65&amp;apos;
Driver info: org.openqa.selenium.firefox.FirefoxDriver
Capabilities [{applicationCacheEnabled=true, rotatable=false, handlesAlerts=true, databaseEnabled=true, version=40.0.3, platform=WINDOWS, nativeEvents=false, acceptSslCerts=true, webStorageEnabled=true, locationContextEnabled=true, browserName=firefox, takesScreenshot=true, javascriptEnabled=true, cssSelectorsEnabled=true}]
Session ID: cf573342-4c1b-447f-aeec-41eeba1ef21b
*** Element info: {Using=xpath, value=//table[@id=&amp;apos;mainSeasonTable&amp;apos;]//tr[6]//td[3]}">
      <![CDATA[org.openqa.selenium.NoSuchElementException: Unable to locate element: {"method":"xpath","selector":"//table[@id='mainSeasonTable']//tr[6]//td[3]"}
Command duration or timeout: 70.10 seconds
For documentation on this error, please visit: http://seleniumhq.org/exceptions/no_such_element.html
Build info: version: '2.53.0', revision: '35ae25b1534ae328c771e0856c93e187490ca824', time: '2016-03-15 10:43:46'
System info: host: 'hms-update4', ip: '192.168.2.115', os.name: 'Windows 7', os.arch: 'x86', os.version: '6.1', java.version: '1.8.0_65'
Driver info: org.openqa.selenium.firefox.FirefoxDriver
Capabilities [{applicationCacheEnabled=true, rotatable=false, handlesAlerts=true, databaseEnabled=true, version=40.0.3, platform=WINDOWS, nativeEvents=false, acceptSslCerts=true, webStorageEnabled=true, locationContextEnabled=true, browserName=firefox, takesScreenshot=true, javascriptEnabled=true, cssSelectorsEnabled=true}]
Session ID: cf573342-4c1b-447f-aeec-41eeba1ef21b
*** Element info: {Using=xpath, value=//table[@id='mainSeasonTable']//tr[6]//td[3]}
	at org.openqa.selenium.remote.ErrorHandler.createThrowable(ErrorHandler.java:206)
	at org.openqa.selenium.remote.ErrorHandler.throwIfResponseFailed(ErrorHandler.java:158)
	at org.openqa.selenium.remote.RemoteWebDriver.execute(RemoteWebDriver.java:678)
	at org.openqa.selenium.remote.RemoteWebDriver.findElement(RemoteWebDriver.java:363)
	at org.openqa.selenium.remote.RemoteWebDriver.findElementByXPath(RemoteWebDriver.java:500)
	at org.openqa.selenium.By$ByXPath.findElement(By.java:361)
	at org.openqa.selenium.remote.RemoteWebDriver.findElement(RemoteWebDriver.java:355)
	at com.hms.hotelogix.automationframework.pages.admin.PriceManager.Seasons.SeasonsLandingPage.fn_clkEditLnk(SeasonsLandingPage.java:201)
	at com.hms.hotelogix.automationframework.tests.admin.PriceManager.Seasons.SeasonTest.HMS2352(SeasonTest.java:399)
Caused by: org.openqa.selenium.NoSuchElementException: Unable to locate element: {"method":"xpath","selector":"//table[@id='mainSeasonTable']//tr[6]//td[3]"}
For documentation on this error, please visit: http://seleniumhq.org/exceptions/no_such_element.html
Build info: version: '2.53.0', revision: '35ae25b1534ae328c771e0856c93e187490ca824', time: '2016-03-15 10:43:46'
System info: host: 'hms-update4', ip: '192.168.2.115', os.name: 'Windows 7', os.arch: 'x86', os.version: '6.1', java.version: '1.8.0_65'
Driver info: driver.version: unknown
	at <anonymous class>.FirefoxDriver.prototype.findElementInternal_(file:///C:/Users/qa/AppData/Local/Temp/anonymous780825316419436744webdriver-profile/extensions/fxdriver@googlecode.com/components/driver-component.js:10770)
	at <anonymous class>.fxdriver.Timer.prototype.setTimeout/<.notify(file:///C:/Users/qa/AppData/Local/Temp/anonymous780825316419436744webdriver-profile/extensions/fxdriver@googlecode.com/components/driver-component.js:625)
... Removed 28 stack frames]]>
    </failure>
  </testcase> <!-- HMS2352 -->
  <testcase name="HMS2353_6657" time="13.25" classname="com.hms.hotelogix.automationframework.tests.admin.PriceManager.Seasons.SeasonTest"/>
  <testcase name="HMS6611_6657" time="42.149" classname="com.hms.hotelogix.automationframework.tests.admin.PriceManager.Seasons.SeasonTest"/>
  <testcase name="HMS6605_6657" time="42.98" classname="com.hms.hotelogix.automationframework.tests.admin.PriceManager.Seasons.SeasonTest"/>
  <testcase name="HMS2354" time="16.191" classname="com.hms.hotelogix.automationframework.tests.admin.PriceManager.Seasons.SeasonTest"/>
  <testcase name="HMS6654" time="16.643" classname="com.hms.hotelogix.automationframework.tests.admin.PriceManager.Seasons.SeasonTest"/>
  <testcase name="HMS2355" time="19.412" classname="com.hms.hotelogix.automationframework.tests.admin.PriceManager.Seasons.SeasonTest"/>
  <testcase name="HMS6614" time="18.89" classname="com.hms.hotelogix.automationframework.tests.admin.PriceManager.Seasons.SeasonTest"/>
  <testcase name="HMS6618" time="20.978" classname="com.hms.hotelogix.automationframework.tests.admin.PriceManager.Seasons.SeasonTest"/>
  <testcase name="HMS2356" time="18.48" classname="com.hms.hotelogix.automationframework.tests.admin.PriceManager.Seasons.SeasonTest"/>
  <testcase name="HMS2357" time="16.708" classname="com.hms.hotelogix.automationframework.tests.admin.PriceManager.Seasons.SeasonTest"/>
  <testcase name="HMS2363" time="11.775" classname="com.hms.hotelogix.automationframework.tests.admin.PriceManager.Seasons.SeasonTest"/>
  <testcase name="HMS7875" time="11.664" classname="com.hms.hotelogix.automationframework.tests.admin.PriceManager.Seasons.SeasonTest"/>
  <testcase name="HMS7876" time="14.271" classname="com.hms.hotelogix.automationframework.tests.admin.PriceManager.Seasons.SeasonTest"/>
  <testcase name="HMS7877" time="15.713" classname="com.hms.hotelogix.automationframework.tests.admin.PriceManager.Seasons.SeasonTest"/>
  <testcase name="HMS2360" time="16.08" classname="com.hms.hotelogix.automationframework.tests.admin.PriceManager.Seasons.SeasonTest"/>
  <testcase name="HMS7878" time="12.29" classname="com.hms.hotelogix.automationframework.tests.admin.PriceManager.Seasons.SeasonTest"/>
  <testcase name="HMS2359" time="15.767" classname="com.hms.hotelogix.automationframework.tests.admin.PriceManager.Seasons.SeasonTest"/>
  <testcase name="HMS6645" time="24.876" classname="com.hms.hotelogix.automationframework.tests.admin.PriceManager.Seasons.SeasonTest"/>
  <testcase name="HMS6636" time="15.132" classname="com.hms.hotelogix.automationframework.tests.admin.PriceManager.Seasons.SeasonTest"/>
  <testcase name="HMS2362" time="47.027" classname="com.hms.hotelogix.automationframework.tests.admin.PriceManager.Seasons.SeasonTest"/>
  <testcase name="HMS2361" time="49.971" classname="com.hms.hotelogix.automationframework.tests.admin.PriceManager.Seasons.SeasonTest"/>
  <testcase name="HMS2358" time="40.298" classname="com.hms.hotelogix.automationframework.tests.admin.PriceManager.Seasons.SeasonTest"/>
  <testcase name="HMS2365" time="105.221" classname="com.hms.hotelogix.automationframework.tests.admin.PriceManager.Seasons.SeasonTest"/>
</testsuite> <!-- Test -->
