<?xml version="1.0" encoding="UTF-8"?>
<!-- Generated by org.testng.reporters.JUnitXMLReporter -->
<testsuite hostname="hms-update4" name="Test(failed)" tests="73" failures="27" timestamp="5 Jun 2017 09:08:23 GMT" time="4053.897" errors="0">
  <testcase name="HMS6357" time="251.014" classname="com.hms.hotelogix.automationframework.tests.admin.General.InvoiceNumberSettings.InvoiceNumberSettingsTest"/>
  <testcase name="HMS8914" time="9.697" classname="com.hms.hotelogix.automationframework.tests.admin.General.InvoiceNumberSettings.InvoiceNumberSettingsTest"/>
  <testcase name="HMS8915" time="9.957" classname="com.hms.hotelogix.automationframework.tests.admin.General.InvoiceNumberSettings.InvoiceNumberSettingsTest"/>
  <testcase name="HMS6367" time="81.337" classname="com.hms.hotelogix.automationframework.tests.admin.General.InvoiceNumberSettings.InvoiceNumberSettingsTest">
    <failure type="org.openqa.selenium.WebDriverException" message="Element is not clickable at point (330, 657.2999877929688). Other element would receive the click: &amp;lt;div style=&amp;quot;z-index: 3; height: 1141px; width: 1263px; display: block;&amp;quot; id=&amp;quot;PanelModalWait_mask&amp;quot; class=&amp;quot;mask&amp;quot;&amp;gt;&amp;lt;/div&amp;gt;
Command duration or timeout: 66 milliseconds
Build info: version: &amp;apos;2.53.0&amp;apos;, revision: &amp;apos;35ae25b1534ae328c771e0856c93e187490ca824&amp;apos;, time: &amp;apos;2016-03-15 10:43:46&amp;apos;
System info: host: &amp;apos;hms-update4&amp;apos;, ip: &amp;apos;192.168.2.115&amp;apos;, os.name: &amp;apos;Windows 7&amp;apos;, os.arch: &amp;apos;x86&amp;apos;, os.version: &amp;apos;6.1&amp;apos;, java.version: &amp;apos;1.8.0_65&amp;apos;
Driver info: org.openqa.selenium.firefox.FirefoxDriver
Capabilities [{applicationCacheEnabled=true, rotatable=false, handlesAlerts=true, databaseEnabled=true, version=40.0.3, platform=WINDOWS, nativeEvents=false, acceptSslCerts=true, webStorageEnabled=true, locationContextEnabled=true, browserName=firefox, takesScreenshot=true, javascriptEnabled=true, cssSelectorsEnabled=true}]
Session ID: 5a59b36c-356e-4a6b-bd9f-aee9cd3e3e73">
      <![CDATA[org.openqa.selenium.WebDriverException: Element is not clickable at point (330, 657.2999877929688). Other element would receive the click: <div style="z-index: 3; height: 1141px; width: 1263px; display: block;" id="PanelModalWait_mask" class="mask"></div>
Command duration or timeout: 66 milliseconds
Build info: version: '2.53.0', revision: '35ae25b1534ae328c771e0856c93e187490ca824', time: '2016-03-15 10:43:46'
System info: host: 'hms-update4', ip: '192.168.2.115', os.name: 'Windows 7', os.arch: 'x86', os.version: '6.1', java.version: '1.8.0_65'
Driver info: org.openqa.selenium.firefox.FirefoxDriver
Capabilities [{applicationCacheEnabled=true, rotatable=false, handlesAlerts=true, databaseEnabled=true, version=40.0.3, platform=WINDOWS, nativeEvents=false, acceptSslCerts=true, webStorageEnabled=true, locationContextEnabled=true, browserName=firefox, takesScreenshot=true, javascriptEnabled=true, cssSelectorsEnabled=true}]
Session ID: 5a59b36c-356e-4a6b-bd9f-aee9cd3e3e73
	at org.openqa.selenium.remote.ErrorHandler.createThrowable(ErrorHandler.java:206)
	at org.openqa.selenium.remote.ErrorHandler.throwIfResponseFailed(ErrorHandler.java:158)
	at org.openqa.selenium.remote.RemoteWebDriver.execute(RemoteWebDriver.java:678)
	at org.openqa.selenium.remote.RemoteWebElement.execute(RemoteWebElement.java:327)
	at org.openqa.selenium.remote.RemoteWebElement.click(RemoteWebElement.java:85)
	at org.openqa.selenium.support.pagefactory.internal.LocatingElementHandler.invoke(LocatingElementHandler.java:51)
	at com.sun.proxy.$Proxy7.click(Unknown Source)
	at com.hms.hotelogix.automationframework.pages.GenericMethod.GenericClass.clickElement(GenericClass.java:421)
	at com.hms.hotelogix.automationframework.pages.Frontdesk.FrontdeskPOS.SampleRestaurant.ConfirmOrderPage1.fn_VerifyPayNowButton(ConfirmOrderPage1.java:32)
	at com.hms.hotelogix.automationframework.tests.admin.General.InvoiceNumberSettings.InvoiceNumberSettingsTest.HMS6367(InvoiceNumberSettingsTest.java:1958)
... Removed 31 stack frames]]>
    </failure>
  </testcase> <!-- HMS6367 -->
  <testcase name="HMS6368" time="95.689" classname="com.hms.hotelogix.automationframework.tests.admin.General.InvoiceNumberSettings.InvoiceNumberSettingsTest"/>
  <testcase name="HMS6369" time="10.042" classname="com.hms.hotelogix.automationframework.tests.admin.General.InvoiceNumberSettings.InvoiceNumberSettingsTest"/>
  <testcase name="HMS6370" time="10.18" classname="com.hms.hotelogix.automationframework.tests.admin.General.InvoiceNumberSettings.InvoiceNumberSettingsTest"/>
  <testcase name="HMS6371" time="92.213" classname="com.hms.hotelogix.automationframework.tests.admin.General.InvoiceNumberSettings.InvoiceNumberSettingsTest"/>
  <testcase name="HMS6372" time="94.89" classname="com.hms.hotelogix.automationframework.tests.admin.General.InvoiceNumberSettings.InvoiceNumberSettingsTest"/>
  <testcase name="HMS6373" time="95.011" classname="com.hms.hotelogix.automationframework.tests.admin.General.InvoiceNumberSettings.InvoiceNumberSettingsTest"/>
  <testcase name="HMS6374" time="10.206" classname="com.hms.hotelogix.automationframework.tests.admin.General.InvoiceNumberSettings.InvoiceNumberSettingsTest"/>
  <testcase name="HMS6375" time="9.956" classname="com.hms.hotelogix.automationframework.tests.admin.General.InvoiceNumberSettings.InvoiceNumberSettingsTest"/>
  <testcase name="HMS6376" time="11.106" classname="com.hms.hotelogix.automationframework.tests.admin.General.InvoiceNumberSettings.InvoiceNumberSettingsTest"/>
  <testcase name="HMS6377" time="9.92" classname="com.hms.hotelogix.automationframework.tests.admin.General.InvoiceNumberSettings.InvoiceNumberSettingsTest"/>
  <testcase name="HMS6378" time="9.921" classname="com.hms.hotelogix.automationframework.tests.admin.General.InvoiceNumberSettings.InvoiceNumberSettingsTest"/>
  <testcase name="HMS6381" time="13.671" classname="com.hms.hotelogix.automationframework.tests.admin.General.InvoiceNumberSettings.InvoiceNumberSettingsTest"/>
  <testcase name="HMS6382" time="10.311" classname="com.hms.hotelogix.automationframework.tests.admin.General.InvoiceNumberSettings.InvoiceNumberSettingsTest"/>
  <testcase name="HMS6383" time="10.379" classname="com.hms.hotelogix.automationframework.tests.admin.General.InvoiceNumberSettings.InvoiceNumberSettingsTest"/>
  <testcase name="HMS9171" time="14.473" classname="com.hms.hotelogix.automationframework.tests.admin.General.InvoiceNumberSettings.InvoiceNumberSettingsTest"/>
  <testcase name="HMS6387" time="10.453" classname="com.hms.hotelogix.automationframework.tests.admin.General.InvoiceNumberSettings.InvoiceNumberSettingsTest"/>
  <testcase name="HMS9172" time="16.855" classname="com.hms.hotelogix.automationframework.tests.admin.General.InvoiceNumberSettings.InvoiceNumberSettingsTest"/>
  <testcase name="HMS9173" time="7.408" classname="com.hms.hotelogix.automationframework.tests.admin.General.InvoiceNumberSettings.InvoiceNumberSettingsTest"/>
  <testcase name="HMS9174" time="14.977" classname="com.hms.hotelogix.automationframework.tests.admin.General.InvoiceNumberSettings.InvoiceNumberSettingsTest"/>
  <testcase name="HMS6388" time="21.118" classname="com.hms.hotelogix.automationframework.tests.admin.General.InvoiceNumberSettings.InvoiceNumberSettingsTest">
    <failure type="java.lang.AssertionError" message="expected [true] but found [false]">
      <![CDATA[java.lang.AssertionError: expected [true] but found [false]
	at com.hms.hotelogix.automationframework.pages.admin.General.InvoiceNumberSettings.AuditTrailINS.verify_pageHeader(AuditTrailINS.java:31)
	at com.hms.hotelogix.automationframework.tests.admin.General.InvoiceNumberSettings.InvoiceNumberSettingsTest.HMS6388(InvoiceNumberSettingsTest.java:2732)
... Removed 29 stack frames]]>
    </failure>
  </testcase> <!-- HMS6388 -->
  <testcase name="HMS5909" time="91.141" classname="com.hms.hotelogix.automationframework.tests.admin.RoomsManager.RoomTypes.RoomTypeTest">
    <failure type="org.openqa.selenium.NoSuchElementException" message="Unable to locate element: {&amp;quot;method&amp;quot;:&amp;quot;xpath&amp;quot;,&amp;quot;selector&amp;quot;:&amp;quot;//td/select[@name=&amp;apos;maxEntries&amp;apos;]&amp;quot;}
Command duration or timeout: 70.12 seconds
For documentation on this error, please visit: http://seleniumhq.org/exceptions/no_such_element.html
Build info: version: &amp;apos;2.53.0&amp;apos;, revision: &amp;apos;35ae25b1534ae328c771e0856c93e187490ca824&amp;apos;, time: &amp;apos;2016-03-15 10:43:46&amp;apos;
System info: host: &amp;apos;hms-update4&amp;apos;, ip: &amp;apos;192.168.2.115&amp;apos;, os.name: &amp;apos;Windows 7&amp;apos;, os.arch: &amp;apos;x86&amp;apos;, os.version: &amp;apos;6.1&amp;apos;, java.version: &amp;apos;1.8.0_65&amp;apos;
Driver info: org.openqa.selenium.firefox.FirefoxDriver
Capabilities [{applicationCacheEnabled=true, rotatable=false, handlesAlerts=true, databaseEnabled=true, version=40.0.3, platform=WINDOWS, nativeEvents=false, acceptSslCerts=true, webStorageEnabled=true, locationContextEnabled=true, browserName=firefox, takesScreenshot=true, javascriptEnabled=true, cssSelectorsEnabled=true}]
Session ID: 77244e24-c0d0-4f4b-99b5-4783befde9a4
*** Element info: {Using=xpath, value=//td/select[@name=&amp;apos;maxEntries&amp;apos;]}">
      <![CDATA[org.openqa.selenium.NoSuchElementException: Unable to locate element: {"method":"xpath","selector":"//td/select[@name='maxEntries']"}
Command duration or timeout: 70.12 seconds
For documentation on this error, please visit: http://seleniumhq.org/exceptions/no_such_element.html
Build info: version: '2.53.0', revision: '35ae25b1534ae328c771e0856c93e187490ca824', time: '2016-03-15 10:43:46'
System info: host: 'hms-update4', ip: '192.168.2.115', os.name: 'Windows 7', os.arch: 'x86', os.version: '6.1', java.version: '1.8.0_65'
Driver info: org.openqa.selenium.firefox.FirefoxDriver
Capabilities [{applicationCacheEnabled=true, rotatable=false, handlesAlerts=true, databaseEnabled=true, version=40.0.3, platform=WINDOWS, nativeEvents=false, acceptSslCerts=true, webStorageEnabled=true, locationContextEnabled=true, browserName=firefox, takesScreenshot=true, javascriptEnabled=true, cssSelectorsEnabled=true}]
Session ID: 77244e24-c0d0-4f4b-99b5-4783befde9a4
*** Element info: {Using=xpath, value=//td/select[@name='maxEntries']}
	at org.openqa.selenium.remote.ErrorHandler.createThrowable(ErrorHandler.java:206)
	at org.openqa.selenium.remote.ErrorHandler.throwIfResponseFailed(ErrorHandler.java:158)
	at org.openqa.selenium.remote.RemoteWebDriver.execute(RemoteWebDriver.java:678)
	at org.openqa.selenium.remote.RemoteWebDriver.findElement(RemoteWebDriver.java:363)
	at org.openqa.selenium.remote.RemoteWebDriver.findElementByXPath(RemoteWebDriver.java:500)
	at org.openqa.selenium.By$ByXPath.findElement(By.java:361)
	at org.openqa.selenium.remote.RemoteWebDriver.findElement(RemoteWebDriver.java:355)
	at org.openqa.selenium.support.pagefactory.DefaultElementLocator.findElement(DefaultElementLocator.java:69)
	at org.openqa.selenium.support.pagefactory.internal.LocatingElementHandler.invoke(LocatingElementHandler.java:38)
	at com.sun.proxy.$Proxy7.getTagName(Unknown Source)
	at org.openqa.selenium.support.ui.Select.<init>(Select.java:44)
	at com.hms.hotelogix.automationframework.pages.GenericMethod.GenericClass.selectElement(GenericClass.java:482)
	at com.hms.hotelogix.automationframework.pages.admin.RoomManager.RoomTypes.RoomTypesLandingPage.fn_viewAll(RoomTypesLandingPage.java:547)
	at com.hms.hotelogix.automationframework.tests.admin.RoomsManager.RoomTypes.RoomTypeTest.HMS5909(RoomTypeTest.java:479)
Caused by: org.openqa.selenium.NoSuchElementException: Unable to locate element: {"method":"xpath","selector":"//td/select[@name='maxEntries']"}
For documentation on this error, please visit: http://seleniumhq.org/exceptions/no_such_element.html
Build info: version: '2.53.0', revision: '35ae25b1534ae328c771e0856c93e187490ca824', time: '2016-03-15 10:43:46'
System info: host: 'hms-update4', ip: '192.168.2.115', os.name: 'Windows 7', os.arch: 'x86', os.version: '6.1', java.version: '1.8.0_65'
Driver info: driver.version: unknown
	at <anonymous class>.FirefoxDriver.prototype.findElementInternal_(file:///C:/Users/qa/AppData/Local/Temp/anonymous9122026972389528427webdriver-profile/extensions/fxdriver@googlecode.com/components/driver-component.js:10770)
	at <anonymous class>.fxdriver.Timer.prototype.setTimeout/<.notify(file:///C:/Users/qa/AppData/Local/Temp/anonymous9122026972389528427webdriver-profile/extensions/fxdriver@googlecode.com/components/driver-component.js:625)
... Removed 28 stack frames]]>
    </failure>
  </testcase> <!-- HMS5909 -->
  <testcase name="HMS5928" time="40.248" classname="com.hms.hotelogix.automationframework.tests.admin.RoomsManager.RoomTypes.RoomTypeTest"/>
  <testcase name="HMS8860" time="81.107" classname="com.hms.hotelogix.automationframework.tests.admin.RoomsManager.RoomTypes.RoomTypeTest"/>
  <testcase name="HMS5914" time="177.439" classname="com.hms.hotelogix.automationframework.tests.admin.RoomsManager.RoomTypes.RoomTypeTest">
    <failure type="org.openqa.selenium.NoSuchElementException" message="Unable to locate element: {&amp;quot;method&amp;quot;:&amp;quot;xpath&amp;quot;,&amp;quot;selector&amp;quot;:&amp;quot;//span[@id=&amp;apos;btnSrShowEditDetails&amp;apos;]&amp;quot;}
Command duration or timeout: 70.08 seconds
For documentation on this error, please visit: http://seleniumhq.org/exceptions/no_such_element.html
Build info: version: &amp;apos;2.53.0&amp;apos;, revision: &amp;apos;35ae25b1534ae328c771e0856c93e187490ca824&amp;apos;, time: &amp;apos;2016-03-15 10:43:46&amp;apos;
System info: host: &amp;apos;hms-update4&amp;apos;, ip: &amp;apos;192.168.2.115&amp;apos;, os.name: &amp;apos;Windows 7&amp;apos;, os.arch: &amp;apos;x86&amp;apos;, os.version: &amp;apos;6.1&amp;apos;, java.version: &amp;apos;1.8.0_65&amp;apos;
Driver info: org.openqa.selenium.firefox.FirefoxDriver
Capabilities [{applicationCacheEnabled=true, rotatable=false, handlesAlerts=true, databaseEnabled=true, version=40.0.3, platform=WINDOWS, nativeEvents=false, acceptSslCerts=true, webStorageEnabled=true, locationContextEnabled=true, browserName=firefox, takesScreenshot=true, javascriptEnabled=true, cssSelectorsEnabled=true}]
Session ID: 47677993-85fe-4ba1-adb2-7664a5869c50
*** Element info: {Using=xpath, value=//span[@id=&amp;apos;btnSrShowEditDetails&amp;apos;]}">
      <![CDATA[org.openqa.selenium.NoSuchElementException: Unable to locate element: {"method":"xpath","selector":"//span[@id='btnSrShowEditDetails']"}
Command duration or timeout: 70.08 seconds
For documentation on this error, please visit: http://seleniumhq.org/exceptions/no_such_element.html
Build info: version: '2.53.0', revision: '35ae25b1534ae328c771e0856c93e187490ca824', time: '2016-03-15 10:43:46'
System info: host: 'hms-update4', ip: '192.168.2.115', os.name: 'Windows 7', os.arch: 'x86', os.version: '6.1', java.version: '1.8.0_65'
Driver info: org.openqa.selenium.firefox.FirefoxDriver
Capabilities [{applicationCacheEnabled=true, rotatable=false, handlesAlerts=true, databaseEnabled=true, version=40.0.3, platform=WINDOWS, nativeEvents=false, acceptSslCerts=true, webStorageEnabled=true, locationContextEnabled=true, browserName=firefox, takesScreenshot=true, javascriptEnabled=true, cssSelectorsEnabled=true}]
Session ID: 47677993-85fe-4ba1-adb2-7664a5869c50
*** Element info: {Using=xpath, value=//span[@id='btnSrShowEditDetails']}
	at org.openqa.selenium.remote.ErrorHandler.createThrowable(ErrorHandler.java:206)
	at org.openqa.selenium.remote.ErrorHandler.throwIfResponseFailed(ErrorHandler.java:158)
	at org.openqa.selenium.remote.RemoteWebDriver.execute(RemoteWebDriver.java:678)
	at org.openqa.selenium.remote.RemoteWebDriver.findElement(RemoteWebDriver.java:363)
	at org.openqa.selenium.remote.RemoteWebDriver.findElementByXPath(RemoteWebDriver.java:500)
	at org.openqa.selenium.By$ByXPath.findElement(By.java:361)
	at org.openqa.selenium.remote.RemoteWebDriver.findElement(RemoteWebDriver.java:355)
	at org.openqa.selenium.support.pagefactory.DefaultElementLocator.findElement(DefaultElementLocator.java:69)
	at org.openqa.selenium.support.pagefactory.internal.LocatingElementHandler.invoke(LocatingElementHandler.java:38)
	at com.sun.proxy.$Proxy7.click(Unknown Source)
	at com.hms.hotelogix.automationframework.pages.GenericMethod.GenericClass.clickElement(GenericClass.java:421)
	at com.hms.hotelogix.automationframework.pages.Frontdesk.FrontDeskHomePage.FrontdeskLandingPage.fn_ReservWithTax(FrontdeskLandingPage.java:1727)
	at com.hms.hotelogix.automationframework.tests.admin.RoomsManager.RoomTypes.RoomTypeTest.HMS5914(RoomTypeTest.java:973)
Caused by: org.openqa.selenium.NoSuchElementException: Unable to locate element: {"method":"xpath","selector":"//span[@id='btnSrShowEditDetails']"}
For documentation on this error, please visit: http://seleniumhq.org/exceptions/no_such_element.html
Build info: version: '2.53.0', revision: '35ae25b1534ae328c771e0856c93e187490ca824', time: '2016-03-15 10:43:46'
System info: host: 'hms-update4', ip: '192.168.2.115', os.name: 'Windows 7', os.arch: 'x86', os.version: '6.1', java.version: '1.8.0_65'
Driver info: driver.version: unknown
	at <anonymous class>.FirefoxDriver.prototype.findElementInternal_(file:///C:/Users/qa/AppData/Local/Temp/anonymous7538509977461090090webdriver-profile/extensions/fxdriver@googlecode.com/components/driver-component.js:10770)
	at <anonymous class>.fxdriver.Timer.prototype.setTimeout/<.notify(file:///C:/Users/qa/AppData/Local/Temp/anonymous7538509977461090090webdriver-profile/extensions/fxdriver@googlecode.com/components/driver-component.js:625)
... Removed 28 stack frames]]>
    </failure>
  </testcase> <!-- HMS5914 -->
  <testcase name="HMS5916" time="56.453" classname="com.hms.hotelogix.automationframework.tests.admin.RoomsManager.RoomTypes.RoomTypeTest">
    <failure type="java.lang.AssertionError" message="expected [- Room Type(s) &amp;quot;nzjIu&amp;quot; deleted successfully] but found [- Room Type(s) &amp;quot;nzjIu&amp;quot; saved successfully]">
      <![CDATA[java.lang.AssertionError: expected [- Room Type(s) "nzjIu" deleted successfully] but found [- Room Type(s) "nzjIu" saved successfully]
	at com.hms.hotelogix.automationframework.pages.admin.RoomManager.RoomTypes.RoomTypesLandingPage.verify_DeleteRoomTypeMsg(RoomTypesLandingPage.java:862)
	at com.hms.hotelogix.automationframework.tests.admin.RoomsManager.RoomTypes.RoomTypeTest.HMS5916(RoomTypeTest.java:1083)
... Removed 29 stack frames]]>
    </failure>
  </testcase> <!-- HMS5916 -->
  <testcase name="HMS8865" time="11.664" classname="com.hms.hotelogix.automationframework.tests.admin.RoomsManager.RoomTypes.RoomTypeTest"/>
  <testcase name="HMS1719" time="52.051" classname="com.hms.hotelogix.automationframework.tests.admin.RoomsManager.RoomTypes.RoomTypeTest">
    <failure type="java.lang.AssertionError" message="expected [false] but found [true]">
      <![CDATA[java.lang.AssertionError: expected [false] but found [true]
	at com.hms.hotelogix.automationframework.pages.admin.PriceManager.FrontdeskPackage.PackageDetailsFrontDesk.verify_DeactiveRTName(PackageDetailsFrontDesk.java:176)
	at com.hms.hotelogix.automationframework.tests.admin.RoomsManager.RoomTypes.RoomTypeTest.HMS1719(RoomTypeTest.java:1961)
... Removed 28 stack frames]]>
    </failure>
  </testcase> <!-- HMS1719 -->
  <testcase name="HMS1720" time="16.702" classname="com.hms.hotelogix.automationframework.tests.admin.RoomsManager.RoomTypes.RoomTypeTest">
    <failure type="java.lang.AssertionError" message="expected [false] but found [true]">
      <![CDATA[java.lang.AssertionError: expected [false] but found [true]
	at com.hms.hotelogix.automationframework.pages.admin.RoomManager.RoomTypes.RoomTypesLandingPage.clk_DeactiveReservedRT(RoomTypesLandingPage.java:1705)
	at com.hms.hotelogix.automationframework.tests.admin.RoomsManager.RoomTypes.RoomTypeTest.HMS1720(RoomTypeTest.java:2077)
... Removed 28 stack frames]]>
    </failure>
  </testcase> <!-- HMS1720 -->
  <testcase name="HMS2342" time="38.164" classname="com.hms.hotelogix.automationframework.tests.admin.PriceManager.SeasonsAttribute.SeasonsAttributeTest"/>
  <testcase name="HMS2327" time="10.542" classname="com.hms.hotelogix.automationframework.tests.admin.PriceManager.SeasonsAttribute.SeasonsAttributeTest">
    <failure type="java.lang.AssertionError" message="expected [true] but found [false]">
      <![CDATA[java.lang.AssertionError: expected [true] but found [false]
	at com.hms.hotelogix.automationframework.tests.admin.PriceManager.SeasonsAttribute.SeasonsAttributeTest.HMS2327(SeasonsAttributeTest.java:528)
... Removed 29 stack frames]]>
    </failure>
  </testcase> <!-- HMS2327 -->
  <testcase name="HMS2331" time="100.707" classname="com.hms.hotelogix.automationframework.tests.admin.PriceManager.SeasonsAttribute.SeasonsAttributeTest"/>
  <testcase name="HMS2339" time="39.008" classname="com.hms.hotelogix.automationframework.tests.admin.PriceManager.SeasonsAttribute.SeasonsAttributeTest"/>
  <testcase name="HMS6608" time="77.9" classname="com.hms.hotelogix.automationframework.tests.admin.PriceManager.SeasonsAttribute.SeasonsAttributeTest">
    <failure type="org.openqa.selenium.NoSuchElementException" message="Unable to locate element: {&amp;quot;method&amp;quot;:&amp;quot;xpath&amp;quot;,&amp;quot;selector&amp;quot;:&amp;quot;//td[text()=&amp;apos;&amp;lt;&amp;lt;Previous | Next&amp;gt;&amp;gt;&amp;apos;]&amp;quot;}
Command duration or timeout: 70.03 seconds
For documentation on this error, please visit: http://seleniumhq.org/exceptions/no_such_element.html
Build info: version: &amp;apos;2.53.0&amp;apos;, revision: &amp;apos;35ae25b1534ae328c771e0856c93e187490ca824&amp;apos;, time: &amp;apos;2016-03-15 10:43:46&amp;apos;
System info: host: &amp;apos;hms-update4&amp;apos;, ip: &amp;apos;192.168.2.115&amp;apos;, os.name: &amp;apos;Windows 7&amp;apos;, os.arch: &amp;apos;x86&amp;apos;, os.version: &amp;apos;6.1&amp;apos;, java.version: &amp;apos;1.8.0_65&amp;apos;
Driver info: org.openqa.selenium.firefox.FirefoxDriver
Capabilities [{applicationCacheEnabled=true, rotatable=false, handlesAlerts=true, databaseEnabled=true, version=40.0.3, platform=WINDOWS, nativeEvents=false, acceptSslCerts=true, webStorageEnabled=true, locationContextEnabled=true, browserName=firefox, takesScreenshot=true, javascriptEnabled=true, cssSelectorsEnabled=true}]
Session ID: 4f42948a-e718-45e9-acf7-1ab4d64df6a1
*** Element info: {Using=xpath, value=//td[text()=&amp;apos;&amp;lt;&amp;lt;Previous | Next&amp;gt;&amp;gt;&amp;apos;]}">
      <![CDATA[org.openqa.selenium.NoSuchElementException: Unable to locate element: {"method":"xpath","selector":"//td[text()='<<Previous | Next>>']"}
Command duration or timeout: 70.03 seconds
For documentation on this error, please visit: http://seleniumhq.org/exceptions/no_such_element.html
Build info: version: '2.53.0', revision: '35ae25b1534ae328c771e0856c93e187490ca824', time: '2016-03-15 10:43:46'
System info: host: 'hms-update4', ip: '192.168.2.115', os.name: 'Windows 7', os.arch: 'x86', os.version: '6.1', java.version: '1.8.0_65'
Driver info: org.openqa.selenium.firefox.FirefoxDriver
Capabilities [{applicationCacheEnabled=true, rotatable=false, handlesAlerts=true, databaseEnabled=true, version=40.0.3, platform=WINDOWS, nativeEvents=false, acceptSslCerts=true, webStorageEnabled=true, locationContextEnabled=true, browserName=firefox, takesScreenshot=true, javascriptEnabled=true, cssSelectorsEnabled=true}]
Session ID: 4f42948a-e718-45e9-acf7-1ab4d64df6a1
*** Element info: {Using=xpath, value=//td[text()='<<Previous | Next>>']}
	at org.openqa.selenium.remote.ErrorHandler.createThrowable(ErrorHandler.java:206)
	at org.openqa.selenium.remote.ErrorHandler.throwIfResponseFailed(ErrorHandler.java:158)
	at org.openqa.selenium.remote.RemoteWebDriver.execute(RemoteWebDriver.java:678)
	at org.openqa.selenium.remote.RemoteWebDriver.findElement(RemoteWebDriver.java:363)
	at org.openqa.selenium.remote.RemoteWebDriver.findElementByXPath(RemoteWebDriver.java:500)
	at org.openqa.selenium.By$ByXPath.findElement(By.java:361)
	at org.openqa.selenium.remote.RemoteWebDriver.findElement(RemoteWebDriver.java:355)
	at org.openqa.selenium.support.pagefactory.DefaultElementLocator.findElement(DefaultElementLocator.java:69)
	at org.openqa.selenium.support.pagefactory.internal.LocatingElementHandler.invoke(LocatingElementHandler.java:38)
	at com.sun.proxy.$Proxy7.isDisplayed(Unknown Source)
	at com.hms.hotelogix.automationframework.pages.GenericMethod.GenericClass.checkElementDisplay(GenericClass.java:464)
	at com.hms.hotelogix.automationframework.pages.admin.PriceManager.SeasonaAttribute.SeasonsAttributeLP.fn_verifyPrevNextLnk(SeasonsAttributeLP.java:515)
	at com.hms.hotelogix.automationframework.tests.admin.PriceManager.SeasonsAttribute.SeasonsAttributeTest.HMS6608(SeasonsAttributeTest.java:1082)
Caused by: org.openqa.selenium.NoSuchElementException: Unable to locate element: {"method":"xpath","selector":"//td[text()='<<Previous | Next>>']"}
For documentation on this error, please visit: http://seleniumhq.org/exceptions/no_such_element.html
Build info: version: '2.53.0', revision: '35ae25b1534ae328c771e0856c93e187490ca824', time: '2016-03-15 10:43:46'
System info: host: 'hms-update4', ip: '192.168.2.115', os.name: 'Windows 7', os.arch: 'x86', os.version: '6.1', java.version: '1.8.0_65'
Driver info: driver.version: unknown
	at <anonymous class>.FirefoxDriver.prototype.findElementInternal_(file:///C:/Users/qa/AppData/Local/Temp/anonymous5132995414828365406webdriver-profile/extensions/fxdriver@googlecode.com/components/driver-component.js:10770)
	at <anonymous class>.fxdriver.Timer.prototype.setTimeout/<.notify(file:///C:/Users/qa/AppData/Local/Temp/anonymous5132995414828365406webdriver-profile/extensions/fxdriver@googlecode.com/components/driver-component.js:625)
... Removed 28 stack frames]]>
    </failure>
  </testcase> <!-- HMS6608 -->
  <testcase name="HMS7884" time="11.78" classname="com.hms.hotelogix.automationframework.tests.admin.PriceManager.SeasonsAttribute.SeasonsAttributeTest">
    <failure type="java.lang.AssertionError" message="expected [28] but found [10]">
      <![CDATA[java.lang.AssertionError: expected [28] but found [10]
	at com.hms.hotelogix.automationframework.tests.admin.PriceManager.SeasonsAttribute.SeasonsAttributeTest.HMS7884(SeasonsAttributeTest.java:1178)
... Removed 29 stack frames]]>
    </failure>
  </testcase> <!-- HMS7884 -->
  <testcase name="HMS1936" time="14.467" classname="com.hms.hotelogix.automationframework.tests.admin.General.Notes.NotesTest">
    <failure type="java.lang.AssertionError" message="expected [true] but found [false]">
      <![CDATA[java.lang.AssertionError: expected [true] but found [false]
	at com.hms.hotelogix.automationframework.tests.admin.General.Notes.NotesTest.HMS1936(NotesTest.java:624)
... Removed 29 stack frames]]>
    </failure>
  </testcase> <!-- HMS1936 -->
  <testcase name="HMS1946" time="10.57" classname="com.hms.hotelogix.automationframework.tests.admin.General.Notes.NotesTest">
    <failure type="org.openqa.selenium.NoAlertPresentException" message="No alert is present (WARNING: The server did not provide any stacktrace information)
Command duration or timeout: 2.13 seconds
Build info: version: &amp;apos;2.53.0&amp;apos;, revision: &amp;apos;35ae25b1534ae328c771e0856c93e187490ca824&amp;apos;, time: &amp;apos;2016-03-15 10:43:46&amp;apos;
System info: host: &amp;apos;hms-update4&amp;apos;, ip: &amp;apos;192.168.2.115&amp;apos;, os.name: &amp;apos;Windows 7&amp;apos;, os.arch: &amp;apos;x86&amp;apos;, os.version: &amp;apos;6.1&amp;apos;, java.version: &amp;apos;1.8.0_65&amp;apos;
Driver info: org.openqa.selenium.firefox.FirefoxDriver
Capabilities [{applicationCacheEnabled=true, rotatable=false, handlesAlerts=true, databaseEnabled=true, version=40.0.3, platform=WINDOWS, nativeEvents=false, acceptSslCerts=true, webStorageEnabled=true, locationContextEnabled=true, browserName=firefox, takesScreenshot=true, javascriptEnabled=true, cssSelectorsEnabled=true}]
Session ID: 3836db80-7439-4f86-ad31-51ace2a408c4">
      <![CDATA[org.openqa.selenium.NoAlertPresentException: No alert is present (WARNING: The server did not provide any stacktrace information)
Command duration or timeout: 2.13 seconds
Build info: version: '2.53.0', revision: '35ae25b1534ae328c771e0856c93e187490ca824', time: '2016-03-15 10:43:46'
System info: host: 'hms-update4', ip: '192.168.2.115', os.name: 'Windows 7', os.arch: 'x86', os.version: '6.1', java.version: '1.8.0_65'
Driver info: org.openqa.selenium.firefox.FirefoxDriver
Capabilities [{applicationCacheEnabled=true, rotatable=false, handlesAlerts=true, databaseEnabled=true, version=40.0.3, platform=WINDOWS, nativeEvents=false, acceptSslCerts=true, webStorageEnabled=true, locationContextEnabled=true, browserName=firefox, takesScreenshot=true, javascriptEnabled=true, cssSelectorsEnabled=true}]
Session ID: 3836db80-7439-4f86-ad31-51ace2a408c4
	at org.openqa.selenium.remote.ErrorHandler.createThrowable(ErrorHandler.java:206)
	at org.openqa.selenium.remote.ErrorHandler.throwIfResponseFailed(ErrorHandler.java:158)
	at org.openqa.selenium.remote.RemoteWebDriver.execute(RemoteWebDriver.java:678)
	at org.openqa.selenium.remote.RemoteWebDriver.execute(RemoteWebDriver.java:701)
	at org.openqa.selenium.remote.RemoteWebDriver$RemoteTargetLocator.alert(RemoteWebDriver.java:1049)
	at com.hms.hotelogix.automationframework.pages.GenericMethod.GenericClass.Alert_Dismiss(GenericClass.java:151)
	at com.hms.hotelogix.automationframework.pages.admin.General.Notes.NotesListLandingPage.fn_clkDeleteSelectedNote(NotesListLandingPage.java:362)
	at com.hms.hotelogix.automationframework.tests.admin.General.Notes.NotesTest.HMS1946(NotesTest.java:1009)
... Removed 28 stack frames]]>
    </failure>
  </testcase> <!-- HMS1946 -->
  <testcase name="HMS9027" time="84.559" classname="com.hms.hotelogix.automationframework.tests.admin.RoomsManager.PhoneExtensions.PhoneExtensionsTest">
    <failure type="org.openqa.selenium.NoSuchElementException" message="Unable to locate element: {&amp;quot;method&amp;quot;:&amp;quot;xpath&amp;quot;,&amp;quot;selector&amp;quot;:&amp;quot;//form[@name=&amp;apos;frmListView&amp;apos;]//table//tr[2]/td&amp;quot;}
Command duration or timeout: 70.07 seconds
For documentation on this error, please visit: http://seleniumhq.org/exceptions/no_such_element.html
Build info: version: &amp;apos;2.53.0&amp;apos;, revision: &amp;apos;35ae25b1534ae328c771e0856c93e187490ca824&amp;apos;, time: &amp;apos;2016-03-15 10:43:46&amp;apos;
System info: host: &amp;apos;hms-update4&amp;apos;, ip: &amp;apos;192.168.2.115&amp;apos;, os.name: &amp;apos;Windows 7&amp;apos;, os.arch: &amp;apos;x86&amp;apos;, os.version: &amp;apos;6.1&amp;apos;, java.version: &amp;apos;1.8.0_65&amp;apos;
Driver info: org.openqa.selenium.firefox.FirefoxDriver
Capabilities [{applicationCacheEnabled=true, rotatable=false, handlesAlerts=true, databaseEnabled=true, version=40.0.3, platform=WINDOWS, nativeEvents=false, acceptSslCerts=true, webStorageEnabled=true, locationContextEnabled=true, browserName=firefox, takesScreenshot=true, javascriptEnabled=true, cssSelectorsEnabled=true}]
Session ID: 65d0d94a-3741-4bc5-8ecf-4d501c62f69c
*** Element info: {Using=xpath, value=//form[@name=&amp;apos;frmListView&amp;apos;]//table//tr[2]/td}">
      <![CDATA[org.openqa.selenium.NoSuchElementException: Unable to locate element: {"method":"xpath","selector":"//form[@name='frmListView']//table//tr[2]/td"}
Command duration or timeout: 70.07 seconds
For documentation on this error, please visit: http://seleniumhq.org/exceptions/no_such_element.html
Build info: version: '2.53.0', revision: '35ae25b1534ae328c771e0856c93e187490ca824', time: '2016-03-15 10:43:46'
System info: host: 'hms-update4', ip: '192.168.2.115', os.name: 'Windows 7', os.arch: 'x86', os.version: '6.1', java.version: '1.8.0_65'
Driver info: org.openqa.selenium.firefox.FirefoxDriver
Capabilities [{applicationCacheEnabled=true, rotatable=false, handlesAlerts=true, databaseEnabled=true, version=40.0.3, platform=WINDOWS, nativeEvents=false, acceptSslCerts=true, webStorageEnabled=true, locationContextEnabled=true, browserName=firefox, takesScreenshot=true, javascriptEnabled=true, cssSelectorsEnabled=true}]
Session ID: 65d0d94a-3741-4bc5-8ecf-4d501c62f69c
*** Element info: {Using=xpath, value=//form[@name='frmListView']//table//tr[2]/td}
	at org.openqa.selenium.remote.ErrorHandler.createThrowable(ErrorHandler.java:206)
	at org.openqa.selenium.remote.ErrorHandler.throwIfResponseFailed(ErrorHandler.java:158)
	at org.openqa.selenium.remote.RemoteWebDriver.execute(RemoteWebDriver.java:678)
	at org.openqa.selenium.remote.RemoteWebDriver.findElement(RemoteWebDriver.java:363)
	at org.openqa.selenium.remote.RemoteWebDriver.findElementByXPath(RemoteWebDriver.java:500)
	at org.openqa.selenium.By$ByXPath.findElement(By.java:361)
	at org.openqa.selenium.remote.RemoteWebDriver.findElement(RemoteWebDriver.java:355)
	at org.openqa.selenium.support.pagefactory.DefaultElementLocator.findElement(DefaultElementLocator.java:69)
	at org.openqa.selenium.support.pagefactory.internal.LocatingElementHandler.invoke(LocatingElementHandler.java:38)
	at com.sun.proxy.$Proxy7.getText(Unknown Source)
	at com.hms.hotelogix.automationframework.pages.GenericMethod.GenericClass.getText(GenericClass.java:204)
	at com.hms.hotelogix.automationframework.pages.admin.RoomsManager.PhoneExtensions.PhoneExtensionsListPage.verify_saveMultplExtsnMsg(PhoneExtensionsListPage.java:260)
	at com.hms.hotelogix.automationframework.tests.admin.RoomsManager.PhoneExtensions.PhoneExtensionsTest.HMS9027(PhoneExtensionsTest.java:836)
Caused by: org.openqa.selenium.NoSuchElementException: Unable to locate element: {"method":"xpath","selector":"//form[@name='frmListView']//table//tr[2]/td"}
For documentation on this error, please visit: http://seleniumhq.org/exceptions/no_such_element.html
Build info: version: '2.53.0', revision: '35ae25b1534ae328c771e0856c93e187490ca824', time: '2016-03-15 10:43:46'
System info: host: 'hms-update4', ip: '192.168.2.115', os.name: 'Windows 7', os.arch: 'x86', os.version: '6.1', java.version: '1.8.0_65'
Driver info: driver.version: unknown
	at <anonymous class>.FirefoxDriver.prototype.findElementInternal_(file:///C:/Users/qa/AppData/Local/Temp/anonymous2728487953659997518webdriver-profile/extensions/fxdriver@googlecode.com/components/driver-component.js:10770)
	at <anonymous class>.fxdriver.Timer.prototype.setTimeout/<.notify(file:///C:/Users/qa/AppData/Local/Temp/anonymous2728487953659997518webdriver-profile/extensions/fxdriver@googlecode.com/components/driver-component.js:625)
... Removed 28 stack frames]]>
    </failure>
  </testcase> <!-- HMS9027 -->
  <testcase name="HMS9061" time="31.801" classname="com.hms.hotelogix.automationframework.tests.admin.RoomsManager.PhoneExtensions.PhoneExtensionsTest"/>
  <testcase name="HMS9062" time="32.549" classname="com.hms.hotelogix.automationframework.tests.admin.RoomsManager.PhoneExtensions.PhoneExtensionsTest"/>
  <testcase name="HMS9063" time="12.485" classname="com.hms.hotelogix.automationframework.tests.admin.RoomsManager.PhoneExtensions.PhoneExtensionsTest"/>
  <testcase name="HMS9064" time="8.909" classname="com.hms.hotelogix.automationframework.tests.admin.RoomsManager.PhoneExtensions.PhoneExtensionsTest"/>
  <testcase name="HMS9065" time="15.383" classname="com.hms.hotelogix.automationframework.tests.admin.RoomsManager.PhoneExtensions.PhoneExtensionsTest"/>
  <testcase name="HMS9066" time="15.085" classname="com.hms.hotelogix.automationframework.tests.admin.RoomsManager.PhoneExtensions.PhoneExtensionsTest"/>
  <testcase name="HMS9067" time="33.886" classname="com.hms.hotelogix.automationframework.tests.admin.RoomsManager.PhoneExtensions.PhoneExtensionsTest"/>
  <testcase name="HMS9068" time="12.191" classname="com.hms.hotelogix.automationframework.tests.admin.RoomsManager.PhoneExtensions.PhoneExtensionsTest"/>
  <testcase name="HMS9069" time="11.507" classname="com.hms.hotelogix.automationframework.tests.admin.RoomsManager.PhoneExtensions.PhoneExtensionsTest"/>
  <testcase name="HMS9074" time="15.316" classname="com.hms.hotelogix.automationframework.tests.admin.RoomsManager.PhoneExtensions.PhoneExtensionsTest"/>
  <testcase name="HMS9075" time="15.165" classname="com.hms.hotelogix.automationframework.tests.admin.RoomsManager.PhoneExtensions.PhoneExtensionsTest"/>
  <testcase name="HMS9076" time="11.986" classname="com.hms.hotelogix.automationframework.tests.admin.RoomsManager.PhoneExtensions.PhoneExtensionsTest"/>
  <testcase name="HMS9077" time="12.643" classname="com.hms.hotelogix.automationframework.tests.admin.RoomsManager.PhoneExtensions.PhoneExtensionsTest"/>
  <testcase name="HMS9078" time="11.054" classname="com.hms.hotelogix.automationframework.tests.admin.RoomsManager.PhoneExtensions.PhoneExtensionsTest"/>
  <testcase name="HMS9079" time="11.27" classname="com.hms.hotelogix.automationframework.tests.admin.RoomsManager.PhoneExtensions.PhoneExtensionsTest"/>
  <testcase name="HMS9080" time="14.253" classname="com.hms.hotelogix.automationframework.tests.admin.RoomsManager.PhoneExtensions.PhoneExtensionsTest"/>
  <testcase name="HMS9081" time="87.445" classname="com.hms.hotelogix.automationframework.tests.admin.RoomsManager.PhoneExtensions.PhoneExtensionsTest">
    <failure type="org.openqa.selenium.NoSuchElementException" message="Unable to locate element: {&amp;quot;method&amp;quot;:&amp;quot;xpath&amp;quot;,&amp;quot;selector&amp;quot;:&amp;quot;//table[@class=&amp;apos;list_viewnew&amp;apos;]//table//tr//td/a[text()=&amp;apos;Next&amp;gt;&amp;gt;&amp;apos;]&amp;quot;}
Command duration or timeout: 70.09 seconds
For documentation on this error, please visit: http://seleniumhq.org/exceptions/no_such_element.html
Build info: version: &amp;apos;2.53.0&amp;apos;, revision: &amp;apos;35ae25b1534ae328c771e0856c93e187490ca824&amp;apos;, time: &amp;apos;2016-03-15 10:43:46&amp;apos;
System info: host: &amp;apos;hms-update4&amp;apos;, ip: &amp;apos;192.168.2.115&amp;apos;, os.name: &amp;apos;Windows 7&amp;apos;, os.arch: &amp;apos;x86&amp;apos;, os.version: &amp;apos;6.1&amp;apos;, java.version: &amp;apos;1.8.0_65&amp;apos;
Driver info: org.openqa.selenium.firefox.FirefoxDriver
Capabilities [{applicationCacheEnabled=true, rotatable=false, handlesAlerts=true, databaseEnabled=true, version=40.0.3, platform=WINDOWS, nativeEvents=false, acceptSslCerts=true, webStorageEnabled=true, locationContextEnabled=true, browserName=firefox, takesScreenshot=true, javascriptEnabled=true, cssSelectorsEnabled=true}]
Session ID: 6dc306b3-09f2-4a7e-b7ff-1f4af26d25ce
*** Element info: {Using=xpath, value=//table[@class=&amp;apos;list_viewnew&amp;apos;]//table//tr//td/a[text()=&amp;apos;Next&amp;gt;&amp;gt;&amp;apos;]}">
      <![CDATA[org.openqa.selenium.NoSuchElementException: Unable to locate element: {"method":"xpath","selector":"//table[@class='list_viewnew']//table//tr//td/a[text()='Next>>']"}
Command duration or timeout: 70.09 seconds
For documentation on this error, please visit: http://seleniumhq.org/exceptions/no_such_element.html
Build info: version: '2.53.0', revision: '35ae25b1534ae328c771e0856c93e187490ca824', time: '2016-03-15 10:43:46'
System info: host: 'hms-update4', ip: '192.168.2.115', os.name: 'Windows 7', os.arch: 'x86', os.version: '6.1', java.version: '1.8.0_65'
Driver info: org.openqa.selenium.firefox.FirefoxDriver
Capabilities [{applicationCacheEnabled=true, rotatable=false, handlesAlerts=true, databaseEnabled=true, version=40.0.3, platform=WINDOWS, nativeEvents=false, acceptSslCerts=true, webStorageEnabled=true, locationContextEnabled=true, browserName=firefox, takesScreenshot=true, javascriptEnabled=true, cssSelectorsEnabled=true}]
Session ID: 6dc306b3-09f2-4a7e-b7ff-1f4af26d25ce
*** Element info: {Using=xpath, value=//table[@class='list_viewnew']//table//tr//td/a[text()='Next>>']}
	at org.openqa.selenium.remote.ErrorHandler.createThrowable(ErrorHandler.java:206)
	at org.openqa.selenium.remote.ErrorHandler.throwIfResponseFailed(ErrorHandler.java:158)
	at org.openqa.selenium.remote.RemoteWebDriver.execute(RemoteWebDriver.java:678)
	at org.openqa.selenium.remote.RemoteWebDriver.findElement(RemoteWebDriver.java:363)
	at org.openqa.selenium.remote.RemoteWebDriver.findElementByXPath(RemoteWebDriver.java:500)
	at org.openqa.selenium.By$ByXPath.findElement(By.java:361)
	at org.openqa.selenium.remote.RemoteWebDriver.findElement(RemoteWebDriver.java:355)
	at org.openqa.selenium.support.pagefactory.DefaultElementLocator.findElement(DefaultElementLocator.java:69)
	at org.openqa.selenium.support.pagefactory.internal.LocatingElementHandler.invoke(LocatingElementHandler.java:38)
	at com.sun.proxy.$Proxy7.isEnabled(Unknown Source)
	at com.hms.hotelogix.automationframework.pages.admin.RoomsManager.PhoneExtensions.PhoneExtensionsListPage.fn_verifyDisabledNextLnk(PhoneExtensionsListPage.java:1063)
	at com.hms.hotelogix.automationframework.tests.admin.RoomsManager.PhoneExtensions.PhoneExtensionsTest.HMS9081(PhoneExtensionsTest.java:1918)
Caused by: org.openqa.selenium.NoSuchElementException: Unable to locate element: {"method":"xpath","selector":"//table[@class='list_viewnew']//table//tr//td/a[text()='Next>>']"}
For documentation on this error, please visit: http://seleniumhq.org/exceptions/no_such_element.html
Build info: version: '2.53.0', revision: '35ae25b1534ae328c771e0856c93e187490ca824', time: '2016-03-15 10:43:46'
System info: host: 'hms-update4', ip: '192.168.2.115', os.name: 'Windows 7', os.arch: 'x86', os.version: '6.1', java.version: '1.8.0_65'
Driver info: driver.version: unknown
	at <anonymous class>.FirefoxDriver.prototype.findElementInternal_(file:///C:/Users/qa/AppData/Local/Temp/anonymous5956800134429984296webdriver-profile/extensions/fxdriver@googlecode.com/components/driver-component.js:10770)
	at <anonymous class>.fxdriver.Timer.prototype.setTimeout/<.notify(file:///C:/Users/qa/AppData/Local/Temp/anonymous5956800134429984296webdriver-profile/extensions/fxdriver@googlecode.com/components/driver-component.js:625)
... Removed 28 stack frames]]>
    </failure>
  </testcase> <!-- HMS9081 -->
  <testcase name="HMS9082" time="84.514" classname="com.hms.hotelogix.automationframework.tests.admin.RoomsManager.PhoneExtensions.PhoneExtensionsTest">
    <failure type="org.openqa.selenium.NoSuchElementException" message="Unable to locate element: {&amp;quot;method&amp;quot;:&amp;quot;xpath&amp;quot;,&amp;quot;selector&amp;quot;:&amp;quot;//table[@class=&amp;apos;list_viewnew&amp;apos;]//table//tr//td/a[text()=&amp;apos;Next&amp;gt;&amp;gt;&amp;apos;]&amp;quot;}
Command duration or timeout: 70.12 seconds
For documentation on this error, please visit: http://seleniumhq.org/exceptions/no_such_element.html
Build info: version: &amp;apos;2.53.0&amp;apos;, revision: &amp;apos;35ae25b1534ae328c771e0856c93e187490ca824&amp;apos;, time: &amp;apos;2016-03-15 10:43:46&amp;apos;
System info: host: &amp;apos;hms-update4&amp;apos;, ip: &amp;apos;192.168.2.115&amp;apos;, os.name: &amp;apos;Windows 7&amp;apos;, os.arch: &amp;apos;x86&amp;apos;, os.version: &amp;apos;6.1&amp;apos;, java.version: &amp;apos;1.8.0_65&amp;apos;
Driver info: org.openqa.selenium.firefox.FirefoxDriver
Capabilities [{applicationCacheEnabled=true, rotatable=false, handlesAlerts=true, databaseEnabled=true, version=40.0.3, platform=WINDOWS, nativeEvents=false, acceptSslCerts=true, webStorageEnabled=true, locationContextEnabled=true, browserName=firefox, takesScreenshot=true, javascriptEnabled=true, cssSelectorsEnabled=true}]
Session ID: dfe546f2-18a2-41c4-a9f4-3888176af4d9
*** Element info: {Using=xpath, value=//table[@class=&amp;apos;list_viewnew&amp;apos;]//table//tr//td/a[text()=&amp;apos;Next&amp;gt;&amp;gt;&amp;apos;]}">
      <![CDATA[org.openqa.selenium.NoSuchElementException: Unable to locate element: {"method":"xpath","selector":"//table[@class='list_viewnew']//table//tr//td/a[text()='Next>>']"}
Command duration or timeout: 70.12 seconds
For documentation on this error, please visit: http://seleniumhq.org/exceptions/no_such_element.html
Build info: version: '2.53.0', revision: '35ae25b1534ae328c771e0856c93e187490ca824', time: '2016-03-15 10:43:46'
System info: host: 'hms-update4', ip: '192.168.2.115', os.name: 'Windows 7', os.arch: 'x86', os.version: '6.1', java.version: '1.8.0_65'
Driver info: org.openqa.selenium.firefox.FirefoxDriver
Capabilities [{applicationCacheEnabled=true, rotatable=false, handlesAlerts=true, databaseEnabled=true, version=40.0.3, platform=WINDOWS, nativeEvents=false, acceptSslCerts=true, webStorageEnabled=true, locationContextEnabled=true, browserName=firefox, takesScreenshot=true, javascriptEnabled=true, cssSelectorsEnabled=true}]
Session ID: dfe546f2-18a2-41c4-a9f4-3888176af4d9
*** Element info: {Using=xpath, value=//table[@class='list_viewnew']//table//tr//td/a[text()='Next>>']}
	at org.openqa.selenium.remote.ErrorHandler.createThrowable(ErrorHandler.java:206)
	at org.openqa.selenium.remote.ErrorHandler.throwIfResponseFailed(ErrorHandler.java:158)
	at org.openqa.selenium.remote.RemoteWebDriver.execute(RemoteWebDriver.java:678)
	at org.openqa.selenium.remote.RemoteWebDriver.findElement(RemoteWebDriver.java:363)
	at org.openqa.selenium.remote.RemoteWebDriver.findElementByXPath(RemoteWebDriver.java:500)
	at org.openqa.selenium.By$ByXPath.findElement(By.java:361)
	at org.openqa.selenium.remote.RemoteWebDriver.findElement(RemoteWebDriver.java:355)
	at org.openqa.selenium.support.pagefactory.DefaultElementLocator.findElement(DefaultElementLocator.java:69)
	at org.openqa.selenium.support.pagefactory.internal.LocatingElementHandler.invoke(LocatingElementHandler.java:38)
	at com.sun.proxy.$Proxy7.isEnabled(Unknown Source)
	at com.hms.hotelogix.automationframework.pages.admin.RoomsManager.PhoneExtensions.PhoneExtensionsListPage.fn_verifyDisabledNextLnk(PhoneExtensionsListPage.java:1063)
	at com.hms.hotelogix.automationframework.tests.admin.RoomsManager.PhoneExtensions.PhoneExtensionsTest.HMS9082(PhoneExtensionsTest.java:1952)
Caused by: org.openqa.selenium.NoSuchElementException: Unable to locate element: {"method":"xpath","selector":"//table[@class='list_viewnew']//table//tr//td/a[text()='Next>>']"}
For documentation on this error, please visit: http://seleniumhq.org/exceptions/no_such_element.html
Build info: version: '2.53.0', revision: '35ae25b1534ae328c771e0856c93e187490ca824', time: '2016-03-15 10:43:46'
System info: host: 'hms-update4', ip: '192.168.2.115', os.name: 'Windows 7', os.arch: 'x86', os.version: '6.1', java.version: '1.8.0_65'
Driver info: driver.version: unknown
	at <anonymous class>.FirefoxDriver.prototype.findElementInternal_(file:///C:/Users/qa/AppData/Local/Temp/anonymous8252333602318030579webdriver-profile/extensions/fxdriver@googlecode.com/components/driver-component.js:10770)
	at <anonymous class>.fxdriver.Timer.prototype.setTimeout/<.notify(file:///C:/Users/qa/AppData/Local/Temp/anonymous8252333602318030579webdriver-profile/extensions/fxdriver@googlecode.com/components/driver-component.js:625)
... Removed 28 stack frames]]>
    </failure>
  </testcase> <!-- HMS9082 -->
  <testcase name="HMS9083" time="78.142" classname="com.hms.hotelogix.automationframework.tests.admin.RoomsManager.PhoneExtensions.PhoneExtensionsTest">
    <failure type="org.openqa.selenium.NoSuchElementException" message="Unable to locate element: {&amp;quot;method&amp;quot;:&amp;quot;xpath&amp;quot;,&amp;quot;selector&amp;quot;:&amp;quot;//td[text()=&amp;apos;&amp;lt;&amp;lt;Previous | Next&amp;gt;&amp;gt;&amp;apos;]&amp;quot;}
Command duration or timeout: 70.13 seconds
For documentation on this error, please visit: http://seleniumhq.org/exceptions/no_such_element.html
Build info: version: &amp;apos;2.53.0&amp;apos;, revision: &amp;apos;35ae25b1534ae328c771e0856c93e187490ca824&amp;apos;, time: &amp;apos;2016-03-15 10:43:46&amp;apos;
System info: host: &amp;apos;hms-update4&amp;apos;, ip: &amp;apos;192.168.2.115&amp;apos;, os.name: &amp;apos;Windows 7&amp;apos;, os.arch: &amp;apos;x86&amp;apos;, os.version: &amp;apos;6.1&amp;apos;, java.version: &amp;apos;1.8.0_65&amp;apos;
Driver info: org.openqa.selenium.firefox.FirefoxDriver
Capabilities [{applicationCacheEnabled=true, rotatable=false, handlesAlerts=true, databaseEnabled=true, version=40.0.3, platform=WINDOWS, nativeEvents=false, acceptSslCerts=true, webStorageEnabled=true, locationContextEnabled=true, browserName=firefox, takesScreenshot=true, javascriptEnabled=true, cssSelectorsEnabled=true}]
Session ID: fa9f0396-cff6-4ebc-80ad-94a824bc9565
*** Element info: {Using=xpath, value=//td[text()=&amp;apos;&amp;lt;&amp;lt;Previous | Next&amp;gt;&amp;gt;&amp;apos;]}">
      <![CDATA[org.openqa.selenium.NoSuchElementException: Unable to locate element: {"method":"xpath","selector":"//td[text()='<<Previous | Next>>']"}
Command duration or timeout: 70.13 seconds
For documentation on this error, please visit: http://seleniumhq.org/exceptions/no_such_element.html
Build info: version: '2.53.0', revision: '35ae25b1534ae328c771e0856c93e187490ca824', time: '2016-03-15 10:43:46'
System info: host: 'hms-update4', ip: '192.168.2.115', os.name: 'Windows 7', os.arch: 'x86', os.version: '6.1', java.version: '1.8.0_65'
Driver info: org.openqa.selenium.firefox.FirefoxDriver
Capabilities [{applicationCacheEnabled=true, rotatable=false, handlesAlerts=true, databaseEnabled=true, version=40.0.3, platform=WINDOWS, nativeEvents=false, acceptSslCerts=true, webStorageEnabled=true, locationContextEnabled=true, browserName=firefox, takesScreenshot=true, javascriptEnabled=true, cssSelectorsEnabled=true}]
Session ID: fa9f0396-cff6-4ebc-80ad-94a824bc9565
*** Element info: {Using=xpath, value=//td[text()='<<Previous | Next>>']}
	at org.openqa.selenium.remote.ErrorHandler.createThrowable(ErrorHandler.java:206)
	at org.openqa.selenium.remote.ErrorHandler.throwIfResponseFailed(ErrorHandler.java:158)
	at org.openqa.selenium.remote.RemoteWebDriver.execute(RemoteWebDriver.java:678)
	at org.openqa.selenium.remote.RemoteWebDriver.findElement(RemoteWebDriver.java:363)
	at org.openqa.selenium.remote.RemoteWebDriver.findElementByXPath(RemoteWebDriver.java:500)
	at org.openqa.selenium.By$ByXPath.findElement(By.java:361)
	at org.openqa.selenium.remote.RemoteWebDriver.findElement(RemoteWebDriver.java:355)
	at org.openqa.selenium.support.pagefactory.DefaultElementLocator.findElement(DefaultElementLocator.java:69)
	at org.openqa.selenium.support.pagefactory.internal.LocatingElementHandler.invoke(LocatingElementHandler.java:38)
	at com.sun.proxy.$Proxy7.isEnabled(Unknown Source)
	at com.hms.hotelogix.automationframework.pages.admin.RoomsManager.PhoneExtensions.PhoneExtensionsListPage.fn_clkPreviousLnk(PhoneExtensionsListPage.java:1083)
	at com.hms.hotelogix.automationframework.tests.admin.RoomsManager.PhoneExtensions.PhoneExtensionsTest.HMS9083(PhoneExtensionsTest.java:1979)
Caused by: org.openqa.selenium.NoSuchElementException: Unable to locate element: {"method":"xpath","selector":"//td[text()='<<Previous | Next>>']"}
For documentation on this error, please visit: http://seleniumhq.org/exceptions/no_such_element.html
Build info: version: '2.53.0', revision: '35ae25b1534ae328c771e0856c93e187490ca824', time: '2016-03-15 10:43:46'
System info: host: 'hms-update4', ip: '192.168.2.115', os.name: 'Windows 7', os.arch: 'x86', os.version: '6.1', java.version: '1.8.0_65'
Driver info: driver.version: unknown
	at <anonymous class>.FirefoxDriver.prototype.findElementInternal_(file:///C:/Users/qa/AppData/Local/Temp/anonymous8111100755554268532webdriver-profile/extensions/fxdriver@googlecode.com/components/driver-component.js:10770)
	at <anonymous class>.fxdriver.Timer.prototype.setTimeout/<.notify(file:///C:/Users/qa/AppData/Local/Temp/anonymous8111100755554268532webdriver-profile/extensions/fxdriver@googlecode.com/components/driver-component.js:625)
... Removed 28 stack frames]]>
    </failure>
  </testcase> <!-- HMS9083 -->
  <testcase name="HMS9084" time="17.443" classname="com.hms.hotelogix.automationframework.tests.admin.RoomsManager.PhoneExtensions.PhoneExtensionsTest"/>
  <testcase name="HMS9085" time="18.846" classname="com.hms.hotelogix.automationframework.tests.admin.RoomsManager.PhoneExtensions.PhoneExtensionsTest"/>
  <testcase name="HMS8849" time="79.422" classname="com.hms.hotelogix.automationframework.tests.admin.RoomsManager.DisplayColors.DisplayColorsTest">
    <failure type="org.openqa.selenium.NoSuchElementException" message="Unable to locate element: {&amp;quot;method&amp;quot;:&amp;quot;xpath&amp;quot;,&amp;quot;selector&amp;quot;:&amp;quot;//div[@class=&amp;apos; yui-skin-sam&amp;apos;]//table//tr[3]/td//tr[7]//table//tr[4]//table//tr[7]//td[3]/input&amp;quot;}
Command duration or timeout: 70.03 seconds
For documentation on this error, please visit: http://seleniumhq.org/exceptions/no_such_element.html
Build info: version: &amp;apos;2.53.0&amp;apos;, revision: &amp;apos;35ae25b1534ae328c771e0856c93e187490ca824&amp;apos;, time: &amp;apos;2016-03-15 10:43:46&amp;apos;
System info: host: &amp;apos;hms-update4&amp;apos;, ip: &amp;apos;192.168.2.115&amp;apos;, os.name: &amp;apos;Windows 7&amp;apos;, os.arch: &amp;apos;x86&amp;apos;, os.version: &amp;apos;6.1&amp;apos;, java.version: &amp;apos;1.8.0_65&amp;apos;
Driver info: org.openqa.selenium.firefox.FirefoxDriver
Capabilities [{applicationCacheEnabled=true, rotatable=false, handlesAlerts=true, databaseEnabled=true, version=40.0.3, platform=WINDOWS, nativeEvents=false, acceptSslCerts=true, webStorageEnabled=true, locationContextEnabled=true, browserName=firefox, takesScreenshot=true, javascriptEnabled=true, cssSelectorsEnabled=true}]
Session ID: 19b5e244-8093-4420-a788-8baf8042408b
*** Element info: {Using=xpath, value=//div[@class=&amp;apos; yui-skin-sam&amp;apos;]//table//tr[3]/td//tr[7]//table//tr[4]//table//tr[7]//td[3]/input}">
      <![CDATA[org.openqa.selenium.NoSuchElementException: Unable to locate element: {"method":"xpath","selector":"//div[@class=' yui-skin-sam']//table//tr[3]/td//tr[7]//table//tr[4]//table//tr[7]//td[3]/input"}
Command duration or timeout: 70.03 seconds
For documentation on this error, please visit: http://seleniumhq.org/exceptions/no_such_element.html
Build info: version: '2.53.0', revision: '35ae25b1534ae328c771e0856c93e187490ca824', time: '2016-03-15 10:43:46'
System info: host: 'hms-update4', ip: '192.168.2.115', os.name: 'Windows 7', os.arch: 'x86', os.version: '6.1', java.version: '1.8.0_65'
Driver info: org.openqa.selenium.firefox.FirefoxDriver
Capabilities [{applicationCacheEnabled=true, rotatable=false, handlesAlerts=true, databaseEnabled=true, version=40.0.3, platform=WINDOWS, nativeEvents=false, acceptSslCerts=true, webStorageEnabled=true, locationContextEnabled=true, browserName=firefox, takesScreenshot=true, javascriptEnabled=true, cssSelectorsEnabled=true}]
Session ID: 19b5e244-8093-4420-a788-8baf8042408b
*** Element info: {Using=xpath, value=//div[@class=' yui-skin-sam']//table//tr[3]/td//tr[7]//table//tr[4]//table//tr[7]//td[3]/input}
	at org.openqa.selenium.remote.ErrorHandler.createThrowable(ErrorHandler.java:206)
	at org.openqa.selenium.remote.ErrorHandler.throwIfResponseFailed(ErrorHandler.java:158)
	at org.openqa.selenium.remote.RemoteWebDriver.execute(RemoteWebDriver.java:678)
	at org.openqa.selenium.remote.RemoteWebDriver.findElement(RemoteWebDriver.java:363)
	at org.openqa.selenium.remote.RemoteWebDriver.findElementByXPath(RemoteWebDriver.java:500)
	at org.openqa.selenium.By$ByXPath.findElement(By.java:361)
	at org.openqa.selenium.remote.RemoteWebDriver.findElement(RemoteWebDriver.java:355)
	at com.hms.hotelogix.automationframework.pages.admin.RoomsManager.DisplayColors.DisplayColorsLandingPage.verifyTextbox_AlphabetCode(DisplayColorsLandingPage.java:337)
	at com.hms.hotelogix.automationframework.tests.admin.RoomsManager.DisplayColors.DisplayColorsTest.HMS8849(DisplayColorsTest.java:274)
Caused by: org.openqa.selenium.NoSuchElementException: Unable to locate element: {"method":"xpath","selector":"//div[@class=' yui-skin-sam']//table//tr[3]/td//tr[7]//table//tr[4]//table//tr[7]//td[3]/input"}
For documentation on this error, please visit: http://seleniumhq.org/exceptions/no_such_element.html
Build info: version: '2.53.0', revision: '35ae25b1534ae328c771e0856c93e187490ca824', time: '2016-03-15 10:43:46'
System info: host: 'hms-update4', ip: '192.168.2.115', os.name: 'Windows 7', os.arch: 'x86', os.version: '6.1', java.version: '1.8.0_65'
Driver info: driver.version: unknown
	at <anonymous class>.FirefoxDriver.prototype.findElementInternal_(file:///C:/Users/qa/AppData/Local/Temp/anonymous7066035045243726872webdriver-profile/extensions/fxdriver@googlecode.com/components/driver-component.js:10770)
	at <anonymous class>.fxdriver.Timer.prototype.setTimeout/<.notify(file:///C:/Users/qa/AppData/Local/Temp/anonymous7066035045243726872webdriver-profile/extensions/fxdriver@googlecode.com/components/driver-component.js:625)
... Removed 28 stack frames]]>
    </failure>
  </testcase> <!-- HMS8849 -->
  <testcase name="HMS7935" time="66.962" classname="com.hms.hotelogix.automationframework.tests.admin.RoomsManager.DisplayColors.DisplayColorsTest">
    <failure type="java.lang.AssertionError" message="expected [true] but found [false]">
      <![CDATA[java.lang.AssertionError: expected [true] but found [false]
	at com.hms.hotelogix.automationframework.pages.Frontdesk.Housekeeping.HousekeepingLandingPage.verify_CORColorCode(HousekeepingLandingPage.java:219)
	at com.hms.hotelogix.automationframework.tests.admin.RoomsManager.DisplayColors.DisplayColorsTest.HMS7935(DisplayColorsTest.java:578)
... Removed 28 stack frames]]>
    </failure>
  </testcase> <!-- HMS7935 -->
  <testcase name="HMS7937" time="52.373" classname="com.hms.hotelogix.automationframework.tests.admin.RoomsManager.DisplayColors.DisplayColorsTest">
    <failure type="java.lang.AssertionError" message="expected [true] but found [false]">
      <![CDATA[java.lang.AssertionError: expected [true] but found [false]
	at com.hms.hotelogix.automationframework.pages.Frontdesk.FrontDeskHomePage.FrontdeskLandingPage.verify_OverbookedColorCode(FrontdeskLandingPage.java:409)
	at com.hms.hotelogix.automationframework.tests.admin.RoomsManager.DisplayColors.DisplayColorsTest.HMS7937(DisplayColorsTest.java:685)
... Removed 28 stack frames]]>
    </failure>
  </testcase> <!-- HMS7937 -->
  <testcase name="HMS7941" time="51.647" classname="com.hms.hotelogix.automationframework.tests.admin.RoomsManager.DisplayColors.DisplayColorsTest">
    <failure type="java.lang.AssertionError" message="expected [true] but found [false]">
      <![CDATA[java.lang.AssertionError: expected [true] but found [false]
	at com.hms.hotelogix.automationframework.pages.Frontdesk.FrontDeskHomePage.FrontdeskLandingPage.verify_InspectRColorCode(FrontdeskLandingPage.java:507)
	at com.hms.hotelogix.automationframework.tests.admin.RoomsManager.DisplayColors.DisplayColorsTest.HMS7941(DisplayColorsTest.java:850)
... Removed 28 stack frames]]>
    </failure>
  </testcase> <!-- HMS7941 -->
  <testcase name="HMS7942" time="53.996" classname="com.hms.hotelogix.automationframework.tests.admin.RoomsManager.DisplayColors.DisplayColorsTest">
    <failure type="java.lang.AssertionError" message="expected [true] but found [false]">
      <![CDATA[java.lang.AssertionError: expected [true] but found [false]
	at com.hms.hotelogix.automationframework.pages.Frontdesk.FrontDeskHomePage.FrontdeskLandingPage.verify_CleanRColorCode(FrontdeskLandingPage.java:540)
	at com.hms.hotelogix.automationframework.tests.admin.RoomsManager.DisplayColors.DisplayColorsTest.HMS7942(DisplayColorsTest.java:905)
... Removed 28 stack frames]]>
    </failure>
  </testcase> <!-- HMS7942 -->
  <testcase name="HMS7943" time="51.954" classname="com.hms.hotelogix.automationframework.tests.admin.RoomsManager.DisplayColors.DisplayColorsTest">
    <failure type="java.lang.AssertionError" message="expected [true] but found [false]">
      <![CDATA[java.lang.AssertionError: expected [true] but found [false]
	at com.hms.hotelogix.automationframework.pages.Frontdesk.FrontDeskHomePage.FrontdeskLandingPage.verify_RepairRColorCode(FrontdeskLandingPage.java:573)
	at com.hms.hotelogix.automationframework.tests.admin.RoomsManager.DisplayColors.DisplayColorsTest.HMS7943(DisplayColorsTest.java:958)
... Removed 28 stack frames]]>
    </failure>
  </testcase> <!-- HMS7943 -->
  <testcase name="HMS5904" time="109.778" classname="com.hms.hotelogix.automationframework.tests.admin.RoomsManager.DisplayColors.DisplayColorsTest">
    <failure type="org.openqa.selenium.WebDriverException" message="Element is not clickable at point (997.5, 24.066665649414062). Other element would receive the click: &amp;lt;div style=&amp;quot;z-index: 3; height: 913px; width: 1280px; display: block;&amp;quot; id=&amp;quot;PanelModalWait_mask&amp;quot; class=&amp;quot;mask&amp;quot;&amp;gt;&amp;lt;/div&amp;gt;
Command duration or timeout: 71 milliseconds
Build info: version: &amp;apos;2.53.0&amp;apos;, revision: &amp;apos;35ae25b1534ae328c771e0856c93e187490ca824&amp;apos;, time: &amp;apos;2016-03-15 10:43:46&amp;apos;
System info: host: &amp;apos;hms-update4&amp;apos;, ip: &amp;apos;192.168.2.115&amp;apos;, os.name: &amp;apos;Windows 7&amp;apos;, os.arch: &amp;apos;x86&amp;apos;, os.version: &amp;apos;6.1&amp;apos;, java.version: &amp;apos;1.8.0_65&amp;apos;
Driver info: org.openqa.selenium.firefox.FirefoxDriver
Capabilities [{applicationCacheEnabled=true, rotatable=false, handlesAlerts=true, databaseEnabled=true, version=40.0.3, platform=WINDOWS, nativeEvents=false, acceptSslCerts=true, webStorageEnabled=true, locationContextEnabled=true, browserName=firefox, takesScreenshot=true, javascriptEnabled=true, cssSelectorsEnabled=true}]
Session ID: 59eed3c8-399d-434f-b613-e6defe5a2edd">
      <![CDATA[org.openqa.selenium.WebDriverException: Element is not clickable at point (997.5, 24.066665649414062). Other element would receive the click: <div style="z-index: 3; height: 913px; width: 1280px; display: block;" id="PanelModalWait_mask" class="mask"></div>
Command duration or timeout: 71 milliseconds
Build info: version: '2.53.0', revision: '35ae25b1534ae328c771e0856c93e187490ca824', time: '2016-03-15 10:43:46'
System info: host: 'hms-update4', ip: '192.168.2.115', os.name: 'Windows 7', os.arch: 'x86', os.version: '6.1', java.version: '1.8.0_65'
Driver info: org.openqa.selenium.firefox.FirefoxDriver
Capabilities [{applicationCacheEnabled=true, rotatable=false, handlesAlerts=true, databaseEnabled=true, version=40.0.3, platform=WINDOWS, nativeEvents=false, acceptSslCerts=true, webStorageEnabled=true, locationContextEnabled=true, browserName=firefox, takesScreenshot=true, javascriptEnabled=true, cssSelectorsEnabled=true}]
Session ID: 59eed3c8-399d-434f-b613-e6defe5a2edd
	at org.openqa.selenium.remote.ErrorHandler.createThrowable(ErrorHandler.java:206)
	at org.openqa.selenium.remote.ErrorHandler.throwIfResponseFailed(ErrorHandler.java:158)
	at org.openqa.selenium.remote.RemoteWebDriver.execute(RemoteWebDriver.java:678)
	at org.openqa.selenium.remote.RemoteWebElement.execute(RemoteWebElement.java:327)
	at org.openqa.selenium.remote.RemoteWebElement.click(RemoteWebElement.java:85)
	at org.openqa.selenium.support.pagefactory.internal.LocatingElementHandler.invoke(LocatingElementHandler.java:51)
	at com.sun.proxy.$Proxy7.click(Unknown Source)
	at com.hms.hotelogix.automationframework.pages.GenericMethod.GenericClass.clickElement(GenericClass.java:421)
	at com.hms.hotelogix.automationframework.pages.Web.WebConsole.WebReservationHomePage.fn_NavigateToTAConsole(WebReservationHomePage.java:53)
	at com.hms.hotelogix.automationframework.tests.admin.RoomsManager.DisplayColors.DisplayColorsTest.HMS5904(DisplayColorsTest.java:1089)
... Removed 31 stack frames]]>
    </failure>
  </testcase> <!-- HMS5904 -->
  <testcase name="HMS7945" time="105.248" classname="com.hms.hotelogix.automationframework.tests.admin.RoomsManager.DisplayColors.DisplayColorsTest">
    <failure type="org.openqa.selenium.UnhandledAlertException" message="Unexpected modal dialog (text: Please Enter Company Name): Please Enter Company Name
Build info: version: &amp;apos;2.53.0&amp;apos;, revision: &amp;apos;35ae25b1534ae328c771e0856c93e187490ca824&amp;apos;, time: &amp;apos;2016-03-15 10:43:46&amp;apos;
System info: host: &amp;apos;hms-update4&amp;apos;, ip: &amp;apos;192.168.2.115&amp;apos;, os.name: &amp;apos;Windows 7&amp;apos;, os.arch: &amp;apos;x86&amp;apos;, os.version: &amp;apos;6.1&amp;apos;, java.version: &amp;apos;1.8.0_65&amp;apos;
Driver info: org.openqa.selenium.firefox.FirefoxDriver
Capabilities [{applicationCacheEnabled=true, rotatable=false, handlesAlerts=true, databaseEnabled=true, version=40.0.3, platform=WINDOWS, nativeEvents=false, acceptSslCerts=true, webStorageEnabled=true, locationContextEnabled=true, browserName=firefox, takesScreenshot=true, javascriptEnabled=true, cssSelectorsEnabled=true}]
Session ID: f2ebfe65-d02b-493c-9b5c-aeacdd8468cb
*** Element info: {Using=css selector, value=div.rs-new}">
      <![CDATA[org.openqa.selenium.UnhandledAlertException: Unexpected modal dialog (text: Please Enter Company Name): Please Enter Company Name
Build info: version: '2.53.0', revision: '35ae25b1534ae328c771e0856c93e187490ca824', time: '2016-03-15 10:43:46'
System info: host: 'hms-update4', ip: '192.168.2.115', os.name: 'Windows 7', os.arch: 'x86', os.version: '6.1', java.version: '1.8.0_65'
Driver info: org.openqa.selenium.firefox.FirefoxDriver
Capabilities [{applicationCacheEnabled=true, rotatable=false, handlesAlerts=true, databaseEnabled=true, version=40.0.3, platform=WINDOWS, nativeEvents=false, acceptSslCerts=true, webStorageEnabled=true, locationContextEnabled=true, browserName=firefox, takesScreenshot=true, javascriptEnabled=true, cssSelectorsEnabled=true}]
Session ID: f2ebfe65-d02b-493c-9b5c-aeacdd8468cb
*** Element info: {Using=css selector, value=div.rs-new}
	at org.openqa.selenium.remote.ErrorHandler.createThrowable(ErrorHandler.java:206)
	at org.openqa.selenium.remote.ErrorHandler.createUnhandledAlertException(ErrorHandler.java:187)
	at org.openqa.selenium.remote.ErrorHandler.throwIfResponseFailed(ErrorHandler.java:154)
	at org.openqa.selenium.remote.RemoteWebDriver.execute(RemoteWebDriver.java:678)
	at org.openqa.selenium.remote.RemoteWebDriver.findElement(RemoteWebDriver.java:363)
	at org.openqa.selenium.remote.RemoteWebDriver.findElementByCssSelector(RemoteWebDriver.java:492)
	at org.openqa.selenium.By$ByCssSelector.findElement(By.java:430)
	at org.openqa.selenium.remote.RemoteWebDriver.findElement(RemoteWebDriver.java:355)
	at com.hms.hotelogix.automationframework.pages.Frontdesk.FrontDeskHomePage.FrontdeskLandingPage.fn_verifyReservation(FrontdeskLandingPage.java:1099)
	at com.hms.hotelogix.automationframework.tests.admin.RoomsManager.DisplayColors.DisplayColorsTest.HMS7945(DisplayColorsTest.java:1166)
... Removed 28 stack frames]]>
    </failure>
  </testcase> <!-- HMS7945 -->
  <testcase name="HMS7946" time="123.313" classname="com.hms.hotelogix.automationframework.tests.admin.RoomsManager.DisplayColors.DisplayColorsTest">
    <failure type="java.lang.ArrayIndexOutOfBoundsException" message="3">
      <![CDATA[java.lang.ArrayIndexOutOfBoundsException: 3
	at com.hms.hotelogix.automationframework.pages.Web.WebConsole.WebConfirmReservationPrintPage.fn_GetReservID(WebConfirmReservationPrintPage.java:20)
	at com.hms.hotelogix.automationframework.tests.admin.RoomsManager.DisplayColors.DisplayColorsTest.HMS7946(DisplayColorsTest.java:1248)
... Removed 24 stack frames]]>
    </failure>
  </testcase> <!-- HMS7946 -->
  <testcase name="HMS7947" time="100.44" classname="com.hms.hotelogix.automationframework.tests.admin.RoomsManager.DisplayColors.DisplayColorsTest">
    <failure type="org.openqa.selenium.UnhandledAlertException" message="Unexpected modal dialog (text: Please enter phone number.): Please enter phone number.
Build info: version: &amp;apos;2.53.0&amp;apos;, revision: &amp;apos;35ae25b1534ae328c771e0856c93e187490ca824&amp;apos;, time: &amp;apos;2016-03-15 10:43:46&amp;apos;
System info: host: &amp;apos;hms-update4&amp;apos;, ip: &amp;apos;192.168.2.115&amp;apos;, os.name: &amp;apos;Windows 7&amp;apos;, os.arch: &amp;apos;x86&amp;apos;, os.version: &amp;apos;6.1&amp;apos;, java.version: &amp;apos;1.8.0_65&amp;apos;
Driver info: org.openqa.selenium.firefox.FirefoxDriver
Capabilities [{applicationCacheEnabled=true, rotatable=false, handlesAlerts=true, databaseEnabled=true, version=40.0.3, platform=WINDOWS, nativeEvents=false, acceptSslCerts=true, webStorageEnabled=true, locationContextEnabled=true, browserName=firefox, takesScreenshot=true, javascriptEnabled=true, cssSelectorsEnabled=true}]
Session ID: 0f008780-6484-4df4-b836-481292a419cf
*** Element info: {Using=css selector, value=div.rs-new}">
      <![CDATA[org.openqa.selenium.UnhandledAlertException: Unexpected modal dialog (text: Please enter phone number.): Please enter phone number.
Build info: version: '2.53.0', revision: '35ae25b1534ae328c771e0856c93e187490ca824', time: '2016-03-15 10:43:46'
System info: host: 'hms-update4', ip: '192.168.2.115', os.name: 'Windows 7', os.arch: 'x86', os.version: '6.1', java.version: '1.8.0_65'
Driver info: org.openqa.selenium.firefox.FirefoxDriver
Capabilities [{applicationCacheEnabled=true, rotatable=false, handlesAlerts=true, databaseEnabled=true, version=40.0.3, platform=WINDOWS, nativeEvents=false, acceptSslCerts=true, webStorageEnabled=true, locationContextEnabled=true, browserName=firefox, takesScreenshot=true, javascriptEnabled=true, cssSelectorsEnabled=true}]
Session ID: 0f008780-6484-4df4-b836-481292a419cf
*** Element info: {Using=css selector, value=div.rs-new}
	at org.openqa.selenium.remote.ErrorHandler.createThrowable(ErrorHandler.java:206)
	at org.openqa.selenium.remote.ErrorHandler.createUnhandledAlertException(ErrorHandler.java:187)
	at org.openqa.selenium.remote.ErrorHandler.throwIfResponseFailed(ErrorHandler.java:154)
	at org.openqa.selenium.remote.RemoteWebDriver.execute(RemoteWebDriver.java:678)
	at org.openqa.selenium.remote.RemoteWebDriver.findElement(RemoteWebDriver.java:363)
	at org.openqa.selenium.remote.RemoteWebDriver.findElementByCssSelector(RemoteWebDriver.java:492)
	at org.openqa.selenium.By$ByCssSelector.findElement(By.java:430)
	at org.openqa.selenium.remote.RemoteWebDriver.findElement(RemoteWebDriver.java:355)
	at com.hms.hotelogix.automationframework.pages.Frontdesk.FrontDeskHomePage.FrontdeskLandingPage.fn_verifyReservation(FrontdeskLandingPage.java:1099)
	at com.hms.hotelogix.automationframework.tests.admin.RoomsManager.DisplayColors.DisplayColorsTest.HMS7947(DisplayColorsTest.java:1312)
... Removed 28 stack frames]]>
    </failure>
  </testcase> <!-- HMS7947 -->
  <testcase name="HMS8932" time="90.806" classname="com.hms.hotelogix.automationframework.tests.admin.RoomsManager.DisplayColors.DisplayColorsTest">
    <failure type="org.openqa.selenium.UnhandledAlertException" message="Unexpected modal dialog (text: Please enter phone number.): Please enter phone number.
Build info: version: &amp;apos;2.53.0&amp;apos;, revision: &amp;apos;35ae25b1534ae328c771e0856c93e187490ca824&amp;apos;, time: &amp;apos;2016-03-15 10:43:46&amp;apos;
System info: host: &amp;apos;hms-update4&amp;apos;, ip: &amp;apos;192.168.2.115&amp;apos;, os.name: &amp;apos;Windows 7&amp;apos;, os.arch: &amp;apos;x86&amp;apos;, os.version: &amp;apos;6.1&amp;apos;, java.version: &amp;apos;1.8.0_65&amp;apos;
Driver info: org.openqa.selenium.firefox.FirefoxDriver
Capabilities [{applicationCacheEnabled=true, rotatable=false, handlesAlerts=true, databaseEnabled=true, version=40.0.3, platform=WINDOWS, nativeEvents=false, acceptSslCerts=true, webStorageEnabled=true, locationContextEnabled=true, browserName=firefox, takesScreenshot=true, javascriptEnabled=true, cssSelectorsEnabled=true}]
Session ID: 806ae99f-df3d-48a1-b9fc-2633c684c435
*** Element info: {Using=css selector, value=div.rs-new}">
      <![CDATA[org.openqa.selenium.UnhandledAlertException: Unexpected modal dialog (text: Please enter phone number.): Please enter phone number.
Build info: version: '2.53.0', revision: '35ae25b1534ae328c771e0856c93e187490ca824', time: '2016-03-15 10:43:46'
System info: host: 'hms-update4', ip: '192.168.2.115', os.name: 'Windows 7', os.arch: 'x86', os.version: '6.1', java.version: '1.8.0_65'
Driver info: org.openqa.selenium.firefox.FirefoxDriver
Capabilities [{applicationCacheEnabled=true, rotatable=false, handlesAlerts=true, databaseEnabled=true, version=40.0.3, platform=WINDOWS, nativeEvents=false, acceptSslCerts=true, webStorageEnabled=true, locationContextEnabled=true, browserName=firefox, takesScreenshot=true, javascriptEnabled=true, cssSelectorsEnabled=true}]
Session ID: 806ae99f-df3d-48a1-b9fc-2633c684c435
*** Element info: {Using=css selector, value=div.rs-new}
	at org.openqa.selenium.remote.ErrorHandler.createThrowable(ErrorHandler.java:206)
	at org.openqa.selenium.remote.ErrorHandler.createUnhandledAlertException(ErrorHandler.java:187)
	at org.openqa.selenium.remote.ErrorHandler.throwIfResponseFailed(ErrorHandler.java:154)
	at org.openqa.selenium.remote.RemoteWebDriver.execute(RemoteWebDriver.java:678)
	at org.openqa.selenium.remote.RemoteWebDriver.findElement(RemoteWebDriver.java:363)
	at org.openqa.selenium.remote.RemoteWebDriver.findElementByCssSelector(RemoteWebDriver.java:492)
	at org.openqa.selenium.By$ByCssSelector.findElement(By.java:430)
	at org.openqa.selenium.remote.RemoteWebDriver.findElement(RemoteWebDriver.java:355)
	at com.hms.hotelogix.automationframework.pages.Frontdesk.FrontDeskHomePage.FrontdeskLandingPage.fn_verifyReservedAssigned(FrontdeskLandingPage.java:1480)
	at com.hms.hotelogix.automationframework.tests.admin.RoomsManager.DisplayColors.DisplayColorsTest.HMS8932(DisplayColorsTest.java:1445)
... Removed 28 stack frames]]>
    </failure>
  </testcase> <!-- HMS8932 -->
</testsuite> <!-- Test(failed) -->
